

================================================================
== Vitis HLS Report for 'FFT'
================================================================
* Date:           Mon Mar  4 11:09:15 2024

* Version:        2022.1 (Build 3526262 on Mon Apr 18 15:47:01 MDT 2022)
* Project:        hls_ip
* Solution:       solution1 (Vivado IP Flow Target)
* Product family: zynq
* Target device:  xc7z020-clg400-1


================================================================
== Performance Estimates
================================================================
+ Timing: 
    * Summary: 
    +--------+---------+-----------+------------+
    |  Clock |  Target | Estimated | Uncertainty|
    +--------+---------+-----------+------------+
    |ap_clk  |  0.10 us|  63.415 ns|    27.00 ns|
    +--------+---------+-----------+------------+

+ Latency: 
    * Summary: 
    +---------+---------+----------+-----------+-----+--------+---------+
    |  Latency (cycles) |  Latency (absolute)  |   Interval   | Pipeline|
    |   min   |   max   |    min   |    max    | min |   max  |   Type  |
    +---------+---------+----------+-----------+-----+--------+---------+
    |       19|   170875|  1.900 us|  17.087 ms|   19|  170875|       no|
    +---------+---------+----------+-----------+-----+--------+---------+

    + Detail: 
        * Instance: 
        N/A

        * Loop: 
        +-----------------------+---------+---------+-----------+-----------+-----------+--------+----------+
        |                       |  Latency (cycles) | Iteration |  Initiation Interval  |  Trip  |          |
        |       Loop Name       |   min   |   max   |  Latency  |  achieved |   target  |  Count | Pipelined|
        +-----------------------+---------+---------+-----------+-----------+-----------+--------+----------+
        |- VITIS_LOOP_953_1     |       18|   170874|  2 ~ 18986|          -|          -|       9|        no|
        | + VITIS_LOOP_959_2    |        0|    18984|    3 ~ 339|          -|          -|  0 ~ 56|        no|
        |  ++ VITIS_LOOP_968_3  |        0|      336|          6|          -|          -|  0 ~ 56|        no|
        +-----------------------+---------+---------+-----------+-----------+-----------+--------+----------+



================================================================
== Utilization Estimates
================================================================
* Summary: 
+-----------------+---------+-----+--------+-------+-----+
|       Name      | BRAM_18K| DSP |   FF   |  LUT  | URAM|
+-----------------+---------+-----+--------+-------+-----+
|DSP              |        -|    -|       -|      -|    -|
|Expression       |        -|    -|       0|    421|    -|
|FIFO             |        -|    -|       -|      -|    -|
|Instance         |        -|   56|    2392|   6444|    -|
|Memory           |        8|    -|       0|      0|    -|
|Multiplexer      |        -|    -|       -|    265|    -|
|Register         |        -|    -|     856|      -|    -|
+-----------------+---------+-----+--------+-------+-----+
|Total            |        8|   56|    3248|   7130|    0|
+-----------------+---------+-----+--------+-------+-----+
|Available        |      280|  220|  106400|  53200|    0|
+-----------------+---------+-----+--------+-------+-----+
|Utilization (%)  |        2|   25|       3|     13|    0|
+-----------------+---------+-----+--------+-------+-----+

+ Detail: 
    * Instance: 
    +----------------------------------------+------------------------------------+---------+----+-----+------+-----+
    |                Instance                |               Module               | BRAM_18K| DSP|  FF |  LUT | URAM|
    +----------------------------------------+------------------------------------+---------+----+-----+------+-----+
    |dadd_64ns_64ns_64_2_full_dsp_1_U88      |dadd_64ns_64ns_64_2_full_dsp_1      |        0|   3|  342|  1065|    0|
    |dadddsub_64ns_64ns_64_2_full_dsp_1_U87  |dadddsub_64ns_64ns_64_2_full_dsp_1  |        0|   3|  342|  1065|    0|
    |dmul_64ns_64ns_64_2_max_dsp_1_U91       |dmul_64ns_64ns_64_2_max_dsp_1       |        0|  11|  256|   546|    0|
    |dmul_64ns_64ns_64_2_max_dsp_1_U92       |dmul_64ns_64ns_64_2_max_dsp_1       |        0|  11|  256|   546|    0|
    |dmul_64ns_64ns_64_2_max_dsp_1_U93       |dmul_64ns_64ns_64_2_max_dsp_1       |        0|  11|  256|   546|    0|
    |dmul_64ns_64ns_64_2_max_dsp_1_U94       |dmul_64ns_64ns_64_2_max_dsp_1       |        0|  11|  256|   546|    0|
    |dsub_64ns_64ns_64_2_full_dsp_1_U89      |dsub_64ns_64ns_64_2_full_dsp_1      |        0|   3|  342|  1065|    0|
    |dsub_64ns_64ns_64_2_full_dsp_1_U90      |dsub_64ns_64ns_64_2_full_dsp_1      |        0|   3|  342|  1065|    0|
    +----------------------------------------+------------------------------------+---------+----+-----+------+-----+
    |Total                                   |                                    |        0|  56| 2392|  6444|    0|
    +----------------------------------------+------------------------------------+---------+----+-----+------+-----+

    * DSP: 
    N/A

    * Memory: 
    +--------------+----------------------------+---------+---+----+-----+------+-----+------+-------------+
    |    Memory    |           Module           | BRAM_18K| FF| LUT| URAM| Words| Bits| Banks| W*Bits*Banks|
    +--------------+----------------------------+---------+---+----+-----+------+-----+------+-------------+
    |fpr_gm_tab_U  |FFT_fpr_gm_tab_ROM_AUTO_1R  |        8|  0|   0|    0|  2048|   64|     1|       131072|
    +--------------+----------------------------+---------+---+----+-----+------+-----+------+-------------+
    |Total         |                            |        8|  0|   0|    0|  2048|   64|     1|       131072|
    +--------------+----------------------------+---------+---+----+-----+------+-----+------+-------------+

    * FIFO: 
    N/A

    * Expression: 
    +----------------------+----------+----+---+----+------------+------------+
    |     Variable Name    | Operation| DSP| FF| LUT| Bitwidth P0| Bitwidth P1|
    +----------------------+----------+----+---+----+------------+------------+
    |add_ln959_fu_417_p2   |         +|   0|  0|  71|          64|          64|
    |add_ln965_fu_316_p2   |         +|   0|  0|  13|          10|          10|
    |add_ln974_fu_380_p2   |         +|   0|  0|  13|          10|          10|
    |i1_4_fu_306_p2        |         +|   0|  0|  70|          63|           1|
    |j1_fu_411_p2          |         +|   0|  0|  71|          64|          64|
    |j_14_fu_401_p2        |         +|   0|  0|  71|          64|           1|
    |u_fu_345_p2           |         +|   0|  0|  13|           4|           1|
    |icmp_ln953_fu_263_p2  |      icmp|   0|  0|   9|           4|           4|
    |icmp_ln959_fu_301_p2  |      icmp|   0|  0|  28|          63|          63|
    |icmp_ln968_fu_370_p2  |      icmp|   0|  0|  29|          64|          64|
    |or_ln966_fu_334_p2    |        or|   0|  0|  11|          11|           1|
    |xor_ln973_fu_423_p2   |       xor|   0|  0|  11|          10|          11|
    |xor_ln975_fu_390_p2   |       xor|   0|  0|  11|          11|          10|
    +----------------------+----------+----+---+----+------------+------------+
    |Total                 |          |   0|  0| 421|         442|         304|
    +----------------------+----------+----+---+----+------------+------------+

    * Multiplexer: 
    +--------------------+----+-----------+-----+-----------+
    |        Name        | LUT| Input Size| Bits| Total Bits|
    +--------------------+----+-----------+-----+-----------+
    |ap_NS_fsm           |  59|         11|    1|         11|
    |f_address0          |  25|          5|   10|         50|
    |f_address1          |  20|          4|   10|         40|
    |f_d0                |  14|          3|   64|        192|
    |f_d1                |  14|          3|   64|        192|
    |grp_fu_173_opcode   |  14|          3|    2|          6|
    |grp_fu_173_p0       |  14|          3|   64|        192|
    |grp_fu_173_p1       |  14|          3|   64|        192|
    |grp_fu_177_p0       |  14|          3|   64|        192|
    |grp_fu_177_p1       |  14|          3|   64|        192|
    |i1_reg_151          |   9|          2|   63|        126|
    |indvars_iv_reg_129  |   9|          2|   64|        128|
    |j1_13_reg_139       |   9|          2|   64|        128|
    |j_02_reg_162        |   9|          2|   64|        128|
    |m_08_fu_52          |   9|          2|   63|        126|
    |t_fu_56             |   9|          2|   10|         20|
    |u_010_fu_60         |   9|          2|    4|          8|
    +--------------------+----+-----------+-----+-----------+
    |Total               | 265|         55|  739|       1923|
    +--------------------+----+-----------+-----+-----------+

    * Register: 
    +---------------------+----+----+-----+-----------+
    |         Name        | FF | LUT| Bits| Const Bits|
    +---------------------+----+----+-----+-----------+
    |ap_CS_fsm            |  10|   0|   10|          0|
    |f_addr_11_reg_549    |  10|   0|   10|          0|
    |f_addr_12_reg_524    |  10|   0|   10|          0|
    |f_addr_13_reg_529    |  10|   0|   10|          0|
    |f_addr_reg_514       |  10|   0|   10|          0|
    |fpct_im_6_reg_591    |  64|   0|   64|          0|
    |fpct_re_6_reg_586    |  64|   0|   64|          0|
    |i1_4_reg_484         |  63|   0|   63|          0|
    |i1_reg_151           |  63|   0|   63|          0|
    |indvars_iv_reg_129   |  64|   0|   64|          0|
    |j1_13_reg_139        |  64|   0|   64|          0|
    |j_02_reg_162         |  64|   0|   64|          0|
    |j_14_reg_534         |  64|   0|   64|          0|
    |m_08_fu_52           |  63|   0|   64|          1|
    |s_im_reg_505         |  64|   0|   64|          0|
    |s_re_reg_499         |  64|   0|   64|          0|
    |t_fu_56              |  10|   0|   10|          0|
    |trunc_ln965_reg_476  |   9|   0|   10|          1|
    |trunc_ln968_reg_519  |  10|   0|   10|          0|
    |trunc_ln_reg_471     |  63|   0|   63|          0|
    |u_010_fu_60          |   4|   0|    4|          0|
    |zext_ln957_reg_460   |   9|   0|   10|          1|
    +---------------------+----+----+-----+-----------+
    |Total                | 856|   0|  859|          3|
    +---------------------+----+----+-----+-----------+



================================================================
== Interface
================================================================
* Summary: 
+------------+-----+-----+------------+--------------+--------------+
|  RTL Ports | Dir | Bits|  Protocol  | Source Object|    C Type    |
+------------+-----+-----+------------+--------------+--------------+
|ap_clk      |   in|    1|  ap_ctrl_hs|           FFT|  return value|
|ap_rst      |   in|    1|  ap_ctrl_hs|           FFT|  return value|
|ap_start    |   in|    1|  ap_ctrl_hs|           FFT|  return value|
|ap_done     |  out|    1|  ap_ctrl_hs|           FFT|  return value|
|ap_idle     |  out|    1|  ap_ctrl_hs|           FFT|  return value|
|ap_ready    |  out|    1|  ap_ctrl_hs|           FFT|  return value|
|f_address0  |  out|   10|   ap_memory|             f|         array|
|f_ce0       |  out|    1|   ap_memory|             f|         array|
|f_we0       |  out|    1|   ap_memory|             f|         array|
|f_d0        |  out|   64|   ap_memory|             f|         array|
|f_q0        |   in|   64|   ap_memory|             f|         array|
|f_address1  |  out|   10|   ap_memory|             f|         array|
|f_ce1       |  out|    1|   ap_memory|             f|         array|
|f_we1       |  out|    1|   ap_memory|             f|         array|
|f_d1        |  out|   64|   ap_memory|             f|         array|
|f_q1        |   in|   64|   ap_memory|             f|         array|
+------------+-----+-----+------------+--------------+--------------+

