

================================================================
== Vitis HLS Report for 'fpr_of'
================================================================
* Date:           Mon Mar  4 11:09:15 2024

* Version:        2022.1 (Build 3526262 on Mon Apr 18 15:47:01 MDT 2022)
* Project:        hls_ip
* Solution:       solution1 (Vivado IP Flow Target)
* Product family: zynq
* Target device:  xc7z020-clg400-1


================================================================
== Performance Estimates
================================================================
+ Timing: 
    * Summary: 
    +--------+---------+-----------+------------+
    |  Clock |  Target | Estimated | Uncertainty|
    +--------+---------+-----------+------------+
    |ap_clk  |  0.10 us|  19.697 ns|    27.00 ns|
    +--------+---------+-----------+------------+

+ Latency: 
    * Summary: 
    +---------+---------+----------+----------+-----+-----+---------+
    |  Latency (cycles) |  Latency (absolute) |  Interval | Pipeline|
    |   min   |   max   |    min   |    max   | min | max |   Type  |
    +---------+---------+----------+----------+-----+-----+---------+
    |        1|        1|  0.100 us|  0.100 us|    1|    1|       no|
    +---------+---------+----------+----------+-----+-----+---------+

    + Detail: 
        * Instance: 
        N/A

        * Loop: 
        N/A



================================================================
== Utilization Estimates
================================================================
* Summary: 
+-----------------+---------+-----+--------+-------+-----+
|       Name      | BRAM_18K| DSP |   FF   |  LUT  | URAM|
+-----------------+---------+-----+--------+-------+-----+
|DSP              |        -|    -|       -|      -|    -|
|Expression       |        -|    -|       -|      -|    -|
|FIFO             |        -|    -|       -|      -|    -|
|Instance         |        -|    -|       -|      -|    -|
|Memory           |        -|    -|       -|      -|    -|
|Multiplexer      |        -|    -|       -|     23|    -|
|Register         |        -|    -|      66|      -|    -|
+-----------------+---------+-----+--------+-------+-----+
|Total            |        0|    0|      66|     23|    0|
+-----------------+---------+-----+--------+-------+-----+
|Available        |      280|  220|  106400|  53200|    0|
+-----------------+---------+-----+--------+-------+-----+
|Utilization (%)  |        0|    0|      ~0|     ~0|    0|
+-----------------+---------+-----+--------+-------+-----+

+ Detail: 
    * Instance: 
    +-------------------------------+---------------------------+---------+----+---+----+-----+
    |            Instance           |           Module          | BRAM_18K| DSP| FF| LUT| URAM|
    +-------------------------------+---------------------------+---------+----+---+----+-----+
    |sitodp_64ns_64_2_no_dsp_1_U84  |sitodp_64ns_64_2_no_dsp_1  |        0|   0|  0|   0|    0|
    +-------------------------------+---------------------------+---------+----+---+----+-----+
    |Total                          |                           |        0|   0|  0|   0|    0|
    +-------------------------------+---------------------------+---------+----+---+----+-----+

    * DSP: 
    N/A

    * Memory: 
    N/A

    * FIFO: 
    N/A

    * Expression: 
    N/A

    * Multiplexer: 
    +-----------+----+-----------+-----+-----------+
    |    Name   | LUT| Input Size| Bits| Total Bits|
    +-----------+----+-----------+-----+-----------+
    |ap_NS_fsm  |  14|          3|    1|          3|
    |ap_return  |   9|          2|   64|        128|
    +-----------+----+-----------+-----+-----------+
    |Total      |  23|          5|   65|        131|
    +-----------+----+-----------+-----+-----------+

    * Register: 
    +----------------+----+----+-----+-----------+
    |      Name      | FF | LUT| Bits| Const Bits|
    +----------------+----+----+-----+-----------+
    |ap_CS_fsm       |   2|   0|    2|          0|
    |ap_return_preg  |  64|   0|   64|          0|
    +----------------+----+----+-----+-----------+
    |Total           |  66|   0|   66|          0|
    +----------------+----+----+-----+-----------+



================================================================
== Interface
================================================================
* Summary: 
+-----------+-----+-----+------------+--------------+--------------+
| RTL Ports | Dir | Bits|  Protocol  | Source Object|    C Type    |
+-----------+-----+-----+------------+--------------+--------------+
|ap_clk     |   in|    1|  ap_ctrl_hs|        fpr_of|  return value|
|ap_rst     |   in|    1|  ap_ctrl_hs|        fpr_of|  return value|
|ap_start   |   in|    1|  ap_ctrl_hs|        fpr_of|  return value|
|ap_done    |  out|    1|  ap_ctrl_hs|        fpr_of|  return value|
|ap_idle    |  out|    1|  ap_ctrl_hs|        fpr_of|  return value|
|ap_ready   |  out|    1|  ap_ctrl_hs|        fpr_of|  return value|
|ap_return  |  out|   64|  ap_ctrl_hs|        fpr_of|  return value|
|i          |   in|   64|     ap_none|             i|        scalar|
+-----------+-----+-----+------------+--------------+--------------+

