

================================================================
== Vitis HLS Report for 'get_rng_u64_82_101'
================================================================
* Date:           Mon Mar  4 11:09:14 2024

* Version:        2022.1 (Build 3526262 on Mon Apr 18 15:47:01 MDT 2022)
* Project:        hls_ip
* Solution:       solution1 (Vivado IP Flow Target)
* Product family: zynq
* Target device:  xc7z020-clg400-1


================================================================
== Performance Estimates
================================================================
+ Timing: 
    * Summary: 
    +--------+---------+-----------+------------+
    |  Clock |  Target | Estimated | Uncertainty|
    +--------+---------+-----------+------------+
    |ap_clk  |  0.10 us|  13.084 ns|    27.00 ns|
    +--------+---------+-----------+------------+

+ Latency: 
    * Summary: 
    +---------+---------+----------+-----------+-----+-----+---------+
    |  Latency (cycles) |  Latency (absolute)  |  Interval | Pipeline|
    |   min   |   max   |    min   |    max    | min | max |   Type  |
    +---------+---------+----------+-----------+-----+-----+---------+
    |       10|      195|  1.000 us|  19.500 us|   10|  195|       no|
    +---------+---------+----------+-----------+-----+-----+---------+

    + Detail: 
        * Instance: 
        +----------------------------------+-----------------------+---------+---------+----------+----------+-----+-----+---------+
        |                                  |                       |  Latency (cycles) |  Latency (absolute) |  Interval | Pipeline|
        |             Instance             |         Module        |   min   |   max   |    min   |    max   | min | max |   Type  |
        +----------------------------------+-----------------------+---------+---------+----------+----------+-----+-----+---------+
        |grp_process_block_111_112_fu_512  |process_block_111_112  |       49|       49|  4.900 us|  4.900 us|   49|   49|       no|
        +----------------------------------+-----------------------+---------+---------+----------+----------+-----+-----+---------+

        * Loop: 
        +---------------------+---------+---------+----------+-----------+-----------+---------+----------+
        |                     |  Latency (cycles) | Iteration|  Initiation Interval  |   Trip  |          |
        |      Loop Name      |   min   |   max   |  Latency |  achieved |   target  |  Count  | Pipelined|
        +---------------------+---------+---------+----------+-----------+-----------+---------+----------+
        |- VITIS_LOOP_846_1   |        4|      189|   4 ~ 189|          -|          -|        1|        no|
        | + VITIS_LOOP_863_2  |        0|      135|         1|          -|          -|  1 ~ 136|        no|
        +---------------------+---------+---------+----------+-----------+-----------+---------+----------+



================================================================
== Utilization Estimates
================================================================
* Summary: 
+-----------------+---------+-----+--------+-------+-----+
|       Name      | BRAM_18K| DSP |   FF   |  LUT  | URAM|
+-----------------+---------+-----+--------+-------+-----+
|DSP              |        -|    -|       -|      -|    -|
|Expression       |        -|    -|       0|   1184|    -|
|FIFO             |        -|    -|       -|      -|    -|
|Instance         |        2|    -|    1608|   8453|    -|
|Memory           |        0|    -|      16|      1|    0|
|Multiplexer      |        -|    -|       -|    655|    -|
|Register         |        -|    -|    5692|      -|    -|
+-----------------+---------+-----+--------+-------+-----+
|Total            |        2|    0|    7316|  10293|    0|
+-----------------+---------+-----+--------+-------+-----+
|Available        |      280|  220|  106400|  53200|    0|
+-----------------+---------+-----+--------+-------+-----+
|Utilization (%)  |       ~0|    0|       6|     19|    0|
+-----------------+---------+-----+--------+-------+-----+

+ Detail: 
    * Instance: 
    +----------------------------------+-----------------------+---------+----+------+------+-----+
    |             Instance             |         Module        | BRAM_18K| DSP|  FF  |  LUT | URAM|
    +----------------------------------+-----------------------+---------+----+------+------+-----+
    |mux_2561_64_1_1_U27               |mux_2561_64_1_1        |        0|   0|     0|   113|    0|
    |grp_process_block_111_112_fu_512  |process_block_111_112  |        2|   0|  1608|  8340|    0|
    +----------------------------------+-----------------------+---------+----+------+------+-----+
    |Total                             |                       |        2|   0|  1608|  8453|    0|
    +----------------------------------+-----------------------+---------+----+------+------+-----+

    * DSP: 
    N/A

    * Memory: 
    +-------+--------------------------------------+---------+----+----+-----+------+-----+------+-------------+
    | Memory|                Module                | BRAM_18K| FF | LUT| URAM| Words| Bits| Banks| W*Bits*Banks|
    +-------+--------------------------------------+---------+----+----+-----+------+-----+------+-------------+
    |tmp_U  |get_rng_u64_82_101_tmp_RAM_AUTO_1R1W  |        0|  16|   1|    0|     8|    8|     1|           64|
    +-------+--------------------------------------+---------+----+----+-----+------+-----+------+-------------+
    |Total  |                                      |        0|  16|   1|    0|     8|    8|     1|           64|
    +-------+--------------------------------------+---------+----+----+-----+------+-----+------+-------------+

    * FIFO: 
    N/A

    * Expression: 
    +-------------------------+----------+----+---+-----+------------+------------+
    |      Variable Name      | Operation| DSP| FF| LUT | Bitwidth P0| Bitwidth P1|
    +-------------------------+----------+----+---+-----+------------+------------+
    |add_ln843_fu_1072_p2     |         +|   0|  0|   11|           3|           3|
    |add_ln863_1_fu_1211_p2   |         +|   0|  0|   71|          64|          64|
    |add_ln863_2_fu_1224_p2   |         +|   0|  0|   64|          64|           2|
    |add_ln863_fu_1194_p2     |         +|   0|  0|   71|          64|           9|
    |add_ln865_fu_1176_p2     |         +|   0|  0|   71|          64|           1|
    |clen_2_fu_1062_p2        |         +|   0|  0|   71|          64|           2|
    |dptr_5_fu_1182_p2        |         +|   0|  0|   71|          64|           1|
    |clen_fu_1026_p2          |         -|   0|  0|   71|           8|          64|
    |sub_ln862_fu_1044_p2     |         -|   0|  0|   71|          64|          64|
    |sub_ln863_fu_1230_p2     |         -|   0|  0|   64|          64|          64|
    |icmp_ln846_fu_789_p2     |      icmp|   0|  0|   29|          64|           1|
    |icmp_ln854_fu_795_p2     |      icmp|   0|  0|   29|          64|           8|
    |icmp_ln859_fu_1032_p2    |      icmp|   0|  0|   29|          64|          64|
    |icmp_ln863_1_fu_1188_p2  |      icmp|   0|  0|   29|          64|           1|
    |icmp_ln863_2_fu_1205_p2  |      icmp|   0|  0|   29|          64|          64|
    |icmp_ln863_fu_1049_p2    |      icmp|   0|  0|   29|          64|           1|
    |lshr_ln865_fu_1165_p2    |      lshr|   0|  0|  182|          64|          64|
    |clen_1_fu_1037_p3        |    select|   0|  0|   64|           1|          64|
    |select_ln863_fu_1216_p3  |    select|   0|  0|   64|           1|          64|
    |xor_ln863_fu_1200_p2     |       xor|   0|  0|   64|          64|           2|
    +-------------------------+----------+----+---+-----+------------+------------+
    |Total                    |          |   0|  0| 1184|        1037|         607|
    +-------------------------+----------+----+---+-----+------------+------------+

    * Multiplexer: 
    +------------------------+----+-----------+-----+-----------+
    |          Name          | LUT| Input Size| Bits| Total Bits|
    +------------------------+----+-----------+-----+-----------+
    |ap_NS_fsm               |  59|         11|    1|         11|
    |ap_return_0             |   9|          2|   64|        128|
    |ap_return_1             |   9|          2|   64|        128|
    |ap_return_10            |   9|          2|   64|        128|
    |ap_return_11            |   9|          2|   64|        128|
    |ap_return_12            |   9|          2|   64|        128|
    |ap_return_13            |   9|          2|   64|        128|
    |ap_return_14            |   9|          2|   64|        128|
    |ap_return_15            |   9|          2|   64|        128|
    |ap_return_16            |   9|          2|   64|        128|
    |ap_return_17            |   9|          2|   64|        128|
    |ap_return_18            |   9|          2|   64|        128|
    |ap_return_19            |   9|          2|   64|        128|
    |ap_return_2             |   9|          2|   64|        128|
    |ap_return_20            |   9|          2|   64|        128|
    |ap_return_21            |   9|          2|   64|        128|
    |ap_return_22            |   9|          2|   64|        128|
    |ap_return_23            |   9|          2|   64|        128|
    |ap_return_24            |   9|          2|   64|        128|
    |ap_return_25            |   9|          2|   64|        128|
    |ap_return_26            |   9|          2|   64|        128|
    |ap_return_3             |   9|          2|   64|        128|
    |ap_return_4             |   9|          2|   64|        128|
    |ap_return_5             |   9|          2|   64|        128|
    |ap_return_6             |   9|          2|   64|        128|
    |ap_return_7             |   9|          2|   64|        128|
    |ap_return_8             |   9|          2|   64|        128|
    |ap_return_9             |   9|          2|   64|        128|
    |dec5_i_in_reg_483       |   9|          2|   64|        128|
    |dptr_1_reg_492          |   9|          2|   64|        128|
    |dptr_2_fu_116           |   9|          2|   64|        128|
    |dptr_2_lcssa_i_reg_502  |   9|          2|   64|        128|
    |dptr_reg_460            |   9|          2|   64|        128|
    |indvars_iv_reg_472      |   9|          2|   64|        128|
    |len_assign_fu_108       |   9|          2|   64|        128|
    |out_assign_fu_112       |   9|          2|   64|        128|
    |rng_st_0_0_fu_216       |   9|          2|   64|        128|
    |rng_st_10_0_fu_176      |   9|          2|   64|        128|
    |rng_st_11_0_fu_172      |   9|          2|   64|        128|
    |rng_st_12_0_fu_168      |   9|          2|   64|        128|
    |rng_st_1316_0_fu_164    |   9|          2|   64|        128|
    |rng_st_14_0_fu_160      |   9|          2|   64|        128|
    |rng_st_15_0_fu_156      |   9|          2|   64|        128|
    |rng_st_16_0_fu_152      |   9|          2|   64|        128|
    |rng_st_17_0_fu_148      |   9|          2|   64|        128|
    |rng_st_18_0_fu_144      |   9|          2|   64|        128|
    |rng_st_19_0_fu_140      |   9|          2|   64|        128|
    |rng_st_1_0_fu_212       |   9|          2|   64|        128|
    |rng_st_20_0_fu_136      |   9|          2|   64|        128|
    |rng_st_21_0_fu_132      |   9|          2|   64|        128|
    |rng_st_22_0_fu_128      |   9|          2|   64|        128|
    |rng_st_23_0_fu_124      |   9|          2|   64|        128|
    |rng_st_24_0_fu_120      |   9|          2|   64|        128|
    |rng_st_2_0_fu_208       |   9|          2|   64|        128|
    |rng_st_3_0_fu_204       |   9|          2|   64|        128|
    |rng_st_4_0_fu_200       |   9|          2|   64|        128|
    |rng_st_5_0_fu_196       |   9|          2|   64|        128|
    |rng_st_6_0_fu_192       |   9|          2|   64|        128|
    |rng_st_7_0_fu_188       |   9|          2|   64|        128|
    |rng_st_8_0_fu_184       |   9|          2|   64|        128|
    |rng_st_9_0_fu_180       |   9|          2|   64|        128|
    |tmp_address0            |  31|          6|    3|         18|
    |tmp_address1            |  25|          5|    3|         15|
    +------------------------+----+-----------+-----+-----------+
    |Total                   | 655|        142| 3847|       7724|
    +------------------------+----+-----------+-----+-----------+

    * Register: 
    +-----------------------------------------------+----+----+-----+-----------+
    |                      Name                     | FF | LUT| Bits| Const Bits|
    +-----------------------------------------------+----+----+-----+-----------+
    |ap_CS_fsm                                      |  10|   0|   10|          0|
    |ap_return_0_preg                               |  64|   0|   64|          0|
    |ap_return_10_preg                              |  64|   0|   64|          0|
    |ap_return_11_preg                              |  64|   0|   64|          0|
    |ap_return_12_preg                              |  64|   0|   64|          0|
    |ap_return_13_preg                              |  64|   0|   64|          0|
    |ap_return_14_preg                              |  64|   0|   64|          0|
    |ap_return_15_preg                              |  64|   0|   64|          0|
    |ap_return_16_preg                              |  64|   0|   64|          0|
    |ap_return_17_preg                              |  64|   0|   64|          0|
    |ap_return_18_preg                              |  64|   0|   64|          0|
    |ap_return_19_preg                              |  64|   0|   64|          0|
    |ap_return_1_preg                               |  64|   0|   64|          0|
    |ap_return_20_preg                              |  64|   0|   64|          0|
    |ap_return_21_preg                              |  64|   0|   64|          0|
    |ap_return_22_preg                              |  64|   0|   64|          0|
    |ap_return_23_preg                              |  64|   0|   64|          0|
    |ap_return_24_preg                              |  64|   0|   64|          0|
    |ap_return_25_preg                              |  64|   0|   64|          0|
    |ap_return_26_preg                              |  64|   0|   64|          0|
    |ap_return_2_preg                               |  64|   0|   64|          0|
    |ap_return_3_preg                               |  64|   0|   64|          0|
    |ap_return_4_preg                               |  64|   0|   64|          0|
    |ap_return_5_preg                               |  64|   0|   64|          0|
    |ap_return_6_preg                               |  64|   0|   64|          0|
    |ap_return_7_preg                               |  64|   0|   64|          0|
    |ap_return_8_preg                               |  64|   0|   64|          0|
    |ap_return_9_preg                               |  64|   0|   64|          0|
    |clen_1_reg_1770                                |  64|   0|   64|          0|
    |dec5_i_in_reg_483                              |  64|   0|   64|          0|
    |dptr_1_reg_492                                 |  64|   0|   64|          0|
    |dptr_2_fu_116                                  |  64|   0|   64|          0|
    |dptr_2_lcssa_i_reg_502                         |  64|   0|   64|          0|
    |dptr_4_reg_1624                                |  64|   0|   64|          0|
    |dptr_reg_460                                   |  64|   0|   64|          0|
    |empty_398_reg_1813                             |   8|   0|    8|          0|
    |empty_399_reg_1828                             |   8|   0|    8|          0|
    |empty_400_reg_1833                             |   8|   0|    8|          0|
    |empty_401_reg_1848                             |   8|   0|    8|          0|
    |empty_402_reg_1853                             |   8|   0|    8|          0|
    |empty_reg_1808                                 |   8|   0|    8|          0|
    |grp_process_block_111_112_fu_512_ap_start_reg  |   1|   0|    1|          0|
    |icmp_ln863_reg_1781                            |   1|   0|    1|          0|
    |indvars_iv_reg_472                             |  64|   0|   64|          0|
    |len_assign_fu_108                              |  64|   0|   64|          0|
    |out_assign_fu_112                              |  64|   0|   64|          0|
    |rng_st_0_0_fu_216                              |  64|   0|   64|          0|
    |rng_st_0_0_load_1_reg_1755                     |  64|   0|   64|          0|
    |rng_st_10_0_fu_176                             |  64|   0|   64|          0|
    |rng_st_10_0_load_1_reg_1705                    |  64|   0|   64|          0|
    |rng_st_11_0_fu_172                             |  64|   0|   64|          0|
    |rng_st_11_0_load_1_reg_1700                    |  64|   0|   64|          0|
    |rng_st_12_0_fu_168                             |  64|   0|   64|          0|
    |rng_st_12_0_load_1_reg_1695                    |  64|   0|   64|          0|
    |rng_st_1316_0_fu_164                           |  64|   0|   64|          0|
    |rng_st_1316_0_load_1_reg_1690                  |  64|   0|   64|          0|
    |rng_st_14_0_fu_160                             |  64|   0|   64|          0|
    |rng_st_14_0_load_1_reg_1685                    |  64|   0|   64|          0|
    |rng_st_15_0_fu_156                             |  64|   0|   64|          0|
    |rng_st_15_0_load_1_reg_1680                    |  64|   0|   64|          0|
    |rng_st_16_0_fu_152                             |  64|   0|   64|          0|
    |rng_st_16_0_load_1_reg_1675                    |  64|   0|   64|          0|
    |rng_st_17_0_fu_148                             |  64|   0|   64|          0|
    |rng_st_17_0_load_1_reg_1670                    |  64|   0|   64|          0|
    |rng_st_18_0_fu_144                             |  64|   0|   64|          0|
    |rng_st_18_0_load_1_reg_1665                    |  64|   0|   64|          0|
    |rng_st_19_0_fu_140                             |  64|   0|   64|          0|
    |rng_st_19_0_load_1_reg_1660                    |  64|   0|   64|          0|
    |rng_st_1_0_fu_212                              |  64|   0|   64|          0|
    |rng_st_1_0_load_1_reg_1750                     |  64|   0|   64|          0|
    |rng_st_20_0_fu_136                             |  64|   0|   64|          0|
    |rng_st_20_0_load_1_reg_1655                    |  64|   0|   64|          0|
    |rng_st_21_0_fu_132                             |  64|   0|   64|          0|
    |rng_st_21_0_load_1_reg_1650                    |  64|   0|   64|          0|
    |rng_st_22_0_fu_128                             |  64|   0|   64|          0|
    |rng_st_22_0_load_1_reg_1645                    |  64|   0|   64|          0|
    |rng_st_23_0_fu_124                             |  64|   0|   64|          0|
    |rng_st_23_0_load_1_reg_1640                    |  64|   0|   64|          0|
    |rng_st_24_0_fu_120                             |  64|   0|   64|          0|
    |rng_st_24_0_load_1_reg_1635                    |  64|   0|   64|          0|
    |rng_st_2_0_fu_208                              |  64|   0|   64|          0|
    |rng_st_2_0_load_1_reg_1745                     |  64|   0|   64|          0|
    |rng_st_3_0_fu_204                              |  64|   0|   64|          0|
    |rng_st_3_0_load_1_reg_1740                     |  64|   0|   64|          0|
    |rng_st_4_0_fu_200                              |  64|   0|   64|          0|
    |rng_st_4_0_load_1_reg_1735                     |  64|   0|   64|          0|
    |rng_st_5_0_fu_196                              |  64|   0|   64|          0|
    |rng_st_5_0_load_1_reg_1730                     |  64|   0|   64|          0|
    |rng_st_6_0_fu_192                              |  64|   0|   64|          0|
    |rng_st_6_0_load_1_reg_1725                     |  64|   0|   64|          0|
    |rng_st_7_0_fu_188                              |  64|   0|   64|          0|
    |rng_st_7_0_load_1_reg_1720                     |  64|   0|   64|          0|
    |rng_st_8_0_fu_184                              |  64|   0|   64|          0|
    |rng_st_8_0_load_1_reg_1715                     |  64|   0|   64|          0|
    |rng_st_9_0_fu_180                              |  64|   0|   64|          0|
    |rng_st_9_0_load_1_reg_1710                     |  64|   0|   64|          0|
    |sub_ln862_reg_1776                             |  64|   0|   64|          0|
    +-----------------------------------------------+----+----+-----+-----------+
    |Total                                          |5692|   0| 5692|          0|
    +-----------------------------------------------+----+----+-----+-----------+



================================================================
== Interface
================================================================
* Summary: 
+---------------+-----+-----+------------+--------------------+--------------+
|   RTL Ports   | Dir | Bits|  Protocol  |    Source Object   |    C Type    |
+---------------+-----+-----+------------+--------------------+--------------+
|ap_clk         |   in|    1|  ap_ctrl_hs|  get_rng_u64.82.101|  return value|
|ap_rst         |   in|    1|  ap_ctrl_hs|  get_rng_u64.82.101|  return value|
|ap_start       |   in|    1|  ap_ctrl_hs|  get_rng_u64.82.101|  return value|
|ap_done        |  out|    1|  ap_ctrl_hs|  get_rng_u64.82.101|  return value|
|ap_idle        |  out|    1|  ap_ctrl_hs|  get_rng_u64.82.101|  return value|
|ap_ready       |  out|    1|  ap_ctrl_hs|  get_rng_u64.82.101|  return value|
|ap_return_0    |  out|   64|  ap_ctrl_hs|  get_rng_u64.82.101|  return value|
|ap_return_1    |  out|   64|  ap_ctrl_hs|  get_rng_u64.82.101|  return value|
|ap_return_2    |  out|   64|  ap_ctrl_hs|  get_rng_u64.82.101|  return value|
|ap_return_3    |  out|   64|  ap_ctrl_hs|  get_rng_u64.82.101|  return value|
|ap_return_4    |  out|   64|  ap_ctrl_hs|  get_rng_u64.82.101|  return value|
|ap_return_5    |  out|   64|  ap_ctrl_hs|  get_rng_u64.82.101|  return value|
|ap_return_6    |  out|   64|  ap_ctrl_hs|  get_rng_u64.82.101|  return value|
|ap_return_7    |  out|   64|  ap_ctrl_hs|  get_rng_u64.82.101|  return value|
|ap_return_8    |  out|   64|  ap_ctrl_hs|  get_rng_u64.82.101|  return value|
|ap_return_9    |  out|   64|  ap_ctrl_hs|  get_rng_u64.82.101|  return value|
|ap_return_10   |  out|   64|  ap_ctrl_hs|  get_rng_u64.82.101|  return value|
|ap_return_11   |  out|   64|  ap_ctrl_hs|  get_rng_u64.82.101|  return value|
|ap_return_12   |  out|   64|  ap_ctrl_hs|  get_rng_u64.82.101|  return value|
|ap_return_13   |  out|   64|  ap_ctrl_hs|  get_rng_u64.82.101|  return value|
|ap_return_14   |  out|   64|  ap_ctrl_hs|  get_rng_u64.82.101|  return value|
|ap_return_15   |  out|   64|  ap_ctrl_hs|  get_rng_u64.82.101|  return value|
|ap_return_16   |  out|   64|  ap_ctrl_hs|  get_rng_u64.82.101|  return value|
|ap_return_17   |  out|   64|  ap_ctrl_hs|  get_rng_u64.82.101|  return value|
|ap_return_18   |  out|   64|  ap_ctrl_hs|  get_rng_u64.82.101|  return value|
|ap_return_19   |  out|   64|  ap_ctrl_hs|  get_rng_u64.82.101|  return value|
|ap_return_20   |  out|   64|  ap_ctrl_hs|  get_rng_u64.82.101|  return value|
|ap_return_21   |  out|   64|  ap_ctrl_hs|  get_rng_u64.82.101|  return value|
|ap_return_22   |  out|   64|  ap_ctrl_hs|  get_rng_u64.82.101|  return value|
|ap_return_23   |  out|   64|  ap_ctrl_hs|  get_rng_u64.82.101|  return value|
|ap_return_24   |  out|   64|  ap_ctrl_hs|  get_rng_u64.82.101|  return value|
|ap_return_25   |  out|   64|  ap_ctrl_hs|  get_rng_u64.82.101|  return value|
|ap_return_26   |  out|   64|  ap_ctrl_hs|  get_rng_u64.82.101|  return value|
|p_read         |   in|   64|     ap_none|              p_read|        scalar|
|p_read1        |   in|   64|     ap_none|             p_read1|        scalar|
|p_read2        |   in|   64|     ap_none|             p_read2|        scalar|
|p_read3        |   in|   64|     ap_none|             p_read3|        scalar|
|p_read4        |   in|   64|     ap_none|             p_read4|        scalar|
|p_read5        |   in|   64|     ap_none|             p_read5|        scalar|
|p_read6        |   in|   64|     ap_none|             p_read6|        scalar|
|p_read7        |   in|   64|     ap_none|             p_read7|        scalar|
|p_read8        |   in|   64|     ap_none|             p_read8|        scalar|
|p_read9        |   in|   64|     ap_none|             p_read9|        scalar|
|p_read10       |   in|   64|     ap_none|            p_read10|        scalar|
|p_read11       |   in|   64|     ap_none|            p_read11|        scalar|
|p_read12       |   in|   64|     ap_none|            p_read12|        scalar|
|p_read13       |   in|   64|     ap_none|            p_read13|        scalar|
|p_read14       |   in|   64|     ap_none|            p_read14|        scalar|
|p_read15       |   in|   64|     ap_none|            p_read15|        scalar|
|p_read16       |   in|   64|     ap_none|            p_read16|        scalar|
|p_read17       |   in|   64|     ap_none|            p_read17|        scalar|
|p_read18       |   in|   64|     ap_none|            p_read18|        scalar|
|p_read19       |   in|   64|     ap_none|            p_read19|        scalar|
|p_read20       |   in|   64|     ap_none|            p_read20|        scalar|
|p_read21       |   in|   64|     ap_none|            p_read21|        scalar|
|p_read22       |   in|   64|     ap_none|            p_read22|        scalar|
|p_read23       |   in|   64|     ap_none|            p_read23|        scalar|
|p_read24       |   in|   64|     ap_none|            p_read24|        scalar|
|rng_dptr_read  |   in|   64|     ap_none|       rng_dptr_read|        scalar|
+---------------+-----+-----+------------+--------------------+--------------+

