

================================================================
== Vitis HLS Report for 'keygen'
================================================================
* Date:           Mon Mar  4 11:09:35 2024

* Version:        2022.1 (Build 3526262 on Mon Apr 18 15:47:01 MDT 2022)
* Project:        hls_ip
* Solution:       solution1 (Vivado IP Flow Target)
* Product family: zynq
* Target device:  xc7z020-clg400-1


================================================================
== Performance Estimates
================================================================
+ Timing: 
    * Summary: 
    +--------+---------+-----------+------------+
    |  Clock |  Target | Estimated | Uncertainty|
    +--------+---------+-----------+------------+
    |ap_clk  |  0.10 us|  73.000 ns|    27.00 ns|
    +--------+---------+-----------+------------+

+ Latency: 
    * Summary: 
    +---------+---------+----------+----------+-----+-----+---------+
    |  Latency (cycles) |  Latency (absolute) |  Interval | Pipeline|
    |   min   |   max   |    min   |    max   | min | max |   Type  |
    +---------+---------+----------+----------+-----+-----+---------+
    |        ?|        ?|         ?|         ?|    ?|    ?|       no|
    +---------+---------+----------+----------+-----+-----+---------+

    + Detail: 
        * Instance: 
        +--------------------------------+--------------------+---------+---------+----------+-----------+------+--------+---------+
        |                                |                    |  Latency (cycles) |  Latency (absolute)  |    Interval   | Pipeline|
        |            Instance            |       Module       |   min   |   max   |    min   |    max    |  min |   max  |   Type  |
        +--------------------------------+--------------------+---------+---------+----------+-----------+------+--------+---------+
        |grp_poly_small_mkgauss_fu_1282  |poly_small_mkgauss  |        0|        0|      0 ns|       0 ns|     0|       0|       no|
        |grp_fpr_of_fu_1317              |fpr_of              |        1|        1|  0.100 us|   0.100 us|     1|       1|       no|
        |grp_FFT_fu_1324                 |FFT                 |       19|   170875|  1.900 us|  17.087 ms|    19|  170875|       no|
        |grp_FFT_fu_1331                 |FFT                 |       19|   170875|  1.900 us|  17.087 ms|    19|  170875|       no|
        |grp_iFFT_fu_1338                |iFFT                |     3092|   127589|  0.309 ms|  12.759 ms|  3092|  127589|       no|
        |grp_iFFT_fu_1345                |iFFT                |     3092|   127589|  0.309 ms|  12.759 ms|  3092|  127589|       no|
        |grp_compute_public_1_fu_1352    |compute_public_1    |        ?|        ?|         ?|          ?|     ?|       ?|       no|
        |grp_solve_NTRU_fu_1364          |solve_NTRU          |        ?|        ?|         ?|          ?|     ?|       ?|       no|
        +--------------------------------+--------------------+---------+---------+----------+-----------+------+--------+---------+

        * Loop: 
        +----------------------+---------+---------+----------+-----------+-----------+------+----------+
        |                      |  Latency (cycles) | Iteration|  Initiation Interval  | Trip |          |
        |       Loop Name      |   min   |   max   |  Latency |  achieved |   target  | Count| Pipelined|
        +----------------------+---------+---------+----------+-----------+-----------+------+----------+
        |- Loop 1              |       50|       50|         2|          -|          -|    25|        no|
        |- VITIS_LOOP_805_2    |      480|      480|        10|          -|          -|    48|        no|
        |- Loop 3              |        ?|        ?|         ?|          -|          -|     ?|        no|
        | + VITIS_LOOP_5884_2  |     2048|     2048|         2|          -|          -|  1024|        no|
        | + VITIS_LOOP_2760_1  |     5120|     5120|         5|          -|          -|  1024|        no|
        | + VITIS_LOOP_2760_1  |     5120|     5120|         5|          -|          -|  1024|        no|
        | + VITIS_LOOP_2817_1  |     4096|     4096|         4|          -|          -|  1024|        no|
        | + VITIS_LOOP_2817_1  |     4096|     4096|         4|          -|          -|  1024|        no|
        | + VITIS_LOOP_225_1   |     6144|     6144|        12|          -|          -|   512|        no|
        | + VITIS_LOOP_546_1   |     1024|     1024|         2|          -|          -|   512|        no|
        | + VITIS_LOOP_546_1   |     1024|     1024|         2|          -|          -|   512|        no|
        | + VITIS_LOOP_562_1   |     3072|     3072|         3|          -|          -|  1024|        no|
        | + VITIS_LOOP_562_1   |     3072|     3072|         3|          -|          -|  1024|        no|
        | + VITIS_LOOP_580_1   |     1536|     1536|         3|          -|          -|   512|        no|
        | + VITIS_LOOP_580_1   |     1536|     1536|         3|          -|          -|   512|        no|
        | + VITIS_LOOP_5942_3  |     1536|     1536|         6|          -|          -|   256|        no|
        |- Loop 4              |     8192|     8192|         8|          -|          -|  1024|        no|
        |- Loop 5              |     8192|     8192|         8|          -|          -|  1024|        no|
        |- Loop 6              |     3072|     3072|         3|          -|          -|  1024|        no|
        |- Loop 7              |     8192|     8192|         8|          -|          -|  1024|        no|
        |- Loop 8              |     8192|     8192|         8|          -|          -|  1024|        no|
        +----------------------+---------+---------+----------+-----------+-----------+------+----------+



================================================================
== Utilization Estimates
================================================================
* Summary: 
+-----------------+---------+------+--------+--------+-----+
|       Name      | BRAM_18K|  DSP |   FF   |   LUT  | URAM|
+-----------------+---------+------+--------+--------+-----+
|DSP              |        -|     2|       -|       -|    -|
|Expression       |        -|     -|       0|    1869|    -|
|FIFO             |        -|     -|       -|       -|    -|
|Instance         |       96|  1165|   79969|  165429|    0|
|Memory           |       19|     -|       0|       0|    0|
|Multiplexer      |        -|     -|       -|    2731|    -|
|Register         |        -|     -|    6120|       -|    -|
+-----------------+---------+------+--------+--------+-----+
|Total            |      115|  1167|   86089|  170029|    0|
+-----------------+---------+------+--------+--------+-----+
|Available        |      280|   220|  106400|   53200|    0|
+-----------------+---------+------+--------+--------+-----+
|Utilization (%)  |       41|   530|      80|     319|    0|
+-----------------+---------+------+--------+--------+-----+

+ Detail: 
    * Instance: 
    +-------------------------------------+--------------------------------+---------+-----+-------+--------+-----+
    |               Instance              |             Module             | BRAM_18K| DSP |   FF  |   LUT  | URAM|
    +-------------------------------------+--------------------------------+---------+-----+-------+--------+-----+
    |grp_FFT_fu_1324                      |FFT                             |        8|   56|   3248|    7130|    0|
    |grp_FFT_fu_1331                      |FFT                             |        8|   56|   3248|    7130|    0|
    |grp_compute_public_1_fu_1352         |compute_public_1                |        3|   40|   1983|    3476|    0|
    |control_s_axi_U                      |control_s_axi                   |        0|    0|    456|     808|    0|
    |dadd_64ns_64ns_64_2_full_dsp_1_U471  |dadd_64ns_64ns_64_2_full_dsp_1  |        0|    3|    342|    1065|    0|
    |dadd_64ns_64ns_64_2_full_dsp_1_U472  |dadd_64ns_64ns_64_2_full_dsp_1  |        0|    3|    342|    1065|    0|
    |dadd_64ns_64ns_64_2_full_dsp_1_U473  |dadd_64ns_64ns_64_2_full_dsp_1  |        0|    3|    342|    1065|    0|
    |dadd_64ns_64ns_64_2_full_dsp_1_U474  |dadd_64ns_64ns_64_2_full_dsp_1  |        0|    3|    342|    1065|    0|
    |dcmp_64ns_64ns_1_1_no_dsp_1_U480     |dcmp_64ns_64ns_1_1_no_dsp_1     |        0|    0|      0|       0|    0|
    |ddiv_64ns_64ns_64_6_no_dsp_1_U479    |ddiv_64ns_64ns_64_6_no_dsp_1    |        0|    0|      0|       0|    0|
    |dmul_64ns_64ns_64_2_max_dsp_1_U475   |dmul_64ns_64ns_64_2_max_dsp_1   |        0|   11|    256|     546|    0|
    |dmul_64ns_64ns_64_2_max_dsp_1_U476   |dmul_64ns_64ns_64_2_max_dsp_1   |        0|   11|    256|     546|    0|
    |dmul_64ns_64ns_64_2_max_dsp_1_U477   |dmul_64ns_64ns_64_2_max_dsp_1   |        0|   11|    256|     546|    0|
    |dmul_64ns_64ns_64_2_max_dsp_1_U478   |dmul_64ns_64ns_64_2_max_dsp_1   |        0|   11|    256|     546|    0|
    |grp_fpr_of_fu_1317                   |fpr_of                          |        0|    0|     66|      23|    0|
    |gmem0_m_axi_U                        |gmem0_m_axi                     |        0|    0|    743|    1415|    0|
    |grp_iFFT_fu_1338                     |iFFT                            |        8|   56|   3226|    7212|    0|
    |grp_iFFT_fu_1345                     |iFFT                            |        8|   56|   3226|    7212|    0|
    |mux_63_64_1_1_U481                   |mux_63_64_1_1                   |        0|    0|      0|      31|    0|
    |grp_poly_small_mkgauss_fu_1282       |poly_small_mkgauss              |        4|    0|  12584|   11622|    0|
    |grp_solve_NTRU_fu_1364               |solve_NTRU                      |       57|  845|  48797|  112926|    0|
    +-------------------------------------+--------------------------------+---------+-----+-------+--------+-----+
    |Total                                |                                |       96| 1165|  79969|  165429|    0|
    +-------------------------------------+--------------------------------+---------+-----+-------+--------+-----+

    * DSP: 
    +----------------------------------+-----------------------------+--------------+
    |             Instance             |            Module           |  Expression  |
    +----------------------------------+-----------------------------+--------------+
    |mac_muladd_8s_8s_26s_26_4_1_U482  |mac_muladd_8s_8s_26s_26_4_1  |  i0 * i0 + i1|
    |mac_muladd_8s_8s_26s_26_4_1_U483  |mac_muladd_8s_8s_26s_26_4_1  |  i0 * i0 + i1|
    +----------------------------------+-----------------------------+--------------+

    * Memory: 
    +-----------+-----------------------+---------+---+----+-----+------+-----+------+-------------+
    |   Memory  |         Module        | BRAM_18K| FF| LUT| URAM| Words| Bits| Banks| W*Bits*Banks|
    +-----------+-----------------------+---------+---+----+-----+------+-----+------+-------------+
    |f_U        |f_RAM_AUTO_1R1W        |        1|  0|   0|    0|  1024|    8|     1|         8192|
    |g_U        |f_RAM_AUTO_1R1W        |        1|  0|   0|    0|  1024|    8|     1|         8192|
    |F_upper_U  |f_RAM_AUTO_1R1W        |        1|  0|   0|    0|  1024|    8|     1|         8192|
    |G_upper_U  |f_RAM_AUTO_1R1W        |        1|  0|   0|    0|  1024|    8|     1|         8192|
    |h_U        |h_RAM_AUTO_1R1W        |        1|  0|   0|    0|  1024|   16|     1|        16384|
    |rt1_U      |rt1_RAM_AUTO_1R1W      |        4|  0|   0|    0|  1024|   64|     1|        65536|
    |rt2_U      |rt1_RAM_AUTO_1R1W      |        4|  0|   0|    0|  1024|   64|     1|        65536|
    |rt3_U      |rt3_RAM_AUTO_1R1W      |        4|  0|   0|    0|  1024|   64|     1|        65536|
    |tmp2108_U  |tmp2108_RAM_AUTO_1R1W  |        2|  0|   0|    0|  2048|   16|     1|        32768|
    +-----------+-----------------------+---------+---+----+-----+------+-----+------+-------------+
    |Total      |                       |       19|  0|   0|    0| 10240|  256|     9|       278528|
    +-----------+-----------------------+---------+---+----+-----+------+-----+------+-------------+

    * FIFO: 
    N/A

    * Expression: 
    +----------------------------------+----------+----+---+-----+------------+------------+
    |           Variable Name          | Operation| DSP| FF| LUT | Bitwidth P0| Bitwidth P1|
    +----------------------------------+----------+----+---+-----+------------+------------+
    |add_ln5911_fu_2674_p2             |         +|   0|  0|   34|          27|          27|
    |add_ln805_fu_2110_p2              |         +|   0|  0|   14|           6|           1|
    |add_ln809_fu_2116_p2              |         +|   0|  0|   71|          64|          64|
    |empty_358_fu_1906_p2              |         +|   0|  0|   13|           5|           1|
    |empty_360_fu_3215_p2              |         +|   0|  0|   12|          11|           1|
    |empty_363_fu_3225_p2              |         +|   0|  0|   71|          64|          64|
    |empty_369_fu_3312_p2              |         +|   0|  0|   12|          11|           1|
    |empty_371_fu_3322_p2              |         +|   0|  0|   71|          64|          64|
    |empty_378_fu_3425_p2              |         +|   0|  0|   12|          11|           1|
    |empty_381_fu_3458_p2              |         +|   0|  0|   12|          11|           1|
    |empty_384_fu_3468_p2              |         +|   0|  0|   71|          64|          64|
    |empty_390_fu_3555_p2              |         +|   0|  0|   12|          11|           1|
    |empty_392_fu_3565_p2              |         +|   0|  0|   71|          64|          64|
    |u_215_fu_2503_p2                  |         +|   0|  0|   12|          11|           1|
    |u_216_fu_2598_p2                  |         +|   0|  0|   12|          11|           1|
    |u_217_fu_2628_p2                  |         +|   0|  0|   12|          11|           1|
    |u_218_fu_2730_p2                  |         +|   0|  0|   12|          11|           1|
    |u_219_fu_2752_p2                  |         +|   0|  0|   12|          11|           1|
    |u_220_fu_2775_p2                  |         +|   0|  0|   13|          10|           1|
    |u_221_fu_2804_p2                  |         +|   0|  0|   12|          11|           1|
    |u_222_fu_2836_p2                  |         +|   0|  0|   12|          11|           1|
    |u_223_fu_2868_p2                  |         +|   0|  0|   12|          11|           1|
    |u_224_fu_2885_p2                  |         +|   0|  0|   12|          11|           1|
    |u_225_fu_2903_p2                  |         +|   0|  0|   13|          10|           1|
    |u_226_fu_2932_p2                  |         +|   0|  0|   13|          10|           1|
    |u_227_fu_2960_p2                  |         +|   0|  0|   14|           9|           1|
    |and_ln188_fu_3034_p2              |       and|   0|  0|    2|           1|           1|
    |ap_block_state76_on_subcall_done  |       and|   0|  0|    2|           1|           1|
    |ap_predicate_op850_call_state76   |       and|   0|  0|    2|           1|           1|
    |exitcond1818_fu_3452_p2           |      icmp|   0|  0|   12|          11|          12|
    |exitcond1829_fu_3419_p2           |      icmp|   0|  0|   12|          11|          12|
    |exitcond18310_fu_3306_p2          |      icmp|   0|  0|   12|          11|          12|
    |exitcond18411_fu_3209_p2          |      icmp|   0|  0|   12|          11|          12|
    |exitcond19826_fu_1900_p2          |      icmp|   0|  0|    9|           5|           4|
    |exitcond7_fu_3549_p2              |      icmp|   0|  0|   12|          11|          12|
    |icmp_ln188_1_fu_3022_p2           |      icmp|   0|  0|   24|          52|           1|
    |icmp_ln188_fu_3016_p2             |      icmp|   0|  0|   11|          11|           2|
    |icmp_ln225_fu_2769_p2             |      icmp|   0|  0|   11|          10|          11|
    |icmp_ln2760_1_fu_2622_p2          |      icmp|   0|  0|   12|          11|          12|
    |icmp_ln2760_fu_2592_p2            |      icmp|   0|  0|   12|          11|          12|
    |icmp_ln2817_1_fu_2746_p2          |      icmp|   0|  0|   12|          11|          12|
    |icmp_ln2817_fu_2724_p2            |      icmp|   0|  0|   12|          11|          12|
    |icmp_ln546_3_fu_2830_p2           |      icmp|   0|  0|   12|          11|          12|
    |icmp_ln546_fu_2798_p2             |      icmp|   0|  0|   12|          11|          12|
    |icmp_ln562_1_fu_2879_p2           |      icmp|   0|  0|   12|          11|          12|
    |icmp_ln562_fu_2862_p2             |      icmp|   0|  0|   12|          11|          12|
    |icmp_ln580_2_fu_2926_p2           |      icmp|   0|  0|   11|          10|          11|
    |icmp_ln580_fu_2897_p2             |      icmp|   0|  0|   11|          10|          11|
    |icmp_ln5884_fu_2497_p2            |      icmp|   0|  0|   12|          11|          12|
    |icmp_ln5890_1_fu_2533_p2          |      icmp|   0|  0|   11|           8|           5|
    |icmp_ln5890_fu_2527_p2            |      icmp|   0|  0|    9|           4|           1|
    |icmp_ln5891_1_fu_2555_p2          |      icmp|   0|  0|   11|           8|           5|
    |icmp_ln5891_fu_2549_p2            |      icmp|   0|  0|    9|           4|           1|
    |icmp_ln5913_fu_2694_p2            |      icmp|   0|  0|   16|          27|          15|
    |icmp_ln5942_fu_2954_p2            |      icmp|   0|  0|   11|           9|          10|
    |icmp_ln5990_fu_3052_p2            |      icmp|   0|  0|   18|          32|           1|
    |icmp_ln805_fu_2104_p2             |      icmp|   0|  0|   10|           6|           6|
    |lshr_ln809_fu_2320_p2             |      lshr|   0|  0|   35|          16|          16|
    |ap_block_state35_on_subcall_done  |        or|   0|  0|    2|           1|           1|
    |ap_block_state64_on_subcall_done  |        or|   0|  0|    2|           1|           1|
    |ng_1_fu_2611_p2                   |        or|   0|  0|   32|          32|          32|
    |ng_3_fu_2713_p2                   |        or|   0|  0|   32|          32|          32|
    |or_ln188_fu_3028_p2               |        or|   0|  0|    2|           1|           1|
    |or_ln5891_1_fu_2567_p2            |        or|   0|  0|    2|           1|           1|
    |or_ln5891_2_fu_2573_p2            |        or|   0|  0|    2|           1|           1|
    |or_ln5891_fu_2561_p2              |        or|   0|  0|    2|           1|           1|
    |or_ln5911_fu_2680_p2              |        or|   0|  0|   26|          26|          26|
    |or_ln5913_fu_2700_p2              |        or|   0|  0|    2|           1|           1|
    |normf_fu_2642_p3                  |    select|   0|  0|   26|           1|           2|
    |normg_fu_2662_p3                  |    select|   0|  0|   26|           1|           2|
    |test_1_fu_2579_p3                 |    select|   0|  0|   32|           1|           2|
    |empty_365_fu_3275_p2              |       shl|   0|  0|    6|           1|           2|
    |empty_366_fu_3292_p2              |       shl|   0|  0|   35|          16|          16|
    |empty_373_fu_3388_p2              |       shl|   0|  0|    6|           1|           2|
    |empty_374_fu_3405_p2              |       shl|   0|  0|   35|          16|          16|
    |empty_386_fu_3518_p2              |       shl|   0|  0|    6|           1|           2|
    |empty_387_fu_3535_p2              |       shl|   0|  0|   35|          16|          16|
    |empty_394_fu_3607_p2              |       shl|   0|  0|    6|           1|           2|
    |empty_395_fu_3624_p2              |       shl|   0|  0|   35|          16|          16|
    |shl_ln809_fu_2342_p2              |       shl|   0|  0|  182|          64|          64|
    |empty_364_fu_3230_p2              |       xor|   0|  0|    2|           1|           1|
    |empty_372_fu_3327_p2              |       xor|   0|  0|    2|           1|           1|
    |empty_385_fu_3473_p2              |       xor|   0|  0|    2|           1|           1|
    |empty_393_fu_3570_p2              |       xor|   0|  0|    2|           1|           1|
    |rng_st_77_fu_2181_p2              |       xor|   0|  0|   65|           1|          65|
    |rng_st_fu_2175_p2                 |       xor|   0|  0|    5|           1|           5|
    |xor_ln147_3_fu_2846_p2            |       xor|   0|  0|   65|          64|          65|
    |xor_ln147_fu_2814_p2              |       xor|   0|  0|   65|          64|          65|
    |xor_ln228_fu_2781_p2              |       xor|   0|  0|   11|          10|          11|
    |xor_ln583_1_fu_2938_p2            |       xor|   0|  0|   11|          10|          11|
    |xor_ln583_fu_2909_p2              |       xor|   0|  0|   11|          10|          11|
    |xor_ln5946_fu_2966_p2             |       xor|   0|  0|   10|           9|          10|
    |xor_ln809_1_fu_2348_p2            |       xor|   0|  0|   64|          64|          64|
    |xor_ln809_fu_2303_p2              |       xor|   0|  0|    2|           1|           1|
    +----------------------------------+----------+----+---+-----+------------+------------+
    |Total                             |          |   0|  0| 1869|        1390|        1189|
    +----------------------------------+----------+----+---+-----+------------+------------+

    * Multiplexer: 
    +-----------------------------------------+-----+-----------+-----+-----------+
    |                   Name                  | LUT | Input Size| Bits| Total Bits|
    +-----------------------------------------+-----+-----------+-----+-----------+
    |F_upper_address0                         |   14|          3|   10|         30|
    |F_upper_ce0                              |   14|          3|    1|          3|
    |F_upper_we0                              |    9|          2|    1|          2|
    |G_upper_address0                         |   14|          3|   10|         30|
    |G_upper_ce0                              |   14|          3|    1|          3|
    |G_upper_we0                              |    9|          2|    1|          2|
    |ap_NS_fsm                                |  601|        118|    1|        118|
    |bnorm1_1_reg_1258                        |    9|          2|   64|        128|
    |bnorm2_1_reg_1246                        |    9|          2|   64|        128|
    |bnorm3_1_reg_1234                        |    9|          2|   64|        128|
    |bnorm4_1_reg_1222                        |    9|          2|   64|        128|
    |empty_fu_310                             |    9|          2|    5|         10|
    |f_address0                               |   42|          8|   10|         80|
    |f_ce0                                    |   25|          5|    1|          5|
    |f_we0                                    |    9|          2|    1|          2|
    |g_address0                               |   42|          8|   10|         80|
    |g_ce0                                    |   25|          5|    1|          5|
    |g_we0                                    |    9|          2|    1|          2|
    |gmem0_AWADDR                             |   31|          6|   64|        384|
    |gmem0_AWLEN                              |   14|          3|   32|         96|
    |gmem0_WDATA                              |   31|          6|   16|         96|
    |gmem0_WSTRB                              |   31|          6|    2|         12|
    |gmem0_blk_n_AR                           |    9|          2|    1|          2|
    |gmem0_blk_n_AW                           |    9|          2|    1|          2|
    |gmem0_blk_n_B                            |    9|          2|    1|          2|
    |gmem0_blk_n_R                            |    9|          2|    1|          2|
    |gmem0_blk_n_W                            |    9|          2|    1|          2|
    |grp_fpr_of_fu_1317_i                     |   14|          3|   64|        192|
    |grp_fu_1393_p0                           |   31|          6|   64|        384|
    |grp_fu_1393_p1                           |   37|          7|   64|        448|
    |grp_fu_1397_p0                           |   25|          5|   64|        320|
    |grp_fu_1397_p1                           |   14|          3|   64|        192|
    |grp_fu_1422_p0                           |   25|          5|   64|        320|
    |grp_fu_1422_p1                           |   31|          6|   64|        384|
    |grp_fu_1429_p0                           |   20|          4|   64|        256|
    |grp_fu_1429_p1                           |   25|          5|   64|        320|
    |grp_fu_1436_p0                           |   14|          3|   64|        192|
    |grp_fu_1436_p1                           |   14|          3|   64|        192|
    |grp_fu_1443_p0                           |   14|          3|   64|        192|
    |grp_fu_1443_p1                           |   14|          3|   64|        192|
    |grp_poly_small_mkgauss_fu_1282_p_read    |   14|          3|   64|        192|
    |grp_poly_small_mkgauss_fu_1282_p_read1   |   14|          3|   64|        192|
    |grp_poly_small_mkgauss_fu_1282_p_read10  |   14|          3|   64|        192|
    |grp_poly_small_mkgauss_fu_1282_p_read11  |   14|          3|   64|        192|
    |grp_poly_small_mkgauss_fu_1282_p_read12  |   14|          3|   64|        192|
    |grp_poly_small_mkgauss_fu_1282_p_read13  |   14|          3|   64|        192|
    |grp_poly_small_mkgauss_fu_1282_p_read14  |   14|          3|   64|        192|
    |grp_poly_small_mkgauss_fu_1282_p_read15  |   14|          3|   64|        192|
    |grp_poly_small_mkgauss_fu_1282_p_read16  |   14|          3|   64|        192|
    |grp_poly_small_mkgauss_fu_1282_p_read17  |   14|          3|   64|        192|
    |grp_poly_small_mkgauss_fu_1282_p_read18  |   14|          3|   64|        192|
    |grp_poly_small_mkgauss_fu_1282_p_read19  |   14|          3|   64|        192|
    |grp_poly_small_mkgauss_fu_1282_p_read2   |   14|          3|   64|        192|
    |grp_poly_small_mkgauss_fu_1282_p_read20  |   14|          3|   64|        192|
    |grp_poly_small_mkgauss_fu_1282_p_read21  |   14|          3|   64|        192|
    |grp_poly_small_mkgauss_fu_1282_p_read22  |   14|          3|   64|        192|
    |grp_poly_small_mkgauss_fu_1282_p_read23  |   14|          3|   64|        192|
    |grp_poly_small_mkgauss_fu_1282_p_read24  |   14|          3|   64|        192|
    |grp_poly_small_mkgauss_fu_1282_p_read25  |   14|          3|   64|        192|
    |grp_poly_small_mkgauss_fu_1282_p_read3   |   14|          3|   64|        192|
    |grp_poly_small_mkgauss_fu_1282_p_read4   |   14|          3|   64|        192|
    |grp_poly_small_mkgauss_fu_1282_p_read5   |   14|          3|   64|        192|
    |grp_poly_small_mkgauss_fu_1282_p_read6   |   14|          3|   64|        192|
    |grp_poly_small_mkgauss_fu_1282_p_read7   |   14|          3|   64|        192|
    |grp_poly_small_mkgauss_fu_1282_p_read8   |   14|          3|   64|        192|
    |grp_poly_small_mkgauss_fu_1282_p_read9   |   14|          3|   64|        192|
    |h_address0                               |   14|          3|   10|         30|
    |h_ce0                                    |   14|          3|    1|          3|
    |h_ce1                                    |    9|          2|    1|          2|
    |h_we0                                    |    9|          2|    1|          2|
    |h_we1                                    |    9|          2|    1|          2|
    |loop_index12_fu_586                      |    9|          2|   11|         22|
    |loop_index3_fu_598                       |    9|          2|   11|         22|
    |loop_index6_fu_594                       |    9|          2|   11|         22|
    |loop_index9_fu_590                       |    9|          2|   11|         22|
    |loop_index_fu_602                        |    9|          2|   11|         22|
    |ng_2_reg_1088                            |    9|          2|   32|         64|
    |ng_reg_1053                              |    9|          2|   32|         64|
    |rng_dptr_2_fu_578                        |    9|          2|   64|        128|
    |rng_st_1_fu_478                          |    9|          2|   64|        128|
    |rng_st_3_0_fu_454                        |    9|          2|   64|        128|
    |rng_st_51_3_0_fu_458                     |    9|          2|   64|        128|
    |rng_st_52_3_0_fu_462                     |    9|          2|   64|        128|
    |rng_st_53_3_0_fu_466                     |    9|          2|   64|        128|
    |rng_st_54_3_0_fu_470                     |    9|          2|   64|        128|
    |rng_st_54_fu_486                         |    9|          2|   64|        128|
    |rng_st_55_3_0_fu_474                     |    9|          2|   64|        128|
    |rng_st_55_fu_490                         |    9|          2|   64|        128|
    |rng_st_56_fu_494                         |    9|          2|   64|        128|
    |rng_st_57_fu_498                         |    9|          2|   64|        128|
    |rng_st_58_fu_502                         |    9|          2|   64|        128|
    |rng_st_59_fu_506                         |    9|          2|   64|        128|
    |rng_st_60_fu_510                         |    9|          2|   64|        128|
    |rng_st_61_fu_514                         |    9|          2|   64|        128|
    |rng_st_62_fu_518                         |    9|          2|   64|        128|
    |rng_st_63_fu_522                         |    9|          2|   64|        128|
    |rng_st_64_fu_526                         |    9|          2|   64|        128|
    |rng_st_65_fu_530                         |    9|          2|   64|        128|
    |rng_st_66_fu_534                         |    9|          2|   64|        128|
    |rng_st_67_fu_538                         |    9|          2|   64|        128|
    |rng_st_68_fu_542                         |    9|          2|   64|        128|
    |rng_st_69_fu_546                         |    9|          2|   64|        128|
    |rng_st_70_fu_550                         |    9|          2|   64|        128|
    |rng_st_71_fu_554                         |    9|          2|   64|        128|
    |rng_st_72_fu_558                         |    9|          2|   64|        128|
    |rng_st_73_fu_562                         |    9|          2|   64|        128|
    |rng_st_74_fu_566                         |    9|          2|   64|        128|
    |rng_st_75_fu_570                         |    9|          2|   64|        128|
    |rng_st_76_fu_574                         |    9|          2|   64|        128|
    |rng_st_7_fu_482                          |    9|          2|   64|        128|
    |rt1_address0                             |   59|         11|   10|        110|
    |rt1_address1                             |   53|         10|   10|        100|
    |rt1_ce0                                  |   20|          4|    1|          4|
    |rt1_ce1                                  |   20|          4|    1|          4|
    |rt1_d0                                   |   31|          6|   64|        384|
    |rt1_d1                                   |   20|          4|   64|        256|
    |rt1_we0                                  |   20|          4|    1|          4|
    |rt1_we1                                  |   20|          4|    1|          4|
    |rt2_address0                             |   59|         11|   10|        110|
    |rt2_address1                             |   53|         10|   10|        100|
    |rt2_ce0                                  |   20|          4|    1|          4|
    |rt2_ce1                                  |   20|          4|    1|          4|
    |rt2_d0                                   |   31|          6|   64|        384|
    |rt2_d1                                   |   20|          4|   64|        256|
    |rt2_we0                                  |   20|          4|    1|          4|
    |rt2_we1                                  |   20|          4|    1|          4|
    |rt3_address0                             |   20|          4|   10|         40|
    |s_2_reg_1100                             |    9|          2|   26|         52|
    |s_reg_1065                               |    9|          2|   26|         52|
    |test_reg_1030                            |    9|          2|   32|         64|
    |u_014_reg_1042                           |    9|          2|   11|         22|
    |u_0_fu_450                               |    9|          2|    6|         12|
    |u_116_reg_1270                           |    9|          2|    9|         18|
    |u_138_reg_1112                           |    9|          2|   11|         22|
    |u_140_reg_1123                           |    9|          2|   11|         22|
    |u_142_reg_1134                           |    9|          2|   11|         22|
    |u_144_reg_1145                           |    9|          2|   10|         20|
    |u_146_reg_1156                           |    9|          2|   11|         22|
    |u_148_reg_1167                           |    9|          2|   11|         22|
    |u_150_reg_1178                           |    9|          2|   11|         22|
    |u_152_reg_1189                           |    9|          2|   11|         22|
    |u_154_reg_1200                           |    9|          2|   10|         20|
    |u_156_reg_1211                           |    9|          2|   10|         20|
    |u_reg_1077                               |    9|          2|   11|         22|
    +-----------------------------------------+-----+-----------+-----+-----------+
    |Total                                    | 2731|        561| 5648|      16659|
    +-----------------------------------------+-----+-----------+-----+-----------+

    * Register: 
    +---------------------------------------------+-----+----+-----+-----------+
    |                     Name                    |  FF | LUT| Bits| Const Bits|
    +---------------------------------------------+-----+----+-----+-----------+
    |F_upper_out_read_reg_3822                    |   64|   0|   64|          0|
    |G_upper_out_read_reg_3816                    |   64|   0|   64|          0|
    |add_ln805_reg_3996                           |    6|   0|    6|          0|
    |and_ln188_reg_4665                           |    1|   0|    1|          0|
    |ap_CS_fsm                                    |  117|   0|  117|          0|
    |bnorm1_1_reg_1258                            |   64|   0|   64|          0|
    |bnorm1_reg_4635                              |   64|   0|   64|          0|
    |bnorm2_1_reg_1246                            |   64|   0|   64|          0|
    |bnorm2_reg_4640                              |   64|   0|   64|          0|
    |bnorm3_1_reg_1234                            |   64|   0|   64|          0|
    |bnorm4_1_reg_1222                            |   64|   0|   64|          0|
    |div_i_i_reg_4455                             |   64|   0|   64|          0|
    |empty_358_reg_3931                           |    5|   0|    5|          0|
    |empty_359_reg_4686                           |    1|   0|    1|          0|
    |empty_361_reg_4718                           |    1|   0|    1|          0|
    |empty_364_reg_4699                           |    1|   0|    1|          0|
    |empty_365_reg_4723                           |    2|   0|    2|          0|
    |empty_366_reg_4728                           |   16|   0|   16|          0|
    |empty_372_reg_4741                           |    1|   0|    1|          0|
    |empty_373_reg_4766                           |    2|   0|    2|          0|
    |empty_374_reg_4771                           |   16|   0|   16|          0|
    |empty_380_reg_4796                           |    1|   0|    1|          0|
    |empty_382_reg_4828                           |    1|   0|    1|          0|
    |empty_385_reg_4809                           |    1|   0|    1|          0|
    |empty_386_reg_4833                           |    2|   0|    2|          0|
    |empty_387_reg_4838                           |   16|   0|   16|          0|
    |empty_393_reg_4851                           |    1|   0|    1|          0|
    |empty_394_reg_4863                           |    2|   0|    2|          0|
    |empty_395_reg_4868                           |   16|   0|   16|          0|
    |empty_fu_310                                 |    5|   0|    5|          0|
    |f_out_read_reg_3834                          |   64|   0|   64|          0|
    |g_out_read_reg_3828                          |   64|   0|   64|          0|
    |gmem0_addr_1_reg_4705                        |   64|   0|   64|          0|
    |gmem0_addr_2_reg_4760                        |   64|   0|   64|          0|
    |gmem0_addr_3_reg_4747                        |   64|   0|   64|          0|
    |gmem0_addr_4_reg_4815                        |   64|   0|   64|          0|
    |gmem0_addr_5_reg_4857                        |   64|   0|   64|          0|
    |gmem0_addr_read_reg_4204                     |   16|   0|   16|          0|
    |gmem0_addr_reg_4001                          |   64|   0|   64|          0|
    |grp_FFT_fu_1324_ap_start_reg                 |    1|   0|    1|          0|
    |grp_FFT_fu_1331_ap_start_reg                 |    1|   0|    1|          0|
    |grp_compute_public_1_fu_1352_ap_start_reg    |    1|   0|    1|          0|
    |grp_fpr_of_fu_1317_ap_start_reg              |    1|   0|    1|          0|
    |grp_iFFT_fu_1338_ap_start_reg                |    1|   0|    1|          0|
    |grp_iFFT_fu_1345_ap_start_reg                |    1|   0|    1|          0|
    |grp_poly_small_mkgauss_fu_1282_ap_start_reg  |    1|   0|    1|          0|
    |grp_solve_NTRU_fu_1364_ap_start_reg          |    1|   0|    1|          0|
    |h_load_reg_4784                              |   16|   0|   16|          0|
    |h_out_read_reg_3811                          |   64|   0|   64|          0|
    |loop_index12_fu_586                          |   11|   0|   11|          0|
    |loop_index3_fu_598                           |   11|   0|   11|          0|
    |loop_index6_fu_594                           |   11|   0|   11|          0|
    |loop_index9_fu_590                           |   11|   0|   11|          0|
    |loop_index_fu_602                            |   11|   0|   11|          0|
    |lshr_ln809_2_reg_4007                        |    3|   0|    3|          0|
    |ng_2_reg_1088                                |   32|   0|   32|          0|
    |ng_reg_1053                                  |   32|   0|   32|          0|
    |or_ln5913_reg_4356                           |    1|   0|    1|          0|
    |reg_1615                                     |   64|   0|   64|          0|
    |reg_1620                                     |   64|   0|   64|          0|
    |reg_1625                                     |   64|   0|   64|          0|
    |reg_1630                                     |   64|   0|   64|          0|
    |reg_1635                                     |   64|   0|   64|          0|
    |reg_1640                                     |   64|   0|   64|          0|
    |reg_1645                                     |   64|   0|   64|          0|
    |reg_1650                                     |   64|   0|   64|          0|
    |reg_1655                                     |   64|   0|   64|          0|
    |reg_1660                                     |   64|   0|   64|          0|
    |reg_1665                                     |   64|   0|   64|          0|
    |reg_1670                                     |   64|   0|   64|          0|
    |reg_1675                                     |   64|   0|   64|          0|
    |reg_1680                                     |   64|   0|   64|          0|
    |reg_1685                                     |   64|   0|   64|          0|
    |reg_1690                                     |   64|   0|   64|          0|
    |reg_1695                                     |   64|   0|   64|          0|
    |reg_1700                                     |   64|   0|   64|          0|
    |reg_1705                                     |   64|   0|   64|          0|
    |reg_1710                                     |   64|   0|   64|          0|
    |reg_1715                                     |   64|   0|   64|          0|
    |reg_1720                                     |   64|   0|   64|          0|
    |reg_1725                                     |   64|   0|   64|          0|
    |reg_1730                                     |   64|   0|   64|          0|
    |reg_1735                                     |   64|   0|   64|          0|
    |reg_1740                                     |   64|   0|   64|          0|
    |reg_1805                                     |   64|   0|   64|          0|
    |rng_dptr_2_fu_578                            |   64|   0|   64|          0|
    |rng_st_1_fu_478                              |   64|   0|   64|          0|
    |rng_st_3_0_fu_454                            |   64|   0|   64|          0|
    |rng_st_51_3_0_fu_458                         |   64|   0|   64|          0|
    |rng_st_52_3_0_fu_462                         |   64|   0|   64|          0|
    |rng_st_53_3_0_fu_466                         |   64|   0|   64|          0|
    |rng_st_54_3_0_fu_470                         |   64|   0|   64|          0|
    |rng_st_54_fu_486                             |   64|   0|   64|          0|
    |rng_st_55_3_0_fu_474                         |   64|   0|   64|          0|
    |rng_st_55_fu_490                             |   64|   0|   64|          0|
    |rng_st_56_fu_494                             |   64|   0|   64|          0|
    |rng_st_57_fu_498                             |   64|   0|   64|          0|
    |rng_st_58_fu_502                             |   64|   0|   64|          0|
    |rng_st_59_fu_506                             |   64|   0|   64|          0|
    |rng_st_60_fu_510                             |   64|   0|   64|          0|
    |rng_st_61_fu_514                             |   64|   0|   64|          0|
    |rng_st_62_fu_518                             |   64|   0|   64|          0|
    |rng_st_63_fu_522                             |   64|   0|   64|          0|
    |rng_st_64_fu_526                             |   64|   0|   64|          0|
    |rng_st_65_fu_530                             |   64|   0|   64|          0|
    |rng_st_66_fu_534                             |   64|   0|   64|          0|
    |rng_st_67_fu_538                             |   64|   0|   64|          0|
    |rng_st_68_fu_542                             |   64|   0|   64|          0|
    |rng_st_69_fu_546                             |   64|   0|   64|          0|
    |rng_st_70_fu_550                             |   64|   0|   64|          0|
    |rng_st_71_fu_554                             |   64|   0|   64|          0|
    |rng_st_72_fu_558                             |   64|   0|   64|          0|
    |rng_st_73_fu_562                             |   64|   0|   64|          0|
    |rng_st_74_fu_566                             |   64|   0|   64|          0|
    |rng_st_75_fu_570                             |   64|   0|   64|          0|
    |rng_st_76_fu_574                             |   64|   0|   64|          0|
    |rng_st_7_fu_482                              |   64|   0|   64|          0|
    |rt1_addr_3_reg_4463                          |   10|   0|   10|          0|
    |rt1_addr_4_reg_4496                          |   10|   0|   10|          0|
    |rt1_addr_5_reg_4524                          |   10|   0|   10|          0|
    |rt1_addr_6_reg_4534                          |   10|   0|   10|          0|
    |rt2_addr_3_reg_4477                          |   10|   0|   10|          0|
    |rt2_addr_4_reg_4510                          |   10|   0|   10|          0|
    |rt2_addr_5_reg_4547                          |   10|   0|   10|          0|
    |rt2_addr_6_reg_4557                          |   10|   0|   10|          0|
    |s_2_reg_1100                                 |   26|   0|   26|          0|
    |s_reg_1065                                   |   26|   0|   26|          0|
    |seed_read_reg_3805                           |   64|   0|   64|          0|
    |sext_ln2819_1_reg_4417                       |   64|   0|   64|          0|
    |sext_ln2819_reg_4394                         |   64|   0|   64|          0|
    |slove_NTRU_break_0_1_fu_582                  |   32|   0|   32|          0|
    |test_reg_1030                                |   32|   0|   32|          0|
    |tmp_205_reg_4305                             |    1|   0|    1|          0|
    |tmp_reg_4669                                 |    1|   0|    1|          0|
    |tmp_s_reg_4011                               |   64|   0|   64|          0|
    |trunc_ln805_reg_3985                         |    1|   0|    1|          0|
    |u_014_reg_1042                               |   11|   0|   11|          0|
    |u_0_fu_450                                   |    6|   0|    6|          0|
    |u_116_reg_1270                               |    9|   0|    9|          0|
    |u_138_reg_1112                               |   11|   0|   11|          0|
    |u_140_reg_1123                               |   11|   0|   11|          0|
    |u_142_reg_1134                               |   11|   0|   11|          0|
    |u_144_reg_1145                               |   10|   0|   10|          0|
    |u_146_reg_1156                               |   11|   0|   11|          0|
    |u_148_reg_1167                               |   11|   0|   11|          0|
    |u_150_reg_1178                               |   11|   0|   11|          0|
    |u_152_reg_1189                               |   11|   0|   11|          0|
    |u_154_reg_1200                               |   10|   0|   10|          0|
    |u_156_reg_1211                               |   10|   0|   10|          0|
    |u_215_reg_4290                               |   11|   0|   11|          0|
    |u_216_reg_4317                               |   11|   0|   11|          0|
    |u_217_reg_4346                               |   11|   0|   11|          0|
    |u_218_reg_4384                               |   11|   0|   11|          0|
    |u_219_reg_4407                               |   11|   0|   11|          0|
    |u_220_reg_4430                               |   10|   0|   10|          0|
    |u_221_reg_4469                               |   11|   0|   11|          0|
    |u_222_reg_4483                               |   11|   0|   11|          0|
    |u_223_reg_4491                               |   11|   0|   11|          0|
    |u_224_reg_4505                               |   11|   0|   11|          0|
    |u_225_reg_4519                               |   10|   0|   10|          0|
    |u_226_reg_4542                               |   10|   0|   10|          0|
    |u_227_reg_4570                               |    9|   0|    9|          0|
    |u_reg_1077                                   |   11|   0|   11|          0|
    |xor_ln5946_reg_4580                          |    9|   0|    9|          0|
    |zext_ln225_reg_4422                          |   10|   0|   64|         54|
    |zext_ln2817_1_reg_4399                       |   11|   0|   64|         53|
    |zext_ln2817_reg_4376                         |   11|   0|   64|         53|
    |zext_ln5942_reg_4562                         |    9|   0|   64|         55|
    |zext_ln5946_reg_4585                         |    9|   0|   64|         55|
    |zext_ln5948_reg_4605                         |    9|   0|   64|         55|
    |zext_ln5950_reg_4615                         |   10|   0|   64|         54|
    +---------------------------------------------+-----+----+-----+-----------+
    |Total                                        | 6120|   0| 6499|        379|
    +---------------------------------------------+-----+----+-----+-----------+



================================================================
== Interface
================================================================
* Summary: 
+-----------------------+-----+-----+------------+--------------+--------------+
|       RTL Ports       | Dir | Bits|  Protocol  | Source Object|    C Type    |
+-----------------------+-----+-----+------------+--------------+--------------+
|s_axi_control_AWVALID  |   in|    1|       s_axi|       control|        scalar|
|s_axi_control_AWREADY  |  out|    1|       s_axi|       control|        scalar|
|s_axi_control_AWADDR   |   in|    7|       s_axi|       control|        scalar|
|s_axi_control_WVALID   |   in|    1|       s_axi|       control|        scalar|
|s_axi_control_WREADY   |  out|    1|       s_axi|       control|        scalar|
|s_axi_control_WDATA    |   in|   32|       s_axi|       control|        scalar|
|s_axi_control_WSTRB    |   in|    4|       s_axi|       control|        scalar|
|s_axi_control_ARVALID  |   in|    1|       s_axi|       control|        scalar|
|s_axi_control_ARREADY  |  out|    1|       s_axi|       control|        scalar|
|s_axi_control_ARADDR   |   in|    7|       s_axi|       control|        scalar|
|s_axi_control_RVALID   |  out|    1|       s_axi|       control|        scalar|
|s_axi_control_RREADY   |   in|    1|       s_axi|       control|        scalar|
|s_axi_control_RDATA    |  out|   32|       s_axi|       control|        scalar|
|s_axi_control_RRESP    |  out|    2|       s_axi|       control|        scalar|
|s_axi_control_BVALID   |  out|    1|       s_axi|       control|        scalar|
|s_axi_control_BREADY   |   in|    1|       s_axi|       control|        scalar|
|s_axi_control_BRESP    |  out|    2|       s_axi|       control|        scalar|
|ap_clk                 |   in|    1|  ap_ctrl_hs|        keygen|  return value|
|ap_rst_n               |   in|    1|  ap_ctrl_hs|        keygen|  return value|
|interrupt              |  out|    1|  ap_ctrl_hs|        keygen|  return value|
|m_axi_gmem0_AWVALID    |  out|    1|       m_axi|         gmem0|       pointer|
|m_axi_gmem0_AWREADY    |   in|    1|       m_axi|         gmem0|       pointer|
|m_axi_gmem0_AWADDR     |  out|   64|       m_axi|         gmem0|       pointer|
|m_axi_gmem0_AWID       |  out|    1|       m_axi|         gmem0|       pointer|
|m_axi_gmem0_AWLEN      |  out|    8|       m_axi|         gmem0|       pointer|
|m_axi_gmem0_AWSIZE     |  out|    3|       m_axi|         gmem0|       pointer|
|m_axi_gmem0_AWBURST    |  out|    2|       m_axi|         gmem0|       pointer|
|m_axi_gmem0_AWLOCK     |  out|    2|       m_axi|         gmem0|       pointer|
|m_axi_gmem0_AWCACHE    |  out|    4|       m_axi|         gmem0|       pointer|
|m_axi_gmem0_AWPROT     |  out|    3|       m_axi|         gmem0|       pointer|
|m_axi_gmem0_AWQOS      |  out|    4|       m_axi|         gmem0|       pointer|
|m_axi_gmem0_AWREGION   |  out|    4|       m_axi|         gmem0|       pointer|
|m_axi_gmem0_AWUSER     |  out|    1|       m_axi|         gmem0|       pointer|
|m_axi_gmem0_WVALID     |  out|    1|       m_axi|         gmem0|       pointer|
|m_axi_gmem0_WREADY     |   in|    1|       m_axi|         gmem0|       pointer|
|m_axi_gmem0_WDATA      |  out|   32|       m_axi|         gmem0|       pointer|
|m_axi_gmem0_WSTRB      |  out|    4|       m_axi|         gmem0|       pointer|
|m_axi_gmem0_WLAST      |  out|    1|       m_axi|         gmem0|       pointer|
|m_axi_gmem0_WID        |  out|    1|       m_axi|         gmem0|       pointer|
|m_axi_gmem0_WUSER      |  out|    1|       m_axi|         gmem0|       pointer|
|m_axi_gmem0_ARVALID    |  out|    1|       m_axi|         gmem0|       pointer|
|m_axi_gmem0_ARREADY    |   in|    1|       m_axi|         gmem0|       pointer|
|m_axi_gmem0_ARADDR     |  out|   64|       m_axi|         gmem0|       pointer|
|m_axi_gmem0_ARID       |  out|    1|       m_axi|         gmem0|       pointer|
|m_axi_gmem0_ARLEN      |  out|    8|       m_axi|         gmem0|       pointer|
|m_axi_gmem0_ARSIZE     |  out|    3|       m_axi|         gmem0|       pointer|
|m_axi_gmem0_ARBURST    |  out|    2|       m_axi|         gmem0|       pointer|
|m_axi_gmem0_ARLOCK     |  out|    2|       m_axi|         gmem0|       pointer|
|m_axi_gmem0_ARCACHE    |  out|    4|       m_axi|         gmem0|       pointer|
|m_axi_gmem0_ARPROT     |  out|    3|       m_axi|         gmem0|       pointer|
|m_axi_gmem0_ARQOS      |  out|    4|       m_axi|         gmem0|       pointer|
|m_axi_gmem0_ARREGION   |  out|    4|       m_axi|         gmem0|       pointer|
|m_axi_gmem0_ARUSER     |  out|    1|       m_axi|         gmem0|       pointer|
|m_axi_gmem0_RVALID     |   in|    1|       m_axi|         gmem0|       pointer|
|m_axi_gmem0_RREADY     |  out|    1|       m_axi|         gmem0|       pointer|
|m_axi_gmem0_RDATA      |   in|   32|       m_axi|         gmem0|       pointer|
|m_axi_gmem0_RLAST      |   in|    1|       m_axi|         gmem0|       pointer|
|m_axi_gmem0_RID        |   in|    1|       m_axi|         gmem0|       pointer|
|m_axi_gmem0_RUSER      |   in|    1|       m_axi|         gmem0|       pointer|
|m_axi_gmem0_RRESP      |   in|    2|       m_axi|         gmem0|       pointer|
|m_axi_gmem0_BVALID     |   in|    1|       m_axi|         gmem0|       pointer|
|m_axi_gmem0_BREADY     |  out|    1|       m_axi|         gmem0|       pointer|
|m_axi_gmem0_BRESP      |   in|    2|       m_axi|         gmem0|       pointer|
|m_axi_gmem0_BID        |   in|    1|       m_axi|         gmem0|       pointer|
|m_axi_gmem0_BUSER      |   in|    1|       m_axi|         gmem0|       pointer|
+-----------------------+-----+-----+------------+--------------+--------------+

