

================================================================
== Vitis HLS Report for 'modp_iNTT2_ext_1'
================================================================
* Date:           Mon Mar  4 11:09:17 2024

* Version:        2022.1 (Build 3526262 on Mon Apr 18 15:47:01 MDT 2022)
* Project:        hls_ip
* Solution:       solution1 (Vivado IP Flow Target)
* Product family: zynq
* Target device:  xc7z020-clg400-1


================================================================
== Performance Estimates
================================================================
+ Timing: 
    * Summary: 
    +--------+---------+-----------+------------+
    |  Clock |  Target | Estimated | Uncertainty|
    +--------+---------+-----------+------------+
    |ap_clk  |  0.10 us|  41.955 ns|    27.00 ns|
    +--------+---------+-----------+------------+

+ Latency: 
    * Summary: 
    +---------+---------+----------+----------+-----+-----+---------+
    |  Latency (cycles) |  Latency (absolute) |  Interval | Pipeline|
    |   min   |   max   |    min   |    max   | min | max |   Type  |
    +---------+---------+----------+----------+-----+-----+---------+
    |        ?|        ?|         ?|         ?|    ?|    ?|       no|
    +---------+---------+----------+----------+-----+-----+---------+

    + Detail: 
        * Instance: 
        N/A

        * Loop: 
        +---------------------+---------+---------+----------+-----------+-----------+-------+----------+
        |                     |  Latency (cycles) | Iteration|  Initiation Interval  |  Trip |          |
        |      Loop Name      |   min   |   max   |  Latency |  achieved |   target  | Count | Pipelined|
        +---------------------+---------+---------+----------+-----------+-----------+-------+----------+
        |- iNTT_loop1         |        ?|        ?|         ?|          -|          -|      ?|        no|
        | + iNTT_loop2        |        ?|        ?|         ?|          -|          -|  1 ~ ?|        no|
        |  ++ iNTT_loop3      |        ?|        ?|         3|          -|          -|      ?|        no|
        |- VITIS_LOOP_1373_1  |        ?|        ?|         2|          -|          -|      ?|        no|
        +---------------------+---------+---------+----------+-----------+-----------+-------+----------+



================================================================
== Utilization Estimates
================================================================
* Summary: 
+-----------------+---------+-----+--------+-------+-----+
|       Name      | BRAM_18K| DSP |   FF   |  LUT  | URAM|
+-----------------+---------+-----+--------+-------+-----+
|DSP              |        -|    2|       -|      -|    -|
|Expression       |        -|    -|       0|   1599|    -|
|FIFO             |        -|    -|       -|      -|    -|
|Instance         |        -|   18|       0|    132|    -|
|Memory           |        -|    -|       -|      -|    -|
|Multiplexer      |        -|    -|       -|    214|    -|
|Register         |        -|    -|    1234|      -|    -|
+-----------------+---------+-----+--------+-------+-----+
|Total            |        0|   20|    1234|   1945|    0|
+-----------------+---------+-----+--------+-------+-----+
|Available        |      280|  220|  106400|  53200|    0|
+-----------------+---------+-----+--------+-------+-----+
|Utilization (%)  |        0|    9|       1|      3|    0|
+-----------------+---------+-----+--------+-------+-----+

+ Detail: 
    * Instance: 
    +---------------------------+----------------------+---------+----+---+----+-----+
    |          Instance         |        Module        | BRAM_18K| DSP| FF| LUT| URAM|
    +---------------------------+----------------------+---------+----+---+----+-----+
    |mul_31ns_31ns_62_1_1_U199  |mul_31ns_31ns_62_1_1  |        0|   3|  0|  23|    0|
    |mul_31ns_31ns_62_1_1_U202  |mul_31ns_31ns_62_1_1  |        0|   3|  0|  23|    0|
    |mul_31s_31s_31_1_1_U198    |mul_31s_31s_31_1_1    |        0|   3|  0|  23|    0|
    |mul_31s_31s_31_1_1_U201    |mul_31s_31s_31_1_1    |        0|   3|  0|  23|    0|
    |mul_32ns_32ns_63_1_1_U197  |mul_32ns_32ns_63_1_1  |        0|   3|  0|  20|    0|
    |mul_32ns_32ns_63_1_1_U200  |mul_32ns_32ns_63_1_1  |        0|   3|  0|  20|    0|
    +---------------------------+----------------------+---------+----+---+----+-----+
    |Total                      |                      |        0|  18|  0| 132|    0|
    +---------------------------+----------------------+---------+----+---+----+-----+

    * DSP: 
    +-----------------------------+------------------------+-----------+
    |           Instance          |         Module         | Expression|
    +-----------------------------+------------------------+-----------+
    |mul_mul_13s_9ns_13_4_1_U203  |mul_mul_13s_9ns_13_4_1  |    i0 * i1|
    |mul_mul_13s_9ns_13_4_1_U204  |mul_mul_13s_9ns_13_4_1  |    i0 * i1|
    +-----------------------------+------------------------+-----------+

    * Memory: 
    N/A

    * FIFO: 
    N/A

    * Expression: 
    +--------------------------+----------+----+---+-----+------------+------------+
    |       Variable Name      | Operation| DSP| FF| LUT | Bitwidth P0| Bitwidth P1|
    +--------------------------+----------+----+---+-----+------------+------------+
    |add_ln1348_7_fu_454_p2    |         +|   0|  0|   14|          13|          13|
    |add_ln1348_fu_436_p2      |         +|   0|  0|   14|          13|          13|
    |add_ln1351_3_fu_375_p2    |         +|   0|  0|   20|          15|          15|
    |add_ln1351_fu_362_p2      |         +|   0|  0|   14|          13|          13|
    |add_ln1354_2_fu_502_p2    |         +|   0|  0|   71|          64|          64|
    |add_ln1373_2_fu_736_p2    |         +|   0|  0|   71|          64|          64|
    |add_ln685_fu_517_p2       |         +|   0|  0|   32|          32|          32|
    |add_ln697_fu_594_p2       |         +|   0|  0|   39|          32|          32|
    |add_ln723_1_fu_631_p2     |         +|   0|  0|   70|          63|          63|
    |add_ln723_fu_782_p2       |         +|   0|  0|   70|          63|          63|
    |d_7_fu_832_p2             |         +|   0|  0|   39|          32|          32|
    |d_9_fu_681_p2             |         +|   0|  0|   39|          32|          32|
    |grp_fu_844_p0             |         +|   0|  0|   14|          13|          13|
    |k_16_fu_695_p2            |         +|   0|  0|   71|          64|           1|
    |r1_fu_449_p2              |         +|   0|  0|   20|          15|          15|
    |r2_fu_467_p2              |         +|   0|  0|   20|          15|          15|
    |r_fu_716_p2               |         +|   0|  0|   20|          15|          15|
    |u_fu_352_p2               |         +|   0|  0|   70|          63|           1|
    |v1_2_fu_507_p2            |         +|   0|  0|   71|          64|          64|
    |v_fu_426_p2               |         +|   0|  0|   71|          64|           1|
    |vla18_d1                  |         +|   0|  0|   39|          32|          32|
    |d_8_fu_647_p2             |         -|   0|  0|   39|          32|          32|
    |d_fu_798_p2               |         -|   0|  0|   39|          32|          32|
    |sub_ln1372_fu_322_p2      |         -|   0|  0|   39|           5|          32|
    |sub_ln685_fu_512_p2       |         -|   0|  0|   32|          32|          32|
    |sub_ln697_fu_559_p2       |         -|   0|  0|   39|          32|          32|
    |and_ln685_fu_539_p2       |       and|   0|  0|   25|          25|          25|
    |and_ln697_fu_581_p2       |       and|   0|  0|   25|          25|          25|
    |and_ln724_1_fu_668_p2     |       and|   0|  0|   25|          25|          25|
    |and_ln724_fu_819_p2       |       and|   0|  0|   25|          25|          25|
    |icmp_ln1334_fu_243_p2     |      icmp|   0|  0|   18|          32|           1|
    |icmp_ln1339_fu_286_p2     |      icmp|   0|  0|   28|          63|           1|
    |icmp_ln1345_fu_347_p2     |      icmp|   0|  0|   28|          63|          63|
    |icmp_ln1354_fu_420_p2     |      icmp|   0|  0|   29|          64|          64|
    |icmp_ln1373_fu_690_p2     |      icmp|   0|  0|   29|          64|          64|
    |select_ln685_fu_531_p3    |    select|   0|  0|    2|           1|           2|
    |select_ln697_fu_573_p3    |    select|   0|  0|    2|           1|           2|
    |select_ln724_1_fu_660_p3  |    select|   0|  0|    2|           1|           2|
    |select_ln724_fu_811_p3    |    select|   0|  0|    2|           1|           2|
    |n_fu_253_p2               |       shl|   0|  0|  182|           1|          64|
    |ni_fu_327_p2              |       shl|   0|  0|  100|           1|          32|
    +--------------------------+----------+----+---+-----+------------+------------+
    |Total                     |          |   0|  0| 1599|        1306|        1150|
    +--------------------------+----------+----+---+-----+------------+------------+

    * Multiplexer: 
    +----------------+----+-----------+-----+-----------+
    |      Name      | LUT| Input Size| Bits| Total Bits|
    +----------------+----+-----------+-----+-----------+
    |ap_NS_fsm       |  65|         12|    1|         12|
    |idx18_reg_213   |   9|          2|   64|        128|
    |idx_fu_94       |   9|          2|   64|        128|
    |k_02_fu_98      |   9|          2|   64|        128|
    |m_6_fu_90       |   9|          2|   64|        128|
    |t_fu_86         |   9|          2|   64|        128|
    |u_09_reg_191    |   9|          2|   63|        126|
    |v1_reg_179      |   9|          2|   64|        128|
    |v_05_reg_202    |   9|          2|   64|        128|
    |vla18_address0  |  25|          5|   13|         65|
    |vla18_address1  |  20|          4|   13|         52|
    |vla18_d0        |  14|          3|   32|         96|
    |vla18_we0       |   9|          2|    4|          8|
    |vla18_we1       |   9|          2|    4|          8|
    +----------------+----+-----------+-----+-----------+
    |Total           | 214|         44|  578|       1263|
    +----------------+----+-----------+-----+-----------+

    * Register: 
    +--------------------------------+----+----+-----+-----------+
    |              Name              | FF | LUT| Bits| Const Bits|
    +--------------------------------+----+----+-----+-----------+
    |add_ln1354_2_reg_1033           |  64|   0|   64|          0|
    |ap_CS_fsm                       |  11|   0|   11|          0|
    |d_9_reg_1043                    |  32|   0|   32|          0|
    |dt_reg_941                      |  63|   0|   64|          1|
    |hm_reg_931                      |  63|   0|   63|          0|
    |icmp_ln1334_reg_899             |   1|   0|    1|          0|
    |idx18_reg_213                   |  64|   0|   64|          0|
    |idx_fu_94                       |  64|   0|   64|          0|
    |k_02_fu_98                      |  64|   0|   64|          0|
    |lshr_ln_reg_979                 |  13|   0|   13|          0|
    |m_6_fu_90                       |  64|   0|   64|          0|
    |mul_ln1352_reg_999              |  13|   0|   13|          0|
    |mul_ln1353_reg_1004             |  13|   0|   13|          0|
    |n_reg_917                       |  64|   0|   64|          0|
    |p_cast2_cast_cast_cast_reg_880  |  31|   0|   32|          1|
    |stride_cast1_reg_887            |   9|   0|   64|         55|
    |stride_cast_reg_893             |   9|   0|   13|          4|
    |t_fu_86                         |  64|   0|   64|          0|
    |trunc_ln_reg_947                |  13|   0|   13|          0|
    |u_09_reg_191                    |  63|   0|   63|          0|
    |u_reg_974                       |  63|   0|   63|          0|
    |v1_reg_179                      |  64|   0|   64|          0|
    |v_05_reg_202                    |  64|   0|   64|          0|
    |v_reg_1017                      |  64|   0|   64|          0|
    |vla18_addr_315_reg_1051         |  13|   0|   13|          0|
    |vla18_addr_316_reg_1022         |  13|   0|   13|          0|
    |vla18_addr_317_reg_1028         |  13|   0|   13|          0|
    |zext_ln1339_reg_922             |  31|   0|   62|         31|
    |zext_ln1343_reg_936             |  63|   0|   64|          1|
    |zext_ln1354_reg_1009            |  32|   0|   63|         31|
    |zext_ln1373_reg_966             |  32|   0|   63|         31|
    +--------------------------------+----+----+-----+-----------+
    |Total                           |1234|   0| 1389|        155|
    +--------------------------------+----+----+-----+-----------+



================================================================
== Interface
================================================================
* Summary: 
+----------------+-----+-----+------------+------------------+--------------+
|    RTL Ports   | Dir | Bits|  Protocol  |   Source Object  |    C Type    |
+----------------+-----+-----+------------+------------------+--------------+
|ap_clk          |   in|    1|  ap_ctrl_hs|  modp_iNTT2_ext.1|  return value|
|ap_rst          |   in|    1|  ap_ctrl_hs|  modp_iNTT2_ext.1|  return value|
|ap_start        |   in|    1|  ap_ctrl_hs|  modp_iNTT2_ext.1|  return value|
|ap_done         |  out|    1|  ap_ctrl_hs|  modp_iNTT2_ext.1|  return value|
|ap_idle         |  out|    1|  ap_ctrl_hs|  modp_iNTT2_ext.1|  return value|
|ap_ready        |  out|    1|  ap_ctrl_hs|  modp_iNTT2_ext.1|  return value|
|vla18_address0  |  out|   13|   ap_memory|             vla18|         array|
|vla18_ce0       |  out|    1|   ap_memory|             vla18|         array|
|vla18_we0       |  out|    4|   ap_memory|             vla18|         array|
|vla18_d0        |  out|   32|   ap_memory|             vla18|         array|
|vla18_q0        |   in|   32|   ap_memory|             vla18|         array|
|vla18_address1  |  out|   13|   ap_memory|             vla18|         array|
|vla18_ce1       |  out|    1|   ap_memory|             vla18|         array|
|vla18_we1       |  out|    4|   ap_memory|             vla18|         array|
|vla18_d1        |  out|   32|   ap_memory|             vla18|         array|
|vla18_q1        |   in|   32|   ap_memory|             vla18|         array|
|a               |   in|   15|     ap_none|                 a|        scalar|
|stride          |   in|    9|     ap_none|            stride|        scalar|
|igm             |   in|   15|     ap_none|               igm|        scalar|
|logn            |   in|   32|     ap_none|              logn|        scalar|
|p               |   in|   25|     ap_none|                 p|        scalar|
|p0i             |   in|   31|     ap_none|               p0i|        scalar|
+----------------+-----+-----+------------+------------------+--------------+

