

================================================================
== Vitis HLS Report for 'mq_NTT_1'
================================================================
* Date:           Mon Mar  4 11:09:16 2024

* Version:        2022.1 (Build 3526262 on Mon Apr 18 15:47:01 MDT 2022)
* Project:        hls_ip
* Solution:       solution1 (Vivado IP Flow Target)
* Product family: zynq
* Target device:  xc7z020-clg400-1


================================================================
== Performance Estimates
================================================================
+ Timing: 
    * Summary: 
    +--------+---------+-----------+------------+
    |  Clock |  Target | Estimated | Uncertainty|
    +--------+---------+-----------+------------+
    |ap_clk  |  0.10 us|  16.811 ns|    27.00 ns|
    +--------+---------+-----------+------------+

+ Latency: 
    * Summary: 
    +---------+---------+----------+----------+-----+-----+---------+
    |  Latency (cycles) |  Latency (absolute) |  Interval | Pipeline|
    |   min   |   max   |    min   |    max   | min | max |   Type  |
    +---------+---------+----------+----------+-----+-----+---------+
    |        ?|        ?|         ?|         ?|    ?|    ?|       no|
    +---------+---------+----------+----------+-----+-----+---------+

    + Detail: 
        * Instance: 
        N/A

        * Loop: 
        +-----------------------+---------+---------+----------+-----------+-----------+----------+----------+
        |                       |  Latency (cycles) | Iteration|  Initiation Interval  |   Trip   |          |
        |       Loop Name       |   min   |   max   |  Latency |  achieved |   target  |   Count  | Pipelined|
        +-----------------------+---------+---------+----------+-----------+-----------+----------+----------+
        |- VITIS_LOOP_511_1     |        ?|        ?|         ?|          -|          -|        10|        no|
        | + VITIS_LOOP_515_2    |        ?|        ?|         ?|          -|          -|  0 ~ 1023|        no|
        |  ++ VITIS_LOOP_521_3  |        ?|        ?|        12|          -|          -|         ?|        no|
        +-----------------------+---------+---------+----------+-----------+-----------+----------+----------+



================================================================
== Utilization Estimates
================================================================
* Summary: 
+-----------------+---------+-----+--------+-------+-----+
|       Name      | BRAM_18K| DSP |   FF   |  LUT  | URAM|
+-----------------+---------+-----+--------+-------+-----+
|DSP              |        -|    3|       -|      -|    -|
|Expression       |        -|    -|       0|    442|    -|
|FIFO             |        -|    -|       -|      -|    -|
|Instance         |        -|    -|       -|      -|    -|
|Memory           |        1|    -|       0|      0|    -|
|Multiplexer      |        -|    -|       -|    183|    -|
|Register         |        -|    -|     349|      -|    -|
+-----------------+---------+-----+--------+-------+-----+
|Total            |        1|    3|     349|    625|    0|
+-----------------+---------+-----+--------+-------+-----+
|Available        |      280|  220|  106400|  53200|    0|
+-----------------+---------+-----+--------+-------+-----+
|Utilization (%)  |       ~0|    1|      ~0|      1|    0|
+-----------------+---------+-----+--------+-------+-----+

+ Detail: 
    * Instance: 
    N/A

    * DSP: 
    +---------------------------------------+----------------------------------+--------------+
    |                Instance               |              Module              |  Expression  |
    +---------------------------------------+----------------------------------+--------------+
    |mac_muladd_16ns_14ns_30ns_31_4_1_U120  |mac_muladd_16ns_14ns_30ns_31_4_1  |  i0 * i1 + i2|
    |mul_mul_16ns_14ns_30_4_1_U118          |mul_mul_16ns_14ns_30_4_1          |       i0 * i1|
    |mul_mul_16s_14ns_16_4_1_U119           |mul_mul_16s_14ns_16_4_1           |       i0 * i1|
    +---------------------------------------+----------------------------------+--------------+

    * Memory: 
    +-------+------------------------+---------+---+----+-----+------+-----+------+-------------+
    | Memory|         Module         | BRAM_18K| FF| LUT| URAM| Words| Bits| Banks| W*Bits*Banks|
    +-------+------------------------+---------+---+----+-----+------+-----+------+-------------+
    |GMb_U  |mq_NTT_GMb_ROM_AUTO_1R  |        1|  0|   0|    0|  1024|   14|     1|        14336|
    +-------+------------------------+---------+---+----+-----+------+-----+------+-------------+
    |Total  |                        |        1|  0|   0|    0|  1024|   14|     1|        14336|
    +-------+------------------------+---------+---+----+-----+------+-----+------+-------------+

    * FIFO: 
    N/A

    * Expression: 
    +------------------------+----------+----+---+----+------------+------------+
    |      Variable Name     | Operation| DSP| FF| LUT| Bitwidth P0| Bitwidth P1|
    +------------------------+----------+----+---+----+------------+------------+
    |add_ln356_fu_373_p2     |         +|   0|  0|  24|          17|          15|
    |add_ln515_fu_293_p2     |         +|   0|  0|  27|          20|          20|
    |add_ln519_fu_224_p2     |         +|   0|  0|  13|          10|          10|
    |add_ln525_fu_267_p2     |         +|   0|  0|  12|          11|          11|
    |add_ln526_1_fu_397_p2   |         +|   0|  0|  23|          16|          16|
    |add_ln526_2_fu_403_p2   |         +|   0|  0|  16|          16|          16|
    |add_ln526_fu_417_p2     |         +|   0|  0|  16|          16|          16|
    |add_ln527_fu_450_p2     |         +|   0|  0|  23|          16|          16|
    |d_fu_383_p2             |         +|   0|  0|  25|          18|          18|
    |i_fu_215_p2             |         +|   0|  0|  13|          10|           1|
    |j1_fu_287_p2            |         +|   0|  0|  27|          20|          20|
    |j_8_fu_277_p2           |         +|   0|  0|  71|          64|           1|
    |z_87_fu_337_p2          |         +|   0|  0|  20|          15|          15|
    |z_89_fu_363_p2          |         +|   0|  0|  23|          16|          16|
    |d_4_fu_424_p2           |         -|   0|  0|  25|          18|          18|
    |icmp_ln515_fu_210_p2    |      icmp|   0|  0|  11|          11|          11|
    |icmp_ln521_fu_257_p2    |      icmp|   0|  0|  29|          64|          64|
    |select_ln422_fu_355_p3  |    select|   0|  0|  14|           1|          14|
    |select_ln526_fu_409_p3  |    select|   0|  0|  16|           1|          15|
    |select_ln527_fu_442_p3  |    select|   0|  0|  14|           1|          14|
    +------------------------+----------+----+---+----+------------+------------+
    |Total                   |          |   0|  0| 442|         361|         327|
    +------------------------+----------+----+---+----+------------+------------+

    * Multiplexer: 
    +--------------------+----+-----------+-----+-----------+
    |        Name        | LUT| Input Size| Bits| Total Bits|
    +--------------------+----+-----------+-----+-----------+
    |ap_NS_fsm           |  81|         17|    1|         17|
    |i_04_reg_140        |   9|          2|   10|         20|
    |indvars_iv_reg_118  |   9|          2|   20|         40|
    |j1_2_reg_128        |   9|          2|   20|         40|
    |j_02_reg_151        |   9|          2|   64|        128|
    |m_fu_80             |   9|          2|   11|         22|
    |t_fu_76             |   9|          2|   11|         22|
    |tmp2108_address0    |  25|          5|   11|         55|
    |tmp2108_d0          |  14|          3|   16|         48|
    |tmp2108_we0         |   9|          2|    2|          4|
    +--------------------+----+-----------+-----+-----------+
    |Total               | 183|         39|  166|        396|
    +--------------------+----+-----------+-----+-----------+

    * Register: 
    +------------------------+----+----+-----+-----------+
    |          Name          | FF | LUT| Bits| Const Bits|
    +------------------------+----+----+-----+-----------+
    |add_ln527_reg_590       |  16|   0|   16|          0|
    |ap_CS_fsm               |  16|   0|   16|          0|
    |i_04_reg_140            |  10|   0|   10|          0|
    |i_reg_517               |  10|   0|   10|          0|
    |indvars_iv_reg_118      |  20|   0|   20|          0|
    |j1_2_reg_128            |  20|   0|   20|          0|
    |j_02_reg_151            |  64|   0|   64|          0|
    |j_8_reg_545             |  64|   0|   64|          0|
    |m_fu_80                 |  11|   0|   11|          0|
    |t_fu_76                 |  11|   0|   11|          0|
    |tmp2108_addr_1_reg_540  |  11|   0|   11|          0|
    |tmp2108_addr_reg_580    |  11|   0|   11|          0|
    |trunc_ln524_reg_535     |  11|   0|   11|          0|
    |z_reg_565               |  30|   0|   30|          0|
    |zext_ln514_reg_498      |  10|   0|   11|          1|
    |zext_ln515_reg_509      |  20|   0|   64|         44|
    |zext_ln517_reg_527      |  14|   0|   30|         16|
    +------------------------+----+----+-----+-----------+
    |Total                   | 349|   0|  410|         61|
    +------------------------+----+----+-----+-----------+



================================================================
== Interface
================================================================
* Summary: 
+------------------+-----+-----+------------+--------------+--------------+
|     RTL Ports    | Dir | Bits|  Protocol  | Source Object|    C Type    |
+------------------+-----+-----+------------+--------------+--------------+
|ap_clk            |   in|    1|  ap_ctrl_hs|      mq_NTT.1|  return value|
|ap_rst            |   in|    1|  ap_ctrl_hs|      mq_NTT.1|  return value|
|ap_start          |   in|    1|  ap_ctrl_hs|      mq_NTT.1|  return value|
|ap_done           |  out|    1|  ap_ctrl_hs|      mq_NTT.1|  return value|
|ap_idle           |  out|    1|  ap_ctrl_hs|      mq_NTT.1|  return value|
|ap_ready          |  out|    1|  ap_ctrl_hs|      mq_NTT.1|  return value|
|tmp2108_address0  |  out|   11|   ap_memory|       tmp2108|         array|
|tmp2108_ce0       |  out|    1|   ap_memory|       tmp2108|         array|
|tmp2108_we0       |  out|    2|   ap_memory|       tmp2108|         array|
|tmp2108_d0        |  out|   16|   ap_memory|       tmp2108|         array|
|tmp2108_q0        |   in|   16|   ap_memory|       tmp2108|         array|
+------------------+-----+-----+------------+--------------+--------------+

