

================================================================
== Vitis HLS Report for 'poly_sub_scaled_ntt_1'
================================================================
* Date:           Mon Mar  4 11:09:24 2024

* Version:        2022.1 (Build 3526262 on Mon Apr 18 15:47:01 MDT 2022)
* Project:        hls_ip
* Solution:       solution1 (Vivado IP Flow Target)
* Product family: zynq
* Target device:  xc7z020-clg400-1


================================================================
== Performance Estimates
================================================================
+ Timing: 
    * Summary: 
    +--------+---------+-----------+------------+
    |  Clock |  Target | Estimated | Uncertainty|
    +--------+---------+-----------+------------+
    |ap_clk  |  0.10 us|  71.885 ns|    27.00 ns|
    +--------+---------+-----------+------------+

+ Latency: 
    * Summary: 
    +---------+---------+----------+----------+-----+-----+---------+
    |  Latency (cycles) |  Latency (absolute) |  Interval | Pipeline|
    |   min   |   max   |    min   |    max   | min | max |   Type  |
    +---------+---------+----------+----------+-----+-----+---------+
    |        ?|        ?|         ?|         ?|    ?|    ?|       no|
    +---------+---------+----------+----------+-----+-----+---------+

    + Detail: 
        * Instance: 
        +--------------------------------+--------------------+---------+---------+----------+----------+-----+-----+---------+
        |                                |                    |  Latency (cycles) |  Latency (absolute) |  Interval | Pipeline|
        |            Instance            |       Module       |   min   |   max   |    min   |    max   | min | max |   Type  |
        +--------------------------------+--------------------+---------+---------+----------+----------+-----+-----+---------+
        |grp_modp_montymul_fu_800        |modp_montymul       |        0|        0|      0 ns|      0 ns|    0|    0|       no|
        |grp_zint_rebuild_CRT_1_fu_1154  |zint_rebuild_CRT_1  |        ?|        ?|         ?|         ?|    ?|    ?|       no|
        |grp_modp_NTT2_ext_1_fu_1171     |modp_NTT2_ext_1     |        ?|        ?|         ?|         ?|    ?|    ?|       no|
        +--------------------------------+--------------------+---------+---------+----------+----------+-----+-----+---------+

        * Loop: 
        +------------------------+---------+---------+----------+-----------+-----------+-----------+----------+
        |                        |  Latency (cycles) | Iteration|  Initiation Interval  |    Trip   |          |
        |        Loop Name       |   min   |   max   |  Latency |  achieved |   target  |   Count   | Pipelined|
        +------------------------+---------+---------+----------+-----------+-----------+-----------+----------+
        |- VITIS_LOOP_2474_1     |        ?|        ?|         ?|          -|          -|    2 ~ 210|        no|
        | + VITIS_LOOP_779_1     |        ?|        ?|         2|          -|          -|          ?|        no|
        | + VITIS_LOOP_954_1     |        ?|        ?|         1|          -|          -|          ?|        no|
        | + VITIS_LOOP_808_1     |       62|       62|         2|          -|          -|         31|        no|
        | + VITIS_LOOP_962_2     |      192|     3072|         3|          -|          -|  64 ~ 1024|        no|
        | + VITIS_LOOP_2485_2    |      128|     2048|         2|          -|          -|  64 ~ 1024|        no|
        | + VITIS_LOOP_2490_3    |      256|   430080|   4 ~ 420|          -|          -|  64 ~ 1024|        no|
        |  ++ VITIS_LOOP_1520_1  |        1|      417|         2|          -|          -|    1 ~ 209|        no|
        | + VITIS_LOOP_2497_4    |      192|     3072|         3|          -|          -|  64 ~ 1024|        no|
        | + iNTT_loop1           |        ?|        ?|         ?|          -|          -|          ?|        no|
        |  ++ iNTT_loop2         |        ?|        ?|         ?|          -|          -|      1 ~ ?|        no|
        |   +++ iNTT_loop3       |        ?|        ?|         3|          -|          -|          ?|        no|
        | + VITIS_LOOP_1373_1    |      128|     2048|         2|          -|          -|  64 ~ 1024|        no|
        |- VITIS_LOOP_2513_5     |        ?|        ?|         ?|          -|          -|  64 ~ 1024|        no|
        | + VITIS_LOOP_2284_1    |        ?|        ?|         2|          -|          -|          ?|        no|
        +------------------------+---------+---------+----------+-----------+-----------+-----------+----------+



================================================================
== Utilization Estimates
================================================================
* Summary: 
+-----------------+---------+-----+--------+-------+-----+
|       Name      | BRAM_18K| DSP |   FF   |  LUT  | URAM|
+-----------------+---------+-----+--------+-------+-----+
|DSP              |        -|    2|       -|      -|    -|
|Expression       |        -|    -|       0|   3573|    -|
|FIFO             |        -|    -|       -|      -|    -|
|Instance         |        4|   80|    2319|   5111|    -|
|Memory           |        1|    -|       0|      0|    -|
|Multiplexer      |        -|    -|       -|    997|    -|
|Register         |        -|    -|    2401|      -|    -|
+-----------------+---------+-----+--------+-------+-----+
|Total            |        5|   82|    4720|   9681|    0|
+-----------------+---------+-----+--------+-------+-----+
|Available        |      280|  220|  106400|  53200|    0|
+-----------------+---------+-----+--------+-------+-----+
|Utilization (%)  |        1|   37|       4|     18|    0|
+-----------------+---------+-----+--------+-------+-----+

+ Detail: 
    * Instance: 
    +--------------------------------+---------------------+---------+----+------+------+-----+
    |            Instance            |        Module       | BRAM_18K| DSP|  FF  |  LUT | URAM|
    +--------------------------------+---------------------+---------+----+------+------+-----+
    |grp_modp_NTT2_ext_1_fu_1171     |modp_NTT2_ext_1      |        0|  11|  1007|  1323|    0|
    |grp_modp_montymul_fu_800        |modp_montymul        |        0|   9|     0|   244|    0|
    |mul_25s_24ns_31_1_1_U378        |mul_25s_24ns_31_1_1  |        0|   1|     0|    47|    0|
    |mul_25s_31s_31_1_1_U380         |mul_25s_31s_31_1_1   |        0|   2|     0|    23|    0|
    |mul_25s_31s_31_1_1_U382         |mul_25s_31s_31_1_1   |        0|   2|     0|    23|    0|
    |mul_25s_31s_31_1_1_U384         |mul_25s_31s_31_1_1   |        0|   2|     0|    23|    0|
    |mul_31s_24ns_31_1_1_U379        |mul_31s_24ns_31_1_1  |        0|   2|     0|    23|    0|
    |mul_31s_31s_31_1_1_U381         |mul_31s_31s_31_1_1   |        0|   3|     0|    23|    0|
    |mul_31s_31s_31_1_1_U383         |mul_31s_31s_31_1_1   |        0|   3|     0|    23|    0|
    |mul_31s_31s_31_1_1_U385         |mul_31s_31s_31_1_1   |        0|   3|     0|    23|    0|
    |grp_zint_rebuild_CRT_1_fu_1154  |zint_rebuild_CRT_1   |        4|  42|  1312|  3336|    0|
    +--------------------------------+---------------------+---------+----+------+------+-----+
    |Total                           |                     |        4|  80|  2319|  5111|    0|
    +--------------------------------+---------------------+---------+----+------+------+-----+

    * DSP: 
    +---------------------------------------------+----------------------------------------+---------------------+
    |                   Instance                  |                 Module                 |      Expression     |
    +---------------------------------------------+----------------------------------------+---------------------+
    |ama_addmuladd_13s_13ns_8ns_12ns_13_4_1_U387  |ama_addmuladd_13s_13ns_8ns_12ns_13_4_1  |  (i0 + i1) * i2 + i3|
    |mac_muladd_13s_8ns_12ns_13_4_1_U386          |mac_muladd_13s_8ns_12ns_13_4_1          |         i0 * i1 + i2|
    +---------------------------------------------+----------------------------------------+---------------------+

    * Memory: 
    +---------+--------------------------------+---------+---+----+-----+------+-----+------+-------------+
    |  Memory |             Module             | BRAM_18K| FF| LUT| URAM| Words| Bits| Banks| W*Bits*Banks|
    +---------+--------------------------------+---------+---+----+-----+------+-----+------+-------------+
    |REV10_U  |modp_mkgm2_1_REV10_ROM_AUTO_1R  |        1|  0|   0|    0|  1024|   10|     1|        10240|
    +---------+--------------------------------+---------+---+----+-----+------+-----+------+-------------+
    |Total    |                                |        1|  0|   0|    0|  1024|   10|     1|        10240|
    +---------+--------------------------------+---------+---+----+-----+------+-----+------+-------------+

    * FIFO: 
    N/A

    * Expression: 
    +---------------------------+----------+----+---+-----+------------+------------+
    |       Variable Name       | Operation| DSP| FF| LUT | Bitwidth P0| Bitwidth P1|
    +---------------------------+----------+----+---+-----+------------+------------+
    |add_ln1329_fu_2658_p2      |         +|   0|  0|   14|          13|          13|
    |add_ln1348_2_fu_2496_p2    |         +|   0|  0|   14|          13|          13|
    |add_ln1348_fu_2478_p2      |         +|   0|  0|   14|          13|          13|
    |add_ln1351_1_fu_2418_p2    |         +|   0|  0|   12|          12|          12|
    |add_ln1351_2_fu_2442_p2    |         +|   0|  0|   20|          15|          15|
    |add_ln1351_fu_2413_p2      |         +|   0|  0|   12|          12|          12|
    |add_ln1354_1_fu_2544_p2    |         +|   0|  0|   71|          64|          64|
    |add_ln1373_1_fu_2691_p2    |         +|   0|  0|   25|          18|          18|
    |add_ln1524_2_fu_2026_p2    |         +|   0|  0|   20|          15|          15|
    |add_ln1524_3_fu_2013_p2    |         +|   0|  0|   14|          13|          13|
    |add_ln1524_fu_1980_p2      |         +|   0|  0|   14|          13|           2|
    |add_ln1544_2_fu_2150_p2    |         +|   0|  0|   20|          15|          15|
    |add_ln1544_fu_2138_p2      |         +|   0|  0|   14|          13|          13|
    |add_ln2281_1_fu_2752_p2    |         +|   0|  0|   20|          15|          15|
    |add_ln2281_2_fu_2739_p2    |         +|   0|  0|   14|          13|          13|
    |add_ln2281_fu_2734_p2      |         +|   0|  0|   14|          13|          13|
    |add_ln2293_1_fu_2846_p2    |         +|   0|  0|   20|          15|          15|
    |add_ln2293_fu_2833_p2      |         +|   0|  0|   14|          13|          13|
    |add_ln2297_1_fu_2883_p2    |         +|   0|  0|   20|          15|          15|
    |add_ln2297_fu_2870_p2      |         +|   0|  0|   14|          13|          13|
    |add_ln2457_2_fu_2279_p2    |         +|   0|  0|   14|          13|          13|
    |add_ln2457_fu_1958_p2      |         +|   0|  0|   14|          13|          13|
    |add_ln2467_fu_1306_p2      |         +|   0|  0|   14|          13|          13|
    |add_ln2487_1_fu_1907_p2    |         +|   0|  0|   14|          13|          13|
    |add_ln2487_2_fu_1920_p2    |         +|   0|  0|   20|          15|          15|
    |add_ln2487_fu_1844_p2      |         +|   0|  0|   20|          15|          15|
    |add_ln2490_fu_1864_p2      |         +|   0|  0|   12|          12|          12|
    |add_ln2491_1_fu_2179_p2    |         +|   0|  0|   25|          18|          18|
    |add_ln2491_2_fu_2184_p2    |         +|   0|  0|   25|          18|          18|
    |add_ln2497_1_fu_2353_p2    |         +|   0|  0|   25|          18|          18|
    |add_ln2500_1_fu_2318_p2    |         +|   0|  0|   20|          15|          15|
    |add_ln2500_fu_2305_p2      |         +|   0|  0|   14|          13|          13|
    |add_ln2513_1_fu_2909_p2    |         +|   0|  0|   26|          19|          19|
    |add_ln2513_2_fu_2914_p2    |         +|   0|  0|   25|          18|          18|
    |add_ln685_10_fu_2097_p2    |         +|   0|  0|   32|          32|          32|
    |add_ln685_12_fu_2559_p2    |         +|   0|  0|   32|          32|          32|
    |add_ln685_13_fu_2594_p2    |         +|   0|  0|   39|          32|          32|
    |add_ln685_fu_2091_p2       |         +|   0|  0|   32|          32|          32|
    |add_ln697_fu_2636_p2       |         +|   0|  0|   39|          32|          32|
    |add_ln757_fu_1594_p2       |         +|   0|  0|   39|          32|          32|
    |add_ln967_fu_1757_p2       |         +|   0|  0|   20|          15|          15|
    |add_ln968_1_fu_1797_p2     |         +|   0|  0|   20|          15|          15|
    |add_ln968_fu_1780_p2       |         +|   0|  0|   12|          11|          11|
    |e_fu_1663_p2               |         +|   0|  0|   39|          32|           3|
    |fk_fu_1286_p2              |         +|   0|  0|   20|          15|          15|
    |i_11_fu_1629_p2            |         +|   0|  0|   39|          32|           1|
    |i_12_fu_1680_p2            |         +|   0|  0|   14|           6|           2|
    |k_12_fu_1657_p2            |         +|   0|  0|   13|           4|           1|
    |k_13_fu_2648_p2            |         +|   0|  0|   12|          11|           1|
    |r1_fu_2491_p2              |         +|   0|  0|   20|          15|          15|
    |r2_fu_2509_p2              |         +|   0|  0|   20|          15|          15|
    |r_13_fu_2671_p2            |         +|   0|  0|   20|          15|          15|
    |t1_fu_1320_p2              |         +|   0|  0|   20|          15|          15|
    |tlen_fu_1240_p2            |         +|   0|  0|   15|           8|           1|
    |u_188_fu_2903_p2           |         +|   0|  0|   71|          64|           1|
    |u_189_fu_2724_p2           |         +|   0|  0|   12|          11|           1|
    |u_190_fu_1729_p2           |         +|   0|  0|   12|          11|           1|
    |u_191_fu_2007_p2           |         +|   0|  0|   14|           9|           2|
    |u_192_fu_1392_p2           |         +|   0|  0|   15|           8|           1|
    |u_194_fu_2403_p2           |         +|   0|  0|   13|          10|           1|
    |v1_1_fu_2549_p2            |         +|   0|  0|   71|          64|          64|
    |v_26_fu_1822_p2            |         +|   0|  0|   12|          11|           1|
    |v_29_fu_2269_p2            |         +|   0|  0|   12|          11|           1|
    |v_30_fu_1948_p2            |         +|   0|  0|   12|          11|           1|
    |v_32_fu_2468_p2            |         +|   0|  0|   71|          64|           1|
    |w_54_fu_1897_p2            |         +|   0|  0|   39|          32|          32|
    |x_19_fu_1997_p2            |         +|   0|  0|   20|          15|          15|
    |x_22_fu_1971_p2            |         +|   0|  0|   20|          15|          15|
    |x_26_fu_2132_p2            |         +|   0|  0|   39|          32|          32|
    |x_assign_fu_1326_p2        |         +|   0|  0|   15|           8|           2|
    |x_fu_2292_p2               |         +|   0|  0|   20|          15|          15|
    |z_82_fu_2253_p2            |         +|   0|  0|   39|          32|          32|
    |z_fu_1561_p2               |         +|   0|  0|   39|          32|          32|
    |k_9_fu_1336_p2             |         -|   0|  0|   11|           2|           3|
    |p0i_fu_1503_p0             |         -|   0|  0|   38|           2|          31|
    |p0i_fu_1503_p1             |         -|   0|  0|   38|           1|          31|
    |sub9_i_fu_2707_p2          |         -|   0|  0|   14|           5|           6|
    |sub_ln1544_fu_2203_p2      |         -|   0|  0|   11|           1|           3|
    |sub_ln2281_fu_2786_p2      |         -|   0|  0|   11|           1|           3|
    |sub_ln2297_fu_2967_p2      |         -|   0|  0|   32|          32|          32|
    |sub_ln685_4_fu_2554_p2     |         -|   0|  0|   32|          32|          32|
    |sub_ln685_fu_1526_p2       |         -|   0|  0|   39|          32|          32|
    |sub_ln697_2_fu_2601_p2     |         -|   0|  0|   39|          32|          32|
    |sub_ln697_fu_2219_p2       |         -|   0|  0|   39|          32|          32|
    |v_fu_2819_p2               |         -|   0|  0|   71|          64|          64|
    |w_55_fu_2052_p2            |         -|   0|  0|   39|          32|          32|
    |w_57_fu_2086_p2            |         -|   0|  0|   39|          32|          32|
    |w_fu_2977_p2               |         -|   0|  0|   32|          32|          32|
    |y_54_fu_1421_p2            |         -|   0|  0|   31|           2|          24|
    |y_55_fu_1443_p0            |         -|   0|  0|   38|           2|          31|
    |y_56_fu_1461_p0            |         -|   0|  0|   38|           2|          31|
    |y_57_fu_1481_p0            |         -|   0|  0|   38|           2|          31|
    |z_83_fu_1514_p2            |         -|   0|  0|   40|          33|          32|
    |and_ln1525_fu_2073_p2      |       and|   0|  0|   25|          25|          25|
    |and_ln1544_fu_2213_p2      |       and|   0|  0|   32|          32|          32|
    |and_ln635_fu_1884_p2       |       and|   0|  0|   25|          25|          25|
    |and_ln685_5_fu_2119_p2     |       and|   0|  0|   25|          25|          25|
    |and_ln685_6_fu_2581_p2     |       and|   0|  0|   25|          25|          25|
    |and_ln685_fu_1548_p2       |       and|   0|  0|   25|          25|          25|
    |and_ln697_1_fu_2623_p2     |       and|   0|  0|   25|          25|          25|
    |and_ln697_fu_2240_p2       |       and|   0|  0|   25|          25|          25|
    |and_ln757_fu_1581_p2       |       and|   0|  0|   25|          25|          25|
    |and_ln781_fu_1635_p2       |       and|   0|  0|    8|           8|           8|
    |and_ln813_fu_1708_p2       |       and|   0|  0|   32|          32|          32|
    |icmp_ln1339_fu_2368_p2     |      icmp|   0|  0|   11|          10|           1|
    |icmp_ln1345_fu_2398_p2     |      icmp|   0|  0|   11|          10|          10|
    |icmp_ln1354_fu_2462_p2     |      icmp|   0|  0|   29|          64|          64|
    |icmp_ln1373_fu_2643_p2     |      icmp|   0|  0|   11|          11|          11|
    |icmp_ln1520_fu_2046_p2     |      icmp|   0|  0|   11|           9|           1|
    |icmp_ln2284_fu_2814_p2     |      icmp|   0|  0|   29|          64|          64|
    |icmp_ln2293_fu_2824_p2     |      icmp|   0|  0|   29|          64|          64|
    |icmp_ln2474_fu_1387_p2     |      icmp|   0|  0|   11|           8|           8|
    |icmp_ln2485_fu_1817_p2     |      icmp|   0|  0|   11|          11|          11|
    |icmp_ln2491_fu_1943_p2     |      icmp|   0|  0|   11|          11|          11|
    |icmp_ln2497_fu_2264_p2     |      icmp|   0|  0|   11|          11|          11|
    |icmp_ln2513_fu_2719_p2     |      icmp|   0|  0|   11|          11|          11|
    |icmp_ln779_fu_1624_p2      |      icmp|   0|  0|   18|          32|          32|
    |icmp_ln781_fu_1640_p2      |      icmp|   0|  0|   11|           8|           1|
    |icmp_ln954_fu_1651_p2      |      icmp|   0|  0|    9|           4|           4|
    |icmp_ln962_fu_1724_p2      |      icmp|   0|  0|   11|          11|          11|
    |lshr_ln813_fu_1692_p2      |      lshr|   0|  0|  100|          32|          32|
    |tw_1_fu_2958_p2            |      lshr|   0|  0|  100|          32|          32|
    |wys_fu_2948_p2             |        or|   0|  0|   31|          31|          31|
    |select_ln1525_fu_2065_p3   |    select|   0|  0|    2|           1|           2|
    |select_ln635_fu_1876_p3    |    select|   0|  0|    2|           1|           2|
    |select_ln685_7_fu_2111_p3  |    select|   0|  0|    2|           1|           2|
    |select_ln685_8_fu_2573_p3  |    select|   0|  0|    2|           1|           2|
    |select_ln685_fu_1540_p3    |    select|   0|  0|    2|           1|           2|
    |select_ln697_2_fu_2615_p3  |    select|   0|  0|    2|           1|           2|
    |select_ln697_fu_2232_p3    |    select|   0|  0|    2|           1|           2|
    |select_ln757_fu_1573_p3    |    select|   0|  0|    2|           1|           2|
    |select_ln813_fu_1700_p3    |    select|   0|  0|    2|           1|           2|
    |wy_fu_2933_p3              |    select|   0|  0|   32|           1|          32|
    |m_4_fu_1226_p2             |       shl|   0|  0|   24|           1|          11|
    |ni_fu_1356_p2              |       shl|   0|  0|   75|           1|          26|
    |shl_ln2294_fu_2939_p2      |       shl|   0|  0|  100|          32|          32|
    |shl_ln2467_fu_1292_p2      |       shl|   0|  0|   35|          16|          16|
    |shl_ln779_fu_1614_p2       |       shl|   0|  0|  100|           1|          32|
    |shl_ln966_fu_1735_p2       |       shl|   0|  0|   21|          10|          10|
    |sub_i92_fu_1346_p2         |       xor|   0|  0|    5|           5|           2|
    |xor_ln813_fu_1686_p2       |       xor|   0|  0|   32|          32|          32|
    |z_80_fu_1714_p2            |       xor|   0|  0|   32|          32|          32|
    +---------------------------+----------+----+---+-----+------------+------------+
    |Total                      |          |   0|  0| 3573|        2614|        2566|
    +---------------------------+----------+----+---+-----+------------+------------+

    * Multiplexer: 
    +------------------------------------+-----+-----------+-----+-----------+
    |                Name                | LUT | Input Size| Bits| Total Bits|
    +------------------------------------+-----+-----------+-----+-----------+
    |PRIMES_p_address0                   |   14|          3|   10|         30|
    |ap_NS_fsm                           |  197|         45|    1|         45|
    |cc_reg_767                          |    9|          2|    1|          2|
    |grp_modp_NTT2_ext_1_fu_1171_a       |   14|          3|   15|         45|
    |grp_modp_NTT2_ext_1_fu_1171_stride  |   14|          3|    8|         24|
    |grp_modp_montymul_fu_800_a          |   65|         15|   32|        480|
    |grp_modp_montymul_fu_800_b          |   65|         14|   32|        448|
    |grp_modp_montymul_fu_800_p          |   14|          3|   32|         96|
    |grp_modp_montymul_fu_800_p0i        |   14|          3|   32|         96|
    |i_9_reg_538                         |    9|          2|    6|         12|
    |i_reg_476                           |    9|          2|   32|         64|
    |idx121_reg_625                      |    9|          2|   18|         36|
    |idx123_reg_668                      |    9|          2|   18|         36|
    |idx125_reg_756                      |    9|          2|   18|         36|
    |idx127_reg_734                      |    9|          2|   64|        128|
    |idx131_fu_230                       |    9|          2|   18|         36|
    |idx133_fu_226                       |    9|          2|   19|         38|
    |idx_reg_613                         |    9|          2|   18|         36|
    |k_10_reg_745                        |    9|          2|   11|         22|
    |k_7_reg_519                         |    9|          2|    4|          8|
    |m_reg_679                           |    9|          2|   11|         22|
    |phi_ln1510_reg_637                  |    9|          2|    9|         18|
    |r_10_reg_487                        |    9|          2|   32|         64|
    |reg_549                             |   14|          3|   32|         96|
    |reg_700                             |   14|          3|   64|        192|
    |reg_779                             |   14|          3|   32|         96|
    |reg_791                             |   14|          3|   64|        192|
    |t_reg_688                           |    9|          2|   64|        128|
    |u_112_fu_222                        |    9|          2|    8|         16|
    |u_116_reg_580                       |    9|          2|   11|         22|
    |u_193_reg_712                       |    9|          2|   10|         20|
    |u_fu_234                            |    9|          2|   11|         22|
    |v_021_reg_591                       |    9|          2|   11|         22|
    |v_27_reg_602                        |    9|          2|   11|         22|
    |v_28_reg_657                        |    9|          2|   11|         22|
    |v_31_reg_723                        |    9|          2|   64|        128|
    |vla18_address0                      |   65|         14|   13|        182|
    |vla18_address1                      |   65|         13|   13|        169|
    |vla18_ce0                           |   20|          4|    1|          4|
    |vla18_ce1                           |   20|          4|    1|          4|
    |vla18_d0                            |   42|          8|   32|        256|
    |vla18_d1                            |   31|          6|   32|        192|
    |vla18_we0                           |   20|          4|    4|         16|
    |vla18_we1                           |   20|          4|    4|         16|
    |x1_2_reg_569                        |    9|          2|   32|         64|
    |x2_reg_558                          |    9|          2|   32|         64|
    |x_17_reg_646                        |    9|          2|   32|         64|
    |z_62_reg_507                        |    9|          2|   32|         64|
    |z_84_reg_497                        |    9|          2|   32|         64|
    +------------------------------------+-----+-----------+-----+-----------+
    |Total                               |  997|        216| 1094|       3959|
    +------------------------------------+-----+-----------+-----+-----------+

    * Register: 
    +---------------------------------------------+----+----+-----+-----------+
    |                     Name                    | FF | LUT| Bits| Const Bits|
    +---------------------------------------------+----+----+-----+-----------+
    |Fstride_cast_reg_3095                        |   9|   0|   19|         10|
    |add_ln1348_1_reg_3549                        |  13|   0|   13|          0|
    |add_ln1348_3_reg_3554                        |  13|   0|   13|          0|
    |add_ln1351_1_reg_3529                        |  12|   0|   12|          0|
    |add_ln1354_1_reg_3579                        |  64|   0|   64|          0|
    |add_ln1373_1_reg_3603                        |  18|   0|   18|          0|
    |add_ln1524_reg_3422                          |  13|   0|   13|          0|
    |add_ln2281_reg_3627                          |  13|   0|   13|          0|
    |add_ln2467_reg_3169                          |  13|   0|   13|          0|
    |add_ln2490_reg_3394                          |  12|   0|   12|          0|
    |add_ln2491_1_reg_3463                        |  18|   0|   18|          0|
    |add_ln2491_2_reg_3468                        |  18|   0|   18|          0|
    |add_ln2497_1_reg_3492                        |  18|   0|   18|          0|
    |ap_CS_fsm                                    |  44|   0|   44|          0|
    |cc_reg_767                                   |   1|   0|    1|          0|
    |dt_reg_3510                                  |  63|   0|   64|          1|
    |e_reg_3335                                   |  32|   0|   32|          0|
    |fk_reg_3159                                  |  15|   0|   15|          0|
    |flen_cast14_reg_3080                         |   8|   0|    9|          1|
    |fstride_cast_reg_3085                        |   8|   0|   18|         10|
    |g_assign_4_reg_528                           |  32|   0|   32|          0|
    |grp_modp_NTT2_ext_1_fu_1171_ap_start_reg     |   1|   0|    1|          0|
    |grp_zint_rebuild_CRT_1_fu_1154_ap_start_reg  |   1|   0|    1|          0|
    |hm_reg_3500                                  |  10|   0|   10|          0|
    |i_11_reg_3314                                |  32|   0|   32|          0|
    |i_12_reg_3348                                |   6|   0|    6|          0|
    |i_9_reg_538                                  |   6|   0|    6|          0|
    |i_reg_476                                    |  32|   0|   32|          0|
    |icmp_ln1520_reg_3443                         |   1|   0|    1|          0|
    |icmp_ln2293_reg_3650                         |   1|   0|    1|          0|
    |idx121_reg_625                               |  18|   0|   18|          0|
    |idx123_reg_668                               |  18|   0|   18|          0|
    |idx125_reg_756                               |  18|   0|   18|          0|
    |idx127_reg_734                               |  64|   0|   64|          0|
    |idx131_fu_230                                |  18|   0|   18|          0|
    |idx133_fu_226                                |  19|   0|   19|          0|
    |idx_reg_613                                  |  18|   0|   18|          0|
    |k_10_reg_745                                 |  11|   0|   11|          0|
    |k_13_reg_3592                                |  11|   0|   11|          0|
    |k_7_reg_519                                  |   4|   0|    4|          0|
    |k_9_cast47_reg_3191                          |   3|   0|   10|          7|
    |logn_cast7_reg_3090                          |   4|   0|   32|         28|
    |lshr_ln55_reg_3458                           |  13|   0|   13|          0|
    |m_4_reg_3100                                 |  11|   0|   11|          0|
    |m_reg_679                                    |  11|   0|   11|          0|
    |p0i_reg_3286                                 |  31|   0|   31|          0|
    |p_reg_3251                                   |  25|   0|   25|          0|
    |phi_ln1510_reg_637                           |   9|   0|    9|          0|
    |r_10_reg_487                                 |  32|   0|   32|          0|
    |reg_549                                      |  32|   0|   32|          0|
    |reg_700                                      |  64|   0|   64|          0|
    |reg_779                                      |  32|   0|   32|          0|
    |reg_791                                      |  64|   0|   64|          0|
    |s_reg_3544                                   |  32|   0|   32|          0|
    |scl_cast_reg_3075                            |  32|   0|   32|          0|
    |sext_ln1324_reg_3264                         |  31|   0|   31|          0|
    |sext_ln808_reg_3340                          |  32|   0|   32|          0|
    |shl_ln2467_2_reg_3154                        |  11|   0|   12|          1|
    |t1_reg_3175                                  |  15|   0|   15|          0|
    |t_reg_688                                    |  64|   0|   64|          0|
    |tlen_reg_3122                                |   8|   0|    8|          0|
    |trunc_ln2297_reg_3642                        |  13|   0|   13|          0|
    |trunc_ln2487_reg_3384                        |  10|   0|   10|          0|
    |u_112_cast_cast_cast_cast_reg_3608           |  32|   0|   64|         32|
    |u_112_fu_222                                 |   8|   0|    8|          0|
    |u_116_reg_580                                |  11|   0|   11|          0|
    |u_188_reg_3665                               |  64|   0|   64|          0|
    |u_189_reg_3622                               |  11|   0|   11|          0|
    |u_190_reg_3361                               |  11|   0|   11|          0|
    |u_191_reg_3433                               |   9|   0|    9|          0|
    |u_192_reg_3220                               |   8|   0|    8|          0|
    |u_193_reg_712                                |  10|   0|   10|          0|
    |u_194_reg_3524                               |  10|   0|   10|          0|
    |u_fu_234                                     |  11|   0|   11|          0|
    |v_021_reg_591                                |  11|   0|   11|          0|
    |v_25_reg_3371                                |  10|   0|   10|          0|
    |v_26_reg_3379                                |  11|   0|   11|          0|
    |v_27_reg_602                                 |  11|   0|   11|          0|
    |v_28_reg_657                                 |  11|   0|   11|          0|
    |v_29_reg_3476                                |  11|   0|   11|          0|
    |v_30_reg_3412                                |  11|   0|   11|          0|
    |v_31_reg_723                                 |  64|   0|   64|          0|
    |v_32_reg_3562                                |  64|   0|   64|          0|
    |vla18_addr_285_reg_3660                      |  13|   0|   13|          0|
    |vla18_addr_292_reg_3486                      |  13|   0|   13|          0|
    |vla18_addr_296_reg_3597                      |  13|   0|   13|          0|
    |vla18_addr_297_reg_3567                      |  13|   0|   13|          0|
    |vla18_addr_298_reg_3573                      |  13|   0|   13|          0|
    |x1_2_reg_569                                 |  32|   0|   32|          0|
    |x1_3_reg_1021                                |  32|   0|   32|          0|
    |x2_2_reg_1054                                |  32|   0|   32|          0|
    |x2_reg_558                                   |  32|   0|   32|          0|
    |x_17_reg_646                                 |  32|   0|   32|          0|
    |x_19_reg_3428                                |  15|   0|   15|          0|
    |x_22_reg_3417                                |  15|   0|   15|          0|
    |x_26_reg_3447                                |  32|   0|   32|          0|
    |x_assign_85_cast_reg_3186                    |   8|   0|   32|         24|
    |x_assign_reg_3181                            |   8|   0|    8|          0|
    |y_56_reg_3271                                |  31|   0|   31|          0|
    |z_62_reg_507                                 |  32|   0|   32|          0|
    |z_83_reg_3296                                |  32|   0|   32|          0|
    |z_84_reg_497                                 |  32|   0|   32|          0|
    |zext_ln1323_1_reg_3134                       |   8|   0|   13|          5|
    |zext_ln1323_2_reg_3140                       |   8|   0|    9|          1|
    |zext_ln1323_3_reg_3146                       |   8|   0|   18|         10|
    |zext_ln1323_reg_3128                         |   8|   0|   64|         56|
    |zext_ln1324_1_reg_3291                       |  31|   0|   32|          1|
    |zext_ln1324_reg_3277                         |  31|   0|   32|          1|
    |zext_ln1329_1_reg_3117                       |  11|   0|   12|          1|
    |zext_ln1329_reg_3112                         |  11|   0|   64|         53|
    |zext_ln1330_reg_3196                         |  26|   0|   32|          6|
    |zext_ln1343_reg_3505                         |  10|   0|   11|          1|
    |zext_ln1345_reg_3516                         |  10|   0|   12|          2|
    |zext_ln2281_2_reg_3637                       |  31|   0|   32|          1|
    |zext_ln2457_reg_3400                         |  12|   0|   13|          1|
    |zext_ln2467_reg_3164                         |  11|   0|   13|          2|
    |zext_ln2474_1_reg_3207                       |   8|   0|   64|         56|
    |zext_ln2474_2_reg_3212                       |   8|   0|   12|          4|
    |zext_ln2474_reg_3201                         |   8|   0|   13|          5|
    |zext_ln2513_reg_3614                         |   6|   0|   32|         26|
    |zext_ln757_9_reg_3304                        |  31|   0|   32|          1|
    +---------------------------------------------+----+----+-----+-----------+
    |Total                                        |2401|   0| 2748|        347|
    +---------------------------------------------+----+----+-----+-----------+



================================================================
== Interface
================================================================
* Summary: 
+-------------------+-----+-----+------------+-----------------------+--------------+
|     RTL Ports     | Dir | Bits|  Protocol  |     Source Object     |    C Type    |
+-------------------+-----+-----+------------+-----------------------+--------------+
|ap_clk             |   in|    1|  ap_ctrl_hs|  poly_sub_scaled_ntt.1|  return value|
|ap_rst             |   in|    1|  ap_ctrl_hs|  poly_sub_scaled_ntt.1|  return value|
|ap_start           |   in|    1|  ap_ctrl_hs|  poly_sub_scaled_ntt.1|  return value|
|ap_done            |  out|    1|  ap_ctrl_hs|  poly_sub_scaled_ntt.1|  return value|
|ap_idle            |  out|    1|  ap_ctrl_hs|  poly_sub_scaled_ntt.1|  return value|
|ap_ready           |  out|    1|  ap_ctrl_hs|  poly_sub_scaled_ntt.1|  return value|
|vla18_address0     |  out|   13|   ap_memory|                  vla18|         array|
|vla18_ce0          |  out|    1|   ap_memory|                  vla18|         array|
|vla18_we0          |  out|    4|   ap_memory|                  vla18|         array|
|vla18_d0           |  out|   32|   ap_memory|                  vla18|         array|
|vla18_q0           |   in|   32|   ap_memory|                  vla18|         array|
|vla18_address1     |  out|   13|   ap_memory|                  vla18|         array|
|vla18_ce1          |  out|    1|   ap_memory|                  vla18|         array|
|vla18_we1          |  out|    4|   ap_memory|                  vla18|         array|
|vla18_d1           |  out|   32|   ap_memory|                  vla18|         array|
|vla18_q1           |   in|   32|   ap_memory|                  vla18|         array|
|F                  |   in|   15|     ap_none|                      F|        scalar|
|Flen               |   in|   64|     ap_none|                   Flen|        scalar|
|Fstride            |   in|    9|     ap_none|                Fstride|        scalar|
|f_r                |   in|   15|     ap_none|                    f_r|        scalar|
|flen_r             |   in|    8|     ap_none|                 flen_r|        scalar|
|fstride_r          |   in|    8|     ap_none|              fstride_r|        scalar|
|k                  |   in|   15|     ap_none|                      k|        scalar|
|sch                |   in|   28|     ap_none|                    sch|        scalar|
|scl                |   in|    6|     ap_none|                    scl|        scalar|
|logn               |   in|    4|     ap_none|                   logn|        scalar|
|tmp                |   in|   15|     ap_none|                    tmp|        scalar|
|PRIMES_p_address0  |  out|   10|   ap_memory|               PRIMES_p|         array|
|PRIMES_p_ce0       |  out|    1|   ap_memory|               PRIMES_p|         array|
|PRIMES_p_q0        |   in|   25|   ap_memory|               PRIMES_p|         array|
|PRIMES_g_address0  |  out|   10|   ap_memory|               PRIMES_g|         array|
|PRIMES_g_ce0       |  out|    1|   ap_memory|               PRIMES_g|         array|
|PRIMES_g_q0        |   in|   31|   ap_memory|               PRIMES_g|         array|
+-------------------+-----+-----+------------+-----------------------+--------------+

