

================================================================
== Vitis HLS Report for 'poly_big_to_fp_1'
================================================================
* Date:           Mon Mar  4 11:09:19 2024

* Version:        2022.1 (Build 3526262 on Mon Apr 18 15:47:01 MDT 2022)
* Project:        hls_ip
* Solution:       solution1 (Vivado IP Flow Target)
* Product family: zynq
* Target device:  xc7z020-clg400-1


================================================================
== Performance Estimates
================================================================
+ Timing: 
    * Summary: 
    +--------+---------+-----------+------------+
    |  Clock |  Target | Estimated | Uncertainty|
    +--------+---------+-----------+------------+
    |ap_clk  |  0.10 us|  63.415 ns|    27.00 ns|
    +--------+---------+-----------+------------+

+ Latency: 
    * Summary: 
    +---------+---------+----------+----------+-----+-----+---------+
    |  Latency (cycles) |  Latency (absolute) |  Interval | Pipeline|
    |   min   |   max   |    min   |    max   | min | max |   Type  |
    +---------+---------+----------+----------+-----+-----+---------+
    |        ?|        ?|         ?|         ?|    ?|    ?|       no|
    +---------+---------+----------+----------+-----+-----+---------+

    + Detail: 
        * Instance: 
        +-------------------+--------+---------+---------+----------+----------+-----+-----+---------+
        |                   |        |  Latency (cycles) |  Latency (absolute) |  Interval | Pipeline|
        |      Instance     | Module |   min   |   max   |    min   |    max   | min | max |   Type  |
        +-------------------+--------+---------+---------+----------+----------+-----+-----+---------+
        |grp_fpr_of_fu_228  |fpr_of  |        1|        1|  0.100 us|  0.100 us|    1|    1|       no|
        +-------------------+--------+---------+---------+----------+----------+-----+-----+---------+

        * Loop: 
        +----------------------+---------+---------+----------+-----------+-----------+--------+----------+
        |                      |  Latency (cycles) | Iteration|  Initiation Interval  |  Trip  |          |
        |       Loop Name      |   min   |   max   |  Latency |  achieved |   target  |  Count | Pipelined|
        +----------------------+---------+---------+----------+-----------+-----------+--------+----------+
        |- VITIS_LOOP_2337_1   |        ?|        ?|         1|          -|          -|       ?|        no|
        |- VITIS_LOOP_2342_2   |        ?|        ?|    9 ~ 63|          -|          -|       ?|        no|
        | + VITIS_LOOP_2357_3  |        6|       60|         6|          -|          -|  1 ~ 10|        no|
        +----------------------+---------+---------+----------+-----------+-----------+--------+----------+



================================================================
== Utilization Estimates
================================================================
* Summary: 
+-----------------+---------+-----+--------+-------+-----+
|       Name      | BRAM_18K| DSP |   FF   |  LUT  | URAM|
+-----------------+---------+-----+--------+-------+-----+
|DSP              |        -|    -|       -|      -|    -|
|Expression       |        -|    -|       0|    854|    -|
|FIFO             |        -|    -|       -|      -|    -|
|Instance         |        -|   14|     664|   1634|    -|
|Memory           |        -|    -|       -|      -|    -|
|Multiplexer      |        -|    -|       -|    221|    -|
|Register         |        -|    -|     652|      -|    -|
+-----------------+---------+-----+--------+-------+-----+
|Total            |        0|   14|    1316|   2709|    0|
+-----------------+---------+-----+--------+-------+-----+
|Available        |      280|  220|  106400|  53200|    0|
+-----------------+---------+-----+--------+-------+-----+
|Utilization (%)  |        0|    6|       1|      5|    0|
+-----------------+---------+-----+--------+-------+-----+

+ Detail: 
    * Instance: 
    +-------------------------------------+--------------------------------+---------+----+-----+------+-----+
    |               Instance              |             Module             | BRAM_18K| DSP|  FF |  LUT | URAM|
    +-------------------------------------+--------------------------------+---------+----+-----+------+-----+
    |dadd_64ns_64ns_64_2_full_dsp_1_U271  |dadd_64ns_64ns_64_2_full_dsp_1  |        0|   3|  342|  1065|    0|
    |dmul_64ns_64ns_64_2_max_dsp_1_U272   |dmul_64ns_64ns_64_2_max_dsp_1   |        0|  11|  256|   546|    0|
    |grp_fpr_of_fu_228                    |fpr_of                          |        0|   0|   66|    23|    0|
    +-------------------------------------+--------------------------------+---------+----+-----+------+-----+
    |Total                                |                                |        0|  14|  664|  1634|    0|
    +-------------------------------------+--------------------------------+---------+----+-----+------+-----+

    * DSP: 
    N/A

    * Memory: 
    N/A

    * FIFO: 
    N/A

    * Expression: 
    +------------------------+----------+----+---+-----+------------+------------+
    |      Variable Name     | Operation| DSP| FF| LUT | Bitwidth P0| Bitwidth P1|
    +------------------------+----------+----+---+-----+------------+------------+
    |add_ln2338_1_fu_389_p2  |         +|   0|  0|   14|          13|           1|
    |add_ln2338_fu_369_p2    |         +|   0|  0|   20|          15|          15|
    |add_ln2342_1_fu_561_p2  |         +|   0|  0|   71|          64|          64|
    |add_ln2352_1_fu_326_p2  |         +|   0|  0|   20|          15|          15|
    |add_ln2352_2_fu_313_p2  |         +|   0|  0|   13|          13|          13|
    |add_ln2352_fu_307_p2    |         +|   0|  0|   13|          13|           2|
    |add_ln2360_1_fu_479_p2  |         +|   0|  0|   20|          15|          15|
    |add_ln2360_fu_466_p2    |         +|   0|  0|   14|          13|          13|
    |add_ln2366_1_fu_550_p2  |         +|   0|  0|   14|          13|           1|
    |add_ln2366_fu_510_p2    |         +|   0|  0|   20|          15|          15|
    |u_199_fu_351_p2         |         +|   0|  0|   71|          64|           1|
    |u_201_fu_297_p2         |         +|   0|  0|   71|          64|           1|
    |v_37_fu_456_p2          |         +|   0|  0|   13|           4|           1|
    |w_58_fu_603_p2          |         +|   0|  0|   38|          31|          31|
    |w_fu_597_p2             |         +|   0|  0|   39|          32|          32|
    |neg_fu_419_p2           |         -|   0|  0|   11|           1|           3|
    |w_59_fu_632_p2          |         -|   0|  0|   39|          32|          32|
    |and_ln2363_fu_627_p2    |       and|   0|  0|   32|          32|          32|
    |icmp_ln2336_fu_264_p2   |      icmp|   0|  0|    9|           4|           1|
    |icmp_ln2337_fu_346_p2   |      icmp|   0|  0|   29|          64|          64|
    |icmp_ln2342_fu_292_p2   |      icmp|   0|  0|   29|          64|          64|
    |icmp_ln2357_fu_451_p2   |      icmp|   0|  0|    9|           4|           4|
    |n_fu_258_p2             |       shl|   0|  0|  182|           1|          64|
    |xor_ln2360_1_fu_588_p2  |       xor|   0|  0|   31|          31|          31|
    |xor_ln2360_fu_579_p2    |       xor|   0|  0|   32|          32|          32|
    +------------------------+----------+----+---+-----+------------+------------+
    |Total                   |          |   0|  0|  854|         649|         547|
    +------------------------+----------+----+---+-----+------------+------------+

    * Multiplexer: 
    +----------------+----+-----------+-----+-----------+
    |      Name      | LUT| Input Size| Bits| Total Bits|
    +----------------+----+-----------+-----+-----------+
    |ap_NS_fsm       |  48|          9|    1|          9|
    |cc_04_reg_207   |   9|          2|    1|          2|
    |fsc_1_reg_183   |   9|          2|   64|        128|
    |grp_fu_238_p0   |  14|          3|   64|        192|
    |grp_fu_238_p1   |  14|          3|   64|        192|
    |u_01_fu_92      |  14|          3|   64|        192|
    |u_17_fu_96      |   9|          2|   64|        128|
    |v_reg_217       |   9|          2|    4|          8|
    |vla18_address0  |  20|          4|   13|         52|
    |vla18_address1  |  20|          4|   13|         52|
    |vla18_d0        |  14|          3|   32|         96|
    |vla18_d1        |  14|          3|   32|         96|
    |vla18_we0       |   9|          2|    4|          8|
    |vla18_we1       |   9|          2|    4|          8|
    |x_25_reg_195    |   9|          2|   64|        128|
    +----------------+----+-----------+-----+-----------+
    |Total           | 221|         46|  488|       1291|
    +----------------+----+-----------+-----+-----------+

    * Register: 
    +--------------------------------+----+----+-----+-----------+
    |              Name              | FF | LUT| Bits| Const Bits|
    +--------------------------------+----+----+-----+-----------+
    |ap_CS_fsm                       |   8|   0|    8|          0|
    |cc_04_reg_207                   |   1|   0|    1|          0|
    |fsc_1_reg_183                   |  64|   0|   64|          0|
    |fsc_reg_763                     |  64|   0|   64|          0|
    |fstride_cast_reg_660            |   9|   0|   64|         55|
    |grp_fpr_of_fu_228_ap_start_reg  |   1|   0|    1|          0|
    |icmp_ln2336_reg_671             |   1|   0|    1|          0|
    |n_reg_665                       |  64|   0|   64|          0|
    |sext_ln2344_reg_720             |  32|   0|   32|          0|
    |sext_ln2353_reg_730             |  31|   0|   31|          0|
    |sext_ln2364_reg_758             |  64|   0|   64|          0|
    |tmp_reg_753                     |   1|   0|    1|          0|
    |trunc_ln2352_reg_707            |  13|   0|   13|          0|
    |u_01_fu_92                      |  64|   0|   64|          0|
    |u_17_fu_96                      |  64|   0|   64|          0|
    |u_201_reg_702                   |  64|   0|   64|          0|
    |v_37_reg_743                    |   4|   0|    4|          0|
    |v_reg_217                       |   4|   0|    4|          0|
    |x_25_reg_195                    |  64|   0|   64|          0|
    |zext_ln2342_reg_691             |   4|   0|   13|          9|
    |zext_ln2353_reg_735             |  31|   0|   32|          1|
    +--------------------------------+----+----+-----+-----------+
    |Total                           | 652|   0|  717|         65|
    +--------------------------------+----+----+-----+-----------+



================================================================
== Interface
================================================================
* Summary: 
+----------------+-----+-----+------------+------------------+--------------+
|    RTL Ports   | Dir | Bits|  Protocol  |   Source Object  |    C Type    |
+----------------+-----+-----+------------+------------------+--------------+
|ap_clk          |   in|    1|  ap_ctrl_hs|  poly_big_to_fp.1|  return value|
|ap_rst          |   in|    1|  ap_ctrl_hs|  poly_big_to_fp.1|  return value|
|ap_start        |   in|    1|  ap_ctrl_hs|  poly_big_to_fp.1|  return value|
|ap_done         |  out|    1|  ap_ctrl_hs|  poly_big_to_fp.1|  return value|
|ap_idle         |  out|    1|  ap_ctrl_hs|  poly_big_to_fp.1|  return value|
|ap_ready        |  out|    1|  ap_ctrl_hs|  poly_big_to_fp.1|  return value|
|vla18_address0  |  out|   13|   ap_memory|             vla18|         array|
|vla18_ce0       |  out|    1|   ap_memory|             vla18|         array|
|vla18_we0       |  out|    4|   ap_memory|             vla18|         array|
|vla18_d0        |  out|   32|   ap_memory|             vla18|         array|
|vla18_q0        |   in|   32|   ap_memory|             vla18|         array|
|vla18_address1  |  out|   13|   ap_memory|             vla18|         array|
|vla18_ce1       |  out|    1|   ap_memory|             vla18|         array|
|vla18_we1       |  out|    4|   ap_memory|             vla18|         array|
|vla18_d1        |  out|   32|   ap_memory|             vla18|         array|
|vla18_q1        |   in|   32|   ap_memory|             vla18|         array|
|d               |   in|   15|     ap_none|                 d|        scalar|
|f               |   in|   15|     ap_none|                 f|        scalar|
|flen            |   in|    4|     ap_none|              flen|        scalar|
|fstride         |   in|    9|     ap_none|           fstride|        scalar|
|logn            |   in|   32|     ap_none|              logn|        scalar|
+----------------+-----+-----+------------+------------------+--------------+

