Vivado Simulator v2022.1
Copyright 1986-1999, 2001-2022 Xilinx, Inc. All Rights Reserved.
Running: /tools/Xilinx/Vivado/2022.1/bin/unwrapped/lnx64.o/xelab xil_defaultlib.apatb_keygen_top glbl -Oenable_linking_all_libraries -prj keygen.prj -L smartconnect_v1_0 -L axi_protocol_checker_v1_1_12 -L axi_protocol_checker_v1_1_13 -L axis_protocol_checker_v1_1_11 -L axis_protocol_checker_v1_1_12 -L xil_defaultlib -L unisims_ver -L xpm -L floating_point_v7_0_20 -L floating_point_v7_1_14 --lib ieee_proposed=./ieee_proposed -s keygen 
WARNING: [XSIM 43-3431] One or more environment variables have been detected which affect the operation of the C compiler. These are typically not set in standard installations and are not tested by Xilinx, however they may be appropriate for your system, so the flow will attempt to continue.  If errors occur, try running xelab with the "-mt off -v 1" switches to see more information from the C compiler. The following environment variables have been detected:
INFO: [VRFC 10-2263] Analyzing SystemVerilog file "/home/ubuntu/falconlab/hls_ip/solution1/sim/verilog/ip/xil_defaultlib/keygen_sitodp_64ns_64_2_no_dsp_1_ip.v" into library xil_defaultlib
INFO: [VRFC 10-311] analyzing module keygen_sitodp_64ns_64_2_no_dsp_1_ip
INFO: [VRFC 10-2263] Analyzing SystemVerilog file "/home/ubuntu/falconlab/hls_ip/solution1/sim/verilog/ip/xil_defaultlib/keygen_dsub_64ns_64ns_64_2_full_dsp_1_ip.v" into library xil_defaultlib
INFO: [VRFC 10-311] analyzing module keygen_dsub_64ns_64ns_64_2_full_dsp_1_ip
INFO: [VRFC 10-2263] Analyzing SystemVerilog file "/home/ubuntu/falconlab/hls_ip/solution1/sim/verilog/ip/xil_defaultlib/keygen_dadd_64ns_64ns_64_2_full_dsp_1_ip.v" into library xil_defaultlib
INFO: [VRFC 10-311] analyzing module keygen_dadd_64ns_64ns_64_2_full_dsp_1_ip
INFO: [VRFC 10-2263] Analyzing SystemVerilog file "/home/ubuntu/falconlab/hls_ip/solution1/sim/verilog/ip/xil_defaultlib/keygen_dadddsub_64ns_64ns_64_2_full_dsp_1_ip.v" into library xil_defaultlib
INFO: [VRFC 10-311] analyzing module keygen_dadddsub_64ns_64ns_64_2_full_dsp_1_ip
INFO: [VRFC 10-2263] Analyzing SystemVerilog file "/home/ubuntu/falconlab/hls_ip/solution1/sim/verilog/ip/xil_defaultlib/keygen_dmul_64ns_64ns_64_2_max_dsp_1_ip.v" into library xil_defaultlib
INFO: [VRFC 10-311] analyzing module keygen_dmul_64ns_64ns_64_2_max_dsp_1_ip
INFO: [VRFC 10-2263] Analyzing SystemVerilog file "/home/ubuntu/falconlab/hls_ip/solution1/sim/verilog/ip/xil_defaultlib/keygen_ddiv_64ns_64ns_64_6_no_dsp_1_ip.v" into library xil_defaultlib
INFO: [VRFC 10-311] analyzing module keygen_ddiv_64ns_64ns_64_6_no_dsp_1_ip
INFO: [VRFC 10-2263] Analyzing SystemVerilog file "/home/ubuntu/falconlab/hls_ip/solution1/sim/verilog/ip/xil_defaultlib/keygen_dcmp_64ns_64ns_1_1_no_dsp_1_ip.v" into library xil_defaultlib
INFO: [VRFC 10-311] analyzing module keygen_dcmp_64ns_64ns_1_1_no_dsp_1_ip
INFO: [VRFC 10-2263] Analyzing SystemVerilog file "/home/ubuntu/falconlab/hls_ip/solution1/sim/verilog/glbl.v" into library work
INFO: [VRFC 10-311] analyzing module glbl
INFO: [VRFC 10-2263] Analyzing SystemVerilog file "/home/ubuntu/falconlab/hls_ip/solution1/sim/verilog/keygen_fpr_of.v" into library xil_defaultlib
INFO: [VRFC 10-311] analyzing module keygen_fpr_of
INFO: [VRFC 10-2263] Analyzing SystemVerilog file "/home/ubuntu/falconlab/hls_ip/solution1/sim/verilog/keygen_ddiv_64ns_64ns_64_6_no_dsp_1.v" into library xil_defaultlib
INFO: [VRFC 10-311] analyzing module keygen_ddiv_64ns_64ns_64_6_no_dsp_1
INFO: [VRFC 10-2263] Analyzing SystemVerilog file "/home/ubuntu/falconlab/hls_ip/solution1/sim/verilog/keygen_poly_sub_scaled_1.v" into library xil_defaultlib
INFO: [VRFC 10-311] analyzing module keygen_poly_sub_scaled_1
INFO: [VRFC 10-2263] Analyzing SystemVerilog file "/home/ubuntu/falconlab/hls_ip/solution1/sim/verilog/keygen_dadd_64ns_64ns_64_2_full_dsp_1.v" into library xil_defaultlib
INFO: [VRFC 10-311] analyzing module keygen_dadd_64ns_64ns_64_2_full_dsp_1
INFO: [VRFC 10-2263] Analyzing SystemVerilog file "/home/ubuntu/falconlab/hls_ip/solution1/sim/verilog/keygen_dcmp_64ns_64ns_1_1_no_dsp_1.v" into library xil_defaultlib
INFO: [VRFC 10-311] analyzing module keygen_dcmp_64ns_64ns_1_1_no_dsp_1
INFO: [VRFC 10-2263] Analyzing SystemVerilog file "/home/ubuntu/falconlab/hls_ip/solution1/sim/verilog/keygen_am_addmul_15s_17s_14ns_32_4_1.v" into library xil_defaultlib
INFO: [VRFC 10-311] analyzing module keygen_am_addmul_15s_17s_14ns_32_4_1_DSP48_8
INFO: [VRFC 10-311] analyzing module keygen_am_addmul_15s_17s_14ns_32_4_1
INFO: [VRFC 10-2263] Analyzing SystemVerilog file "/home/ubuntu/falconlab/hls_ip/solution1/sim/verilog/keygen_make_fg_1.v" into library xil_defaultlib
INFO: [VRFC 10-311] analyzing module keygen_make_fg_1
INFO: [VRFC 10-2263] Analyzing SystemVerilog file "/home/ubuntu/falconlab/hls_ip/solution1/sim/verilog/keygen_poly_small_mkgauss.v" into library xil_defaultlib
INFO: [VRFC 10-311] analyzing module keygen_poly_small_mkgauss
INFO: [VRFC 10-2263] Analyzing SystemVerilog file "/home/ubuntu/falconlab/hls_ip/solution1/sim/verilog/keygen_make_fg_step_1_PRIMES_g_ROM_AUTO_1R.v" into library xil_defaultlib
INFO: [VRFC 10-311] analyzing module keygen_make_fg_step_1_PRIMES_g_ROM_AUTO_1R
INFO: [VRFC 10-2263] Analyzing SystemVerilog file "/home/ubuntu/falconlab/hls_ip/solution1/sim/verilog/keygen_mul_mul_16ns_15ns_16_4_1.v" into library xil_defaultlib
INFO: [VRFC 10-311] analyzing module keygen_mul_mul_16ns_15ns_16_4_1_DSP48_5
INFO: [VRFC 10-311] analyzing module keygen_mul_mul_16ns_15ns_16_4_1
INFO: [VRFC 10-2263] Analyzing SystemVerilog file "/home/ubuntu/falconlab/hls_ip/solution1/sim/verilog/keygen_gmem0_m_axi.v" into library xil_defaultlib
INFO: [VRFC 10-311] analyzing module keygen_gmem0_m_axi
INFO: [VRFC 10-311] analyzing module keygen_gmem0_m_axi_load
INFO: [VRFC 10-311] analyzing module keygen_gmem0_m_axi_store
INFO: [VRFC 10-311] analyzing module keygen_gmem0_m_axi_flushManager
INFO: [VRFC 10-311] analyzing module keygen_gmem0_m_axi_read
INFO: [VRFC 10-311] analyzing module keygen_gmem0_m_axi_write
INFO: [VRFC 10-311] analyzing module keygen_gmem0_m_axi_throttle
INFO: [VRFC 10-311] analyzing module keygen_gmem0_m_axi_reg_slice
INFO: [VRFC 10-311] analyzing module keygen_gmem0_m_axi_fifo
INFO: [VRFC 10-311] analyzing module keygen_gmem0_m_axi_srl
INFO: [VRFC 10-311] analyzing module keygen_gmem0_m_axi_mem
INFO: [VRFC 10-2263] Analyzing SystemVerilog file "/home/ubuntu/falconlab/hls_ip/solution1/sim/verilog/keygen_poly_small_mkgauss_gauss_1024_12289_ROM_AUTO_1R.v" into library xil_defaultlib
INFO: [VRFC 10-311] analyzing module keygen_poly_small_mkgauss_gauss_1024_12289_ROM_AUTO_1R
INFO: [VRFC 10-2263] Analyzing SystemVerilog file "/home/ubuntu/falconlab/hls_ip/solution1/sim/verilog/keygen_mac_muladd_16ns_14ns_32s_32_4_1.v" into library xil_defaultlib
INFO: [VRFC 10-311] analyzing module keygen_mac_muladd_16ns_14ns_32s_32_4_1_DSP48_4
INFO: [VRFC 10-311] analyzing module keygen_mac_muladd_16ns_14ns_32s_32_4_1
INFO: [VRFC 10-2263] Analyzing SystemVerilog file "/home/ubuntu/falconlab/hls_ip/solution1/sim/verilog/keygen_mq_NTT_1.v" into library xil_defaultlib
INFO: [VRFC 10-311] analyzing module keygen_mq_NTT_1
INFO: [VRFC 10-2263] Analyzing SystemVerilog file "/home/ubuntu/falconlab/hls_ip/solution1/sim/verilog/keygen_solve_NTRU.v" into library xil_defaultlib
INFO: [VRFC 10-311] analyzing module keygen_solve_NTRU
INFO: [VRFC 10-2263] Analyzing SystemVerilog file "/home/ubuntu/falconlab/hls_ip/solution1/sim/verilog/keygen_solve_NTRU_all_1_BITLENGTH_std_ROM_AUTO_1R.v" into library xil_defaultlib
INFO: [VRFC 10-311] analyzing module keygen_solve_NTRU_all_1_BITLENGTH_std_ROM_AUTO_1R
INFO: [VRFC 10-2263] Analyzing SystemVerilog file "/home/ubuntu/falconlab/hls_ip/solution1/sim/verilog/keygen_compute_public_1.v" into library xil_defaultlib
INFO: [VRFC 10-311] analyzing module keygen_compute_public_1
INFO: [VRFC 10-2263] Analyzing SystemVerilog file "/home/ubuntu/falconlab/hls_ip/solution1/sim/verilog/keygen_zint_mod_small_signed_1.v" into library xil_defaultlib
INFO: [VRFC 10-311] analyzing module keygen_zint_mod_small_signed_1
INFO: [VRFC 10-2263] Analyzing SystemVerilog file "/home/ubuntu/falconlab/hls_ip/solution1/sim/verilog/keygen_poly_mul_fft_1.v" into library xil_defaultlib
INFO: [VRFC 10-311] analyzing module keygen_poly_mul_fft_1
INFO: [VRFC 10-2263] Analyzing SystemVerilog file "/home/ubuntu/falconlab/hls_ip/solution1/sim/verilog/keygen_dmul_64ns_64ns_64_2_max_dsp_1.v" into library xil_defaultlib
INFO: [VRFC 10-311] analyzing module keygen_dmul_64ns_64ns_64_2_max_dsp_1
INFO: [VRFC 10-2263] Analyzing SystemVerilog file "/home/ubuntu/falconlab/hls_ip/solution1/sim/verilog/keygen_mac_muladd_16ns_14ns_30ns_31_4_1.v" into library xil_defaultlib
INFO: [VRFC 10-311] analyzing module keygen_mac_muladd_16ns_14ns_30ns_31_4_1_DSP48_2
INFO: [VRFC 10-311] analyzing module keygen_mac_muladd_16ns_14ns_30ns_31_4_1
INFO: [VRFC 10-2263] Analyzing SystemVerilog file "/home/ubuntu/falconlab/hls_ip/solution1/sim/verilog/keygen_solve_NTRU_all_1.v" into library xil_defaultlib
INFO: [VRFC 10-311] analyzing module keygen_solve_NTRU_all_1
INFO: [VRFC 10-2263] Analyzing SystemVerilog file "/home/ubuntu/falconlab/hls_ip/solution1/sim/verilog/keygen_mul_31ns_32ns_63_1_1.v" into library xil_defaultlib
INFO: [VRFC 10-311] analyzing module keygen_mul_31ns_32ns_63_1_1
INFO: [VRFC 10-2263] Analyzing SystemVerilog file "/home/ubuntu/falconlab/hls_ip/solution1/sim/verilog/keygen_modp_mkgm2_1_REV10_ROM_AUTO_1R.v" into library xil_defaultlib
INFO: [VRFC 10-311] analyzing module keygen_modp_mkgm2_1_REV10_ROM_AUTO_1R
INFO: [VRFC 10-2263] Analyzing SystemVerilog file "/home/ubuntu/falconlab/hls_ip/solution1/sim/verilog/keygen_solve_NTRU_all_1_MAX_BL_LARGE_ROM_AUTO_1R.v" into library xil_defaultlib
INFO: [VRFC 10-311] analyzing module keygen_solve_NTRU_all_1_MAX_BL_LARGE_ROM_AUTO_1R
INFO: [VRFC 10-2263] Analyzing SystemVerilog file "/home/ubuntu/falconlab/hls_ip/solution1/sim/verilog/keygen_make_fg_step_1.v" into library xil_defaultlib
INFO: [VRFC 10-311] analyzing module keygen_make_fg_step_1
INFO: [VRFC 10-2263] Analyzing SystemVerilog file "/home/ubuntu/falconlab/hls_ip/solution1/sim/verilog/keygen_ama_submuladd_1ns_16ns_14ns_22ns_30_4_1.v" into library xil_defaultlib
INFO: [VRFC 10-311] analyzing module keygen_ama_submuladd_1ns_16ns_14ns_22ns_30_4_1_DSP48_9
INFO: [VRFC 10-311] analyzing module keygen_ama_submuladd_1ns_16ns_14ns_22ns_30_4_1
INFO: [VRFC 10-2263] Analyzing SystemVerilog file "/home/ubuntu/falconlab/hls_ip/solution1/sim/verilog/keygen.v" into library xil_defaultlib
INFO: [VRFC 10-311] analyzing module keygen
INFO: [VRFC 10-2263] Analyzing SystemVerilog file "/home/ubuntu/falconlab/hls_ip/solution1/sim/verilog/keygen_make_fg_step_1_MAX_BL_SMALL_ROM_AUTO_1R.v" into library xil_defaultlib
INFO: [VRFC 10-311] analyzing module keygen_make_fg_step_1_MAX_BL_SMALL_ROM_AUTO_1R
INFO: [VRFC 10-2263] Analyzing SystemVerilog file "/home/ubuntu/falconlab/hls_ip/solution1/sim/verilog/keygen_mq_NTT.v" into library xil_defaultlib
INFO: [VRFC 10-311] analyzing module keygen_mq_NTT
INFO: [VRFC 10-2263] Analyzing SystemVerilog file "/home/ubuntu/falconlab/hls_ip/solution1/sim/verilog/AESL_axi_slave_control.v" into library xil_defaultlib
INFO: [VRFC 10-311] analyzing module AESL_axi_slave_control
INFO: [VRFC 10-2263] Analyzing SystemVerilog file "/home/ubuntu/falconlab/hls_ip/solution1/sim/verilog/keygen_rt1_RAM_AUTO_1R1W.v" into library xil_defaultlib
INFO: [VRFC 10-311] analyzing module keygen_rt1_RAM_AUTO_1R1W
INFO: [VRFC 10-2263] Analyzing SystemVerilog file "/home/ubuntu/falconlab/hls_ip/solution1/sim/verilog/keygen_mac_muladd_13s_8ns_12ns_13_4_1.v" into library xil_defaultlib
INFO: [VRFC 10-311] analyzing module keygen_mac_muladd_13s_8ns_12ns_13_4_1_DSP48_12
INFO: [VRFC 10-311] analyzing module keygen_mac_muladd_13s_8ns_12ns_13_4_1
INFO: [VRFC 10-2263] Analyzing SystemVerilog file "/home/ubuntu/falconlab/hls_ip/solution1/sim/verilog/keygen_mux_63_64_1_1.v" into library xil_defaultlib
INFO: [VRFC 10-311] analyzing module keygen_mux_63_64_1_1
INFO: [VRFC 10-2263] Analyzing SystemVerilog file "/home/ubuntu/falconlab/hls_ip/solution1/sim/verilog/keygen_mul_32ns_64s_64_1_1.v" into library xil_defaultlib
INFO: [VRFC 10-311] analyzing module keygen_mul_32ns_64s_64_1_1
INFO: [VRFC 10-2263] Analyzing SystemVerilog file "/home/ubuntu/falconlab/hls_ip/solution1/sim/verilog/keygen_poly_big_to_fp_1.v" into library xil_defaultlib
INFO: [VRFC 10-311] analyzing module keygen_poly_big_to_fp_1
INFO: [VRFC 10-2263] Analyzing SystemVerilog file "/home/ubuntu/falconlab/hls_ip/solution1/sim/verilog/keygen_rt3_RAM_AUTO_1R1W.v" into library xil_defaultlib
INFO: [VRFC 10-311] analyzing module keygen_rt3_RAM_AUTO_1R1W
INFO: [VRFC 10-2263] Analyzing SystemVerilog file "/home/ubuntu/falconlab/hls_ip/solution1/sim/verilog/keygen_get_rng_u64_82_101.v" into library xil_defaultlib
INFO: [VRFC 10-311] analyzing module keygen_get_rng_u64_82_101
INFO: [VRFC 10-2263] Analyzing SystemVerilog file "/home/ubuntu/falconlab/hls_ip/solution1/sim/verilog/keygen_iFFT_1_fpr_p2_tab_ROM_AUTO_1R.v" into library xil_defaultlib
INFO: [VRFC 10-311] analyzing module keygen_iFFT_1_fpr_p2_tab_ROM_AUTO_1R
INFO: [VRFC 10-2263] Analyzing SystemVerilog file "/home/ubuntu/falconlab/hls_ip/solution1/sim/verilog/keygen_mul_32ns_31ns_63_1_1.v" into library xil_defaultlib
INFO: [VRFC 10-311] analyzing module keygen_mul_32ns_31ns_63_1_1
INFO: [VRFC 10-2263] Analyzing SystemVerilog file "/home/ubuntu/falconlab/hls_ip/solution1/sim/verilog/keygen_zint_bezout_1.v" into library xil_defaultlib
INFO: [VRFC 10-311] analyzing module keygen_zint_bezout_1
INFO: [VRFC 10-2263] Analyzing SystemVerilog file "/home/ubuntu/falconlab/hls_ip/solution1/sim/verilog/keygen_process_block_111_112.v" into library xil_defaultlib
INFO: [VRFC 10-311] analyzing module keygen_process_block_111_112
INFO: [VRFC 10-2263] Analyzing SystemVerilog file "/home/ubuntu/falconlab/hls_ip/solution1/sim/verilog/keygen_srem_32s_6ns_6_36_seq_1.v" into library xil_defaultlib
INFO: [VRFC 10-311] analyzing module keygen_srem_32s_6ns_6_36_seq_1_divseq
INFO: [VRFC 10-311] analyzing module keygen_srem_32s_6ns_6_36_seq_1
INFO: [VRFC 10-2263] Analyzing SystemVerilog file "/home/ubuntu/falconlab/hls_ip/solution1/sim/verilog/keygen_mul_32ns_15ns_46_1_1.v" into library xil_defaultlib
INFO: [VRFC 10-311] analyzing module keygen_mul_32ns_15ns_46_1_1
INFO: [VRFC 10-2263] Analyzing SystemVerilog file "/home/ubuntu/falconlab/hls_ip/solution1/sim/verilog/keygen_mq_montysqr.v" into library xil_defaultlib
INFO: [VRFC 10-311] analyzing module keygen_mq_montysqr
INFO: [VRFC 10-2263] Analyzing SystemVerilog file "/home/ubuntu/falconlab/hls_ip/solution1/sim/verilog/keygen_zint_co_reduce_mod_1.v" into library xil_defaultlib
INFO: [VRFC 10-311] analyzing module keygen_zint_co_reduce_mod_1
INFO: [VRFC 10-2263] Analyzing SystemVerilog file "/home/ubuntu/falconlab/hls_ip/solution1/sim/verilog/keygen_mul_mul_17s_17s_32_4_1.v" into library xil_defaultlib
INFO: [VRFC 10-311] analyzing module keygen_mul_mul_17s_17s_32_4_1_DSP48_3
INFO: [VRFC 10-311] analyzing module keygen_mul_mul_17s_17s_32_4_1
INFO: [VRFC 10-2263] Analyzing SystemVerilog file "/home/ubuntu/falconlab/hls_ip/solution1/sim/verilog/keygen_modp_NTT2_ext_1.v" into library xil_defaultlib
INFO: [VRFC 10-311] analyzing module keygen_modp_NTT2_ext_1
INFO: [VRFC 10-2263] Analyzing SystemVerilog file "/home/ubuntu/falconlab/hls_ip/solution1/sim/verilog/keygen_process_block_111_112_RC_ROM_AUTO_1R.v" into library xil_defaultlib
INFO: [VRFC 10-311] analyzing module keygen_process_block_111_112_RC_ROM_AUTO_1R
INFO: [VRFC 10-2263] Analyzing SystemVerilog file "/home/ubuntu/falconlab/hls_ip/solution1/sim/verilog/keygen_modp_iNTT2_ext_1.v" into library xil_defaultlib
INFO: [VRFC 10-311] analyzing module keygen_modp_iNTT2_ext_1
INFO: [VRFC 10-2263] Analyzing SystemVerilog file "/home/ubuntu/falconlab/hls_ip/solution1/sim/verilog/AESL_axi_master_gmem0.v" into library xil_defaultlib
INFO: [VRFC 10-311] analyzing module AESL_axi_master_gmem0
INFO: [VRFC 10-2263] Analyzing SystemVerilog file "/home/ubuntu/falconlab/hls_ip/solution1/sim/verilog/keygen_mul_mul_16s_17s_32_4_1.v" into library xil_defaultlib
INFO: [VRFC 10-311] analyzing module keygen_mul_mul_16s_17s_32_4_1_DSP48_6
INFO: [VRFC 10-311] analyzing module keygen_mul_mul_16s_17s_32_4_1
INFO: [VRFC 10-2263] Analyzing SystemVerilog file "/home/ubuntu/falconlab/hls_ip/solution1/sim/verilog/keygen_solve_NTRU_vla18_RAM_AUTO_1R1W.v" into library xil_defaultlib
INFO: [VRFC 10-311] analyzing module keygen_solve_NTRU_vla18_RAM_AUTO_1R1W
INFO: [VRFC 10-2263] Analyzing SystemVerilog file "/home/ubuntu/falconlab/hls_ip/solution1/sim/verilog/keygen_iFFT.v" into library xil_defaultlib
INFO: [VRFC 10-311] analyzing module keygen_iFFT
INFO: [VRFC 10-2263] Analyzing SystemVerilog file "/home/ubuntu/falconlab/hls_ip/solution1/sim/verilog/keygen_mul_32s_34ns_65_1_1.v" into library xil_defaultlib
INFO: [VRFC 10-311] analyzing module keygen_mul_32s_34ns_65_1_1
INFO: [VRFC 10-2263] Analyzing SystemVerilog file "/home/ubuntu/falconlab/hls_ip/solution1/sim/verilog/keygen_ama_addmuladd_13s_13ns_8ns_12ns_13_4_1.v" into library xil_defaultlib
INFO: [VRFC 10-311] analyzing module keygen_ama_addmuladd_13s_13ns_8ns_12ns_13_4_1_DSP48_13
INFO: [VRFC 10-311] analyzing module keygen_ama_addmuladd_13s_13ns_8ns_12ns_13_4_1
INFO: [VRFC 10-2263] Analyzing SystemVerilog file "/home/ubuntu/falconlab/hls_ip/solution1/sim/verilog/keygen_mux_2561_64_1_1.v" into library xil_defaultlib
INFO: [VRFC 10-311] analyzing module keygen_mux_2561_64_1_1
INFO: [VRFC 10-2263] Analyzing SystemVerilog file "/home/ubuntu/falconlab/hls_ip/solution1/sim/verilog/keygen_f_RAM_AUTO_1R1W.v" into library xil_defaultlib
INFO: [VRFC 10-311] analyzing module keygen_f_RAM_AUTO_1R1W
INFO: [VRFC 10-2263] Analyzing SystemVerilog file "/home/ubuntu/falconlab/hls_ip/solution1/sim/verilog/keygen_get_rng_u64_82_101_tmp_RAM_AUTO_1R1W.v" into library xil_defaultlib
INFO: [VRFC 10-311] analyzing module keygen_get_rng_u64_82_101_tmp_RAM_AUTO_1R1W
INFO: [VRFC 10-2263] Analyzing SystemVerilog file "/home/ubuntu/falconlab/hls_ip/solution1/sim/verilog/keygen_fpr_rint.v" into library xil_defaultlib
INFO: [VRFC 10-311] analyzing module keygen_fpr_rint
INFO: [VRFC 10-2263] Analyzing SystemVerilog file "/home/ubuntu/falconlab/hls_ip/solution1/sim/verilog/keygen_mul_31ns_32ns_62_1_1.v" into library xil_defaultlib
INFO: [VRFC 10-311] analyzing module keygen_mul_31ns_32ns_62_1_1
INFO: [VRFC 10-2263] Analyzing SystemVerilog file "/home/ubuntu/falconlab/hls_ip/solution1/sim/verilog/keygen_mul_64s_32ns_64_1_1.v" into library xil_defaultlib
INFO: [VRFC 10-311] analyzing module keygen_mul_64s_32ns_64_1_1
INFO: [VRFC 10-2263] Analyzing SystemVerilog file "/home/ubuntu/falconlab/hls_ip/solution1/sim/verilog/keygen_modp_mkgm2_1.v" into library xil_defaultlib
INFO: [VRFC 10-311] analyzing module keygen_modp_mkgm2_1
INFO: [VRFC 10-2263] Analyzing SystemVerilog file "/home/ubuntu/falconlab/hls_ip/solution1/sim/verilog/keygen_mul_mul_13s_8ns_13_4_1.v" into library xil_defaultlib
INFO: [VRFC 10-311] analyzing module keygen_mul_mul_13s_8ns_13_4_1_DSP48_10
INFO: [VRFC 10-311] analyzing module keygen_mul_mul_13s_8ns_13_4_1
INFO: [VRFC 10-2263] Analyzing SystemVerilog file "/home/ubuntu/falconlab/hls_ip/solution1/sim/verilog/keygen_zint_rebuild_CRT_1_PRIMES_p_ROM_AUTO_1R.v" into library xil_defaultlib
INFO: [VRFC 10-311] analyzing module keygen_zint_rebuild_CRT_1_PRIMES_p_ROM_AUTO_1R
INFO: [VRFC 10-2263] Analyzing SystemVerilog file "/home/ubuntu/falconlab/hls_ip/solution1/sim/verilog/keygen_mul_8ns_61s_61_1_1.v" into library xil_defaultlib
INFO: [VRFC 10-311] analyzing module keygen_mul_8ns_61s_61_1_1
INFO: [VRFC 10-2263] Analyzing SystemVerilog file "/home/ubuntu/falconlab/hls_ip/solution1/sim/verilog/keygen_dsub_64ns_64ns_64_2_full_dsp_1.v" into library xil_defaultlib
INFO: [VRFC 10-311] analyzing module keygen_dsub_64ns_64ns_64_2_full_dsp_1
INFO: [VRFC 10-2263] Analyzing SystemVerilog file "/home/ubuntu/falconlab/hls_ip/solution1/sim/verilog/keygen_mul_mul_16s_14ns_16_4_1.v" into library xil_defaultlib
INFO: [VRFC 10-311] analyzing module keygen_mul_mul_16s_14ns_16_4_1_DSP48_1
INFO: [VRFC 10-311] analyzing module keygen_mul_mul_16s_14ns_16_4_1
INFO: [VRFC 10-2263] Analyzing SystemVerilog file "/home/ubuntu/falconlab/hls_ip/solution1/sim/verilog/keygen.autotb.v" into library xil_defaultlib
INFO: [VRFC 10-311] analyzing module apatb_keygen_top
INFO: [VRFC 10-2263] Analyzing SystemVerilog file "/home/ubuntu/falconlab/hls_ip/solution1/sim/verilog/keygen_iFFT_1.v" into library xil_defaultlib
INFO: [VRFC 10-311] analyzing module keygen_iFFT_1
INFO: [VRFC 10-2263] Analyzing SystemVerilog file "/home/ubuntu/falconlab/hls_ip/solution1/sim/verilog/keygen_zint_rebuild_CRT_1.v" into library xil_defaultlib
INFO: [VRFC 10-311] analyzing module keygen_zint_rebuild_CRT_1
INFO: [VRFC 10-2263] Analyzing SystemVerilog file "/home/ubuntu/falconlab/hls_ip/solution1/sim/verilog/keygen_zint_rebuild_CRT_1_PRIMES_s_ROM_AUTO_1R.v" into library xil_defaultlib
INFO: [VRFC 10-311] analyzing module keygen_zint_rebuild_CRT_1_PRIMES_s_ROM_AUTO_1R
INFO: [VRFC 10-2263] Analyzing SystemVerilog file "/home/ubuntu/falconlab/hls_ip/solution1/sim/verilog/keygen_mul_mul_16ns_14ns_30_4_1.v" into library xil_defaultlib
INFO: [VRFC 10-311] analyzing module keygen_mul_mul_16ns_14ns_30_4_1_DSP48_0
INFO: [VRFC 10-311] analyzing module keygen_mul_mul_16ns_14ns_30_4_1
INFO: [VRFC 10-2263] Analyzing SystemVerilog file "/home/ubuntu/falconlab/hls_ip/solution1/sim/verilog/keygen_FFT.v" into library xil_defaultlib
INFO: [VRFC 10-311] analyzing module keygen_FFT
INFO: [VRFC 10-2263] Analyzing SystemVerilog file "/home/ubuntu/falconlab/hls_ip/solution1/sim/verilog/keygen_mul_mul_17s_16ns_32_4_1.v" into library xil_defaultlib
INFO: [VRFC 10-311] analyzing module keygen_mul_mul_17s_16ns_32_4_1_DSP48_7
INFO: [VRFC 10-311] analyzing module keygen_mul_mul_17s_16ns_32_4_1
INFO: [VRFC 10-2263] Analyzing SystemVerilog file "/home/ubuntu/falconlab/hls_ip/solution1/sim/verilog/keygen_FFT_fpr_gm_tab_ROM_AUTO_1R.v" into library xil_defaultlib
INFO: [VRFC 10-311] analyzing module keygen_FFT_fpr_gm_tab_ROM_AUTO_1R
INFO: [VRFC 10-2263] Analyzing SystemVerilog file "/home/ubuntu/falconlab/hls_ip/solution1/sim/verilog/keygen_mac_muladd_8s_8s_26s_26_4_1.v" into library xil_defaultlib
INFO: [VRFC 10-311] analyzing module keygen_mac_muladd_8s_8s_26s_26_4_1_DSP48_14
INFO: [VRFC 10-311] analyzing module keygen_mac_muladd_8s_8s_26s_26_4_1
INFO: [VRFC 10-2263] Analyzing SystemVerilog file "/home/ubuntu/falconlab/hls_ip/solution1/sim/verilog/keygen_compute_public_1_iGMb_ROM_AUTO_1R.v" into library xil_defaultlib
INFO: [VRFC 10-311] analyzing module keygen_compute_public_1_iGMb_ROM_AUTO_1R
INFO: [VRFC 10-2263] Analyzing SystemVerilog file "/home/ubuntu/falconlab/hls_ip/solution1/sim/verilog/keygen_mq_NTT_GMb_ROM_AUTO_1R.v" into library xil_defaultlib
INFO: [VRFC 10-311] analyzing module keygen_mq_NTT_GMb_ROM_AUTO_1R
INFO: [VRFC 10-2263] Analyzing SystemVerilog file "/home/ubuntu/falconlab/hls_ip/solution1/sim/verilog/keygen_mul_31ns_32s_63_1_1.v" into library xil_defaultlib
INFO: [VRFC 10-311] analyzing module keygen_mul_31ns_32s_63_1_1
INFO: [VRFC 10-2263] Analyzing SystemVerilog file "/home/ubuntu/falconlab/hls_ip/solution1/sim/verilog/keygen_mul_31ns_31ns_62_1_1.v" into library xil_defaultlib
INFO: [VRFC 10-311] analyzing module keygen_mul_31ns_31ns_62_1_1
INFO: [VRFC 10-2263] Analyzing SystemVerilog file "/home/ubuntu/falconlab/hls_ip/solution1/sim/verilog/keygen_sitodp_64ns_64_2_no_dsp_1.v" into library xil_defaultlib
INFO: [VRFC 10-311] analyzing module keygen_sitodp_64ns_64_2_no_dsp_1
INFO: [VRFC 10-2263] Analyzing SystemVerilog file "/home/ubuntu/falconlab/hls_ip/solution1/sim/verilog/keygen_control_s_axi.v" into library xil_defaultlib
INFO: [VRFC 10-311] analyzing module keygen_control_s_axi
INFO: [VRFC 10-2263] Analyzing SystemVerilog file "/home/ubuntu/falconlab/hls_ip/solution1/sim/verilog/keygen_tmp2108_RAM_AUTO_1R1W.v" into library xil_defaultlib
INFO: [VRFC 10-311] analyzing module keygen_tmp2108_RAM_AUTO_1R1W
INFO: [VRFC 10-2263] Analyzing SystemVerilog file "/home/ubuntu/falconlab/hls_ip/solution1/sim/verilog/keygen_solve_NTRU_all_1_BITLENGTH_avg_ROM_AUTO_1R.v" into library xil_defaultlib
INFO: [VRFC 10-311] analyzing module keygen_solve_NTRU_all_1_BITLENGTH_avg_ROM_AUTO_1R
INFO: [VRFC 10-2263] Analyzing SystemVerilog file "/home/ubuntu/falconlab/hls_ip/solution1/sim/verilog/keygen_mul_8ns_64s_64_1_1.v" into library xil_defaultlib
INFO: [VRFC 10-311] analyzing module keygen_mul_8ns_64s_64_1_1
INFO: [VRFC 10-2263] Analyzing SystemVerilog file "/home/ubuntu/falconlab/hls_ip/solution1/sim/verilog/keygen_mul_31s_24ns_31_1_1.v" into library xil_defaultlib
INFO: [VRFC 10-311] analyzing module keygen_mul_31s_24ns_31_1_1
INFO: [VRFC 10-2263] Analyzing SystemVerilog file "/home/ubuntu/falconlab/hls_ip/solution1/sim/verilog/keygen_h_RAM_AUTO_1R1W.v" into library xil_defaultlib
INFO: [VRFC 10-311] analyzing module keygen_h_RAM_AUTO_1R1W
INFO: [VRFC 10-2263] Analyzing SystemVerilog file "/home/ubuntu/falconlab/hls_ip/solution1/sim/verilog/keygen_mul_25s_24ns_31_1_1.v" into library xil_defaultlib
INFO: [VRFC 10-311] analyzing module keygen_mul_25s_24ns_31_1_1
INFO: [VRFC 10-2263] Analyzing SystemVerilog file "/home/ubuntu/falconlab/hls_ip/solution1/sim/verilog/keygen_modp_montymul.v" into library xil_defaultlib
INFO: [VRFC 10-311] analyzing module keygen_modp_montymul
INFO: [VRFC 10-2263] Analyzing SystemVerilog file "/home/ubuntu/falconlab/hls_ip/solution1/sim/verilog/keygen_FFT_1.v" into library xil_defaultlib
INFO: [VRFC 10-311] analyzing module keygen_FFT_1
INFO: [VRFC 10-2263] Analyzing SystemVerilog file "/home/ubuntu/falconlab/hls_ip/solution1/sim/verilog/keygen_mul_32ns_32ns_63_1_1.v" into library xil_defaultlib
INFO: [VRFC 10-311] analyzing module keygen_mul_32ns_32ns_63_1_1
INFO: [VRFC 10-2263] Analyzing SystemVerilog file "/home/ubuntu/falconlab/hls_ip/solution1/sim/verilog/keygen_mul_31s_31s_31_1_1.v" into library xil_defaultlib
INFO: [VRFC 10-311] analyzing module keygen_mul_31s_31s_31_1_1
INFO: [VRFC 10-2263] Analyzing SystemVerilog file "/home/ubuntu/falconlab/hls_ip/solution1/sim/verilog/keygen_poly_sub_scaled_ntt_1.v" into library xil_defaultlib
INFO: [VRFC 10-311] analyzing module keygen_poly_sub_scaled_ntt_1
INFO: [VRFC 10-2263] Analyzing SystemVerilog file "/home/ubuntu/falconlab/hls_ip/solution1/sim/verilog/keygen_mul_mul_13s_9ns_13_4_1.v" into library xil_defaultlib
INFO: [VRFC 10-311] analyzing module keygen_mul_mul_13s_9ns_13_4_1_DSP48_11
INFO: [VRFC 10-311] analyzing module keygen_mul_mul_13s_9ns_13_4_1
INFO: [VRFC 10-2263] Analyzing SystemVerilog file "/home/ubuntu/falconlab/hls_ip/solution1/sim/verilog/keygen_mul_25s_31s_31_1_1.v" into library xil_defaultlib
INFO: [VRFC 10-311] analyzing module keygen_mul_25s_31s_31_1_1
INFO: [VRFC 10-2263] Analyzing SystemVerilog file "/home/ubuntu/falconlab/hls_ip/solution1/sim/verilog/keygen_dadddsub_64ns_64ns_64_2_full_dsp_1.v" into library xil_defaultlib
INFO: [VRFC 10-311] analyzing module keygen_dadddsub_64ns_64ns_64_2_full_dsp_1
INFO: [VRFC 10-2263] Analyzing SystemVerilog file "/home/ubuntu/falconlab/hls_ip/solution1/sim/verilog/dataflow_monitor.sv" into library xil_defaultlib
INFO: [VRFC 10-311] analyzing module dataflow_monitor
Starting static elaboration
Pass Through NonSizing Optimizer
Completed static elaboration
Starting simulation data flow analysis
Completed simulation data flow analysis
Time Resolution for simulation is 1ps
Compiling package std.standard
Compiling package std.textio
Compiling package ieee.std_logic_1164
Compiling package floating_point_v7_1_14.floating_point_v7_1_14_viv_comp
Compiling package ieee.numeric_std
Compiling package xbip_utils_v3_0_10.xbip_utils_v3_0_10_pkg
Compiling package axi_utils_v2_0_6.axi_utils_v2_0_6_pkg
Compiling package floating_point_v7_1_14.floating_point_v7_1_14_consts
Compiling package ieee.math_real
Compiling package floating_point_v7_1_14.floating_point_v7_1_14_exp_table...
Compiling package mult_gen_v12_0_18.mult_gen_v12_0_18_pkg
Compiling package ieee.std_logic_arith
Compiling package ieee.std_logic_signed
Compiling package floating_point_v7_1_14.floating_point_v7_1_14_pkg
Compiling package floating_point_v7_1_14.flt_utils
Compiling package floating_point_v7_1_14.vt2mutils
Compiling package floating_point_v7_1_14.vt2mcomps
Compiling package unisim.vcomponents
Compiling package xbip_pipe_v3_0_6.xbip_pipe_v3_0_6_viv_comp
Compiling package ieee.vital_timing
Compiling package ieee.vital_primitives
Compiling package unisim.vpkg
Compiling package xil_defaultlib.$unit_dataflow_monitor_sv
Compiling module xil_defaultlib.keygen_tmp2108_RAM_AUTO_1R1W_def...
Compiling module xil_defaultlib.keygen_f_RAM_AUTO_1R1W
Compiling module xil_defaultlib.keygen_h_RAM_AUTO_1R1W
Compiling module xil_defaultlib.keygen_rt1_RAM_AUTO_1R1W
Compiling module xil_defaultlib.keygen_rt3_RAM_AUTO_1R1W
Compiling module xil_defaultlib.keygen_poly_small_mkgauss_gauss_...
Compiling module xil_defaultlib.keygen_get_rng_u64_82_101_tmp_RA...
Compiling module xil_defaultlib.keygen_process_block_111_112_RC_...
Compiling module xil_defaultlib.keygen_process_block_111_112
Compiling module xil_defaultlib.keygen_mux_2561_64_1_1(ID=1,din0...
Compiling module xil_defaultlib.keygen_get_rng_u64_82_101
Compiling module xil_defaultlib.keygen_poly_small_mkgauss
Compiling architecture muxcy_v of entity unisim.MUXCY [muxcy_default]
Compiling architecture xorcy_v of entity unisim.XORCY [xorcy_default]
Compiling architecture synth of entity xbip_pipe_v3_0_6.xbip_pipe_v3_0_6_viv [\xbip_pipe_v3_0_6_viv(c_has_ce=1...]
Compiling architecture rtl of entity floating_point_v7_1_14.delay [\delay(width=64,length=0)\]
Compiling architecture struct of entity floating_point_v7_1_14.carry_chain [\carry_chain(c_xdevicefamily="zy...]
Compiling architecture synth of entity xbip_pipe_v3_0_6.xbip_pipe_v3_0_6_viv [\xbip_pipe_v3_0_6_viv(c_has_ce=1...]
Compiling architecture rtl of entity floating_point_v7_1_14.delay [\delay(width=16,length=0,fast_in...]
Compiling architecture synth of entity xbip_pipe_v3_0_6.xbip_pipe_v3_0_6_viv [\xbip_pipe_v3_0_6_viv(c_has_ce=1...]
Compiling architecture rtl of entity floating_point_v7_1_14.delay [\delay(width=16,length=0)\]
Compiling architecture rtl of entity floating_point_v7_1_14.norm_zero_det [\norm_zero_det(data_width=10,nor...]
Compiling architecture rtl of entity floating_point_v7_1_14.mux4 [\mux4(c_xdevicefamily="zynq",wid...]
Compiling architecture synth of entity xbip_pipe_v3_0_6.xbip_pipe_v3_0_6_viv [\xbip_pipe_v3_0_6_viv(c_has_ce=1...]
Compiling architecture rtl of entity floating_point_v7_1_14.delay [\delay(width=4,length=0,fast_inp...]
Compiling architecture rtl of entity floating_point_v7_1_14.mux4 [\mux4(c_xdevicefamily="zynq",wid...]
Compiling architecture synth of entity xbip_pipe_v3_0_6.xbip_pipe_v3_0_6_viv [\xbip_pipe_v3_0_6_viv(c_has_ce=1...]
Compiling architecture rtl of entity floating_point_v7_1_14.delay [\delay(width=2,length=0)\]
Compiling architecture synth of entity xbip_pipe_v3_0_6.xbip_pipe_v3_0_6_viv [\xbip_pipe_v3_0_6_viv(c_has_ce=1...]
Compiling architecture rtl of entity floating_point_v7_1_14.delay [\delay(width=2,length=0,fast_inp...]
Compiling architecture rtl of entity floating_point_v7_1_14.mux4 [\mux4(c_xdevicefamily="zynq",wid...]
Compiling architecture rtl of entity floating_point_v7_1_14.delay [\delay(length=0,fast_input=true)...]
Compiling architecture rtl of entity floating_point_v7_1_14.mux4 [\mux4(c_xdevicefamily="zynq",wid...]
Compiling architecture synth of entity xbip_pipe_v3_0_6.xbip_pipe_v3_0_6_viv [\xbip_pipe_v3_0_6_viv(c_has_ce=1...]
Compiling architecture rtl of entity floating_point_v7_1_14.delay [\delay(width=8,length=0,fast_inp...]
Compiling architecture struct of entity floating_point_v7_1_14.carry_chain [\carry_chain(c_xdevicefamily="zy...]
Compiling architecture synth of entity xbip_pipe_v3_0_6.xbip_pipe_v3_0_6_viv [\xbip_pipe_v3_0_6_viv(c_has_ce=1...]
Compiling architecture rtl of entity floating_point_v7_1_14.delay [\delay(length=0)\]
Compiling architecture rtl of entity floating_point_v7_1_14.lead_zero_encode [\lead_zero_encode(c_xdevicefamil...]
Compiling architecture rtl of entity floating_point_v7_1_14.shift_msb_first [\shift_msb_first(a_width=64,dist...]
Compiling architecture synth of entity xbip_pipe_v3_0_6.xbip_pipe_v3_0_6_viv [\xbip_pipe_v3_0_6_viv(c_has_ce=1...]
Compiling architecture rtl of entity floating_point_v7_1_14.delay [\delay(width=11,length=0)\]
Compiling architecture synth of entity xbip_pipe_v3_0_6.xbip_pipe_v3_0_6_viv [\xbip_pipe_v3_0_6_viv(c_has_ce=1...]
Compiling architecture rtl of entity floating_point_v7_1_14.delay [\delay(width=26,length=0)\]
Compiling architecture struct of entity floating_point_v7_1_14.carry_chain [\carry_chain(c_xdevicefamily="zy...]
Compiling architecture synth of entity xbip_pipe_v3_0_6.xbip_pipe_v3_0_6_viv [\xbip_pipe_v3_0_6_viv(c_has_ce=1...]
Compiling architecture rtl of entity floating_point_v7_1_14.delay [\delay(width=27,length=0)\]
Compiling architecture struct of entity floating_point_v7_1_14.carry_chain [\carry_chain(c_xdevicefamily="zy...]
Compiling architecture synth of entity xbip_pipe_v3_0_6.xbip_pipe_v3_0_6_viv [\xbip_pipe_v3_0_6_viv(c_has_ce=1...]
Compiling architecture rtl of entity floating_point_v7_1_14.delay [\delay(width=28,length=0)\]
Compiling architecture synth of entity xbip_pipe_v3_0_6.xbip_pipe_v3_0_6_viv [\xbip_pipe_v3_0_6_viv(c_has_ce=1...]
Compiling architecture rtl of entity floating_point_v7_1_14.delay [\delay(width=29,length=0)\]
Compiling architecture synth of entity xbip_pipe_v3_0_6.xbip_pipe_v3_0_6_viv [\xbip_pipe_v3_0_6_viv(c_has_ce=1...]
Compiling architecture rtl of entity floating_point_v7_1_14.delay [\delay(width=54,length=0)\]
Compiling architecture synth of entity xbip_pipe_v3_0_6.xbip_pipe_v3_0_6_viv [\xbip_pipe_v3_0_6_viv(c_has_ce=1...]
Compiling architecture rtl of entity floating_point_v7_1_14.delay [\delay(width=3,length=0)\]
Compiling architecture struct of entity floating_point_v7_1_14.carry_chain [\carry_chain(c_xdevicefamily="zy...]
Compiling architecture rtl of entity floating_point_v7_1_14.flt_round_bit [\flt_round_bit(c_xdevicefamily="...]
Compiling architecture rtl of entity floating_point_v7_1_14.renorm_and_round_logic [\renorm_and_round_logic(c_xdevic...]
Compiling architecture synth of entity floating_point_v7_1_14.fix_to_flt_conv_exp [\fix_to_flt_conv_exp(c_xdevicefa...]
Compiling architecture synth of entity floating_point_v7_1_14.flt_dec_op [\flt_dec_op(c_xdevicefamily="zyn...]
Compiling architecture struct of entity floating_point_v7_1_14.fix_to_flt_conv [\fix_to_flt_conv(c_xdevicefamily...]
Compiling module unisims_ver.x_lut1_mux2
Compiling module unisims_ver.LUT1
Compiling architecture synth of entity xbip_pipe_v3_0_6.xbip_pipe_v3_0_6_viv [\xbip_pipe_v3_0_6_viv(c_has_ce=1...]
Compiling architecture xilinx of entity floating_point_v7_1_14.floating_point_v7_1_14_viv [\floating_point_v7_1_14_viv(c_xd...]
Compiling architecture xilinx of entity floating_point_v7_1_14.floating_point_v7_1_14 [\floating_point_v7_1_14(c_xdevic...]
Compiling module xil_defaultlib.keygen_sitodp_64ns_64_2_no_dsp_1...
Compiling module xil_defaultlib.keygen_sitodp_64ns_64_2_no_dsp_1...
Compiling module xil_defaultlib.keygen_fpr_of
Compiling module xil_defaultlib.keygen_FFT_fpr_gm_tab_ROM_AUTO_1...
Compiling architecture synth of entity xbip_pipe_v3_0_6.xbip_pipe_v3_0_6_viv [\xbip_pipe_v3_0_6_viv(c_has_ce=1...]
Compiling architecture rtl of entity floating_point_v7_1_14.delay [\delay(width=52,length=0)\]
Compiling architecture synth of entity xbip_pipe_v3_0_6.xbip_pipe_v3_0_6_viv [\xbip_pipe_v3_0_6_viv(c_has_ce=1...]
Compiling architecture rtl of entity floating_point_v7_1_14.delay [\delay(width=14,length=0)\]
Compiling architecture synth of entity xbip_pipe_v3_0_6.xbip_pipe_v3_0_6_viv [\xbip_pipe_v3_0_6_viv(c_has_ce=1...]
Compiling architecture rtl of entity floating_point_v7_1_14.delay [\delay(width=3,length=0,fast_inp...]
Compiling architecture synth of entity xbip_pipe_v3_0_6.xbip_pipe_v3_0_6_viv [\xbip_pipe_v3_0_6_viv(c_has_ce=1...]
Compiling architecture rtl of entity floating_point_v7_1_14.delay [\delay(width=11,length=0,fast_in...]
Compiling architecture muxf7_v of entity unisim.MUXF7 [muxf7_default]
Compiling architecture muxf8_v of entity unisim.MUXF8 [muxf8_default]
Compiling architecture struct of entity floating_point_v7_1_14.carry_chain [\carry_chain(c_xdevicefamily="zy...]
Compiling architecture synth of entity floating_point_v7_1_14.compare_eq_im [\compare_eq_im(c_xdevicefamily="...]
Compiling architecture rtl of entity floating_point_v7_1_14.zero_det_sel [\zero_det_sel(c_xdevicefamily="z...]
Compiling architecture synth of entity xbip_pipe_v3_0_6.xbip_pipe_v3_0_6_viv [\xbip_pipe_v3_0_6_viv(c_has_ce=1...]
Compiling architecture rtl of entity floating_point_v7_1_14.delay [\delay(width=55,length=0)\]
Compiling architecture rtl of entity floating_point_v7_1_14.shift_msb_first [\shift_msb_first(a_width=54,regi...]
Compiling architecture rtl of entity floating_point_v7_1_14.alignment [\alignment(c_xdevicefamily="zynq...]
Compiling architecture synth of entity xbip_pipe_v3_0_6.xbip_pipe_v3_0_6_viv [\xbip_pipe_v3_0_6_viv(c_has_ce=1...]
Compiling architecture rtl of entity floating_point_v7_1_14.delay [\delay(width=47,length=0)\]
Compiling architecture dsp48e1_v of entity unisim.DSP48E1 [\DSP48E1(acascreg=0,adreg=0,alum...]
Compiling architecture synth of entity xbip_pipe_v3_0_6.xbip_pipe_v3_0_6_viv [\xbip_pipe_v3_0_6_viv(c_has_ce=1...]
Compiling architecture rtl of entity floating_point_v7_1_14.delay [\delay(width=7,length=0)\]
Compiling architecture synth of entity xbip_pipe_v3_0_6.xbip_pipe_v3_0_6_viv [\xbip_pipe_v3_0_6_viv(c_has_ce=1...]
Compiling architecture rtl of entity floating_point_v7_1_14.delay [\delay(width=4,length=0)\]
Compiling architecture synth of entity xbip_pipe_v3_0_6.xbip_pipe_v3_0_6_viv [\xbip_pipe_v3_0_6_viv(c_has_ce=1...]
Compiling architecture rtl of entity floating_point_v7_1_14.delay [\delay(width=30,length=0)\]
Compiling architecture synth of entity xbip_pipe_v3_0_6.xbip_pipe_v3_0_6_viv [\xbip_pipe_v3_0_6_viv(c_has_ce=1...]
Compiling architecture rtl of entity floating_point_v7_1_14.delay [\delay(width=18,length=0)\]
Compiling architecture synth of entity xbip_pipe_v3_0_6.xbip_pipe_v3_0_6_viv [\xbip_pipe_v3_0_6_viv(c_has_ce=1...]
Compiling architecture rtl of entity floating_point_v7_1_14.delay [\delay(width=25,length=0)\]
Compiling architecture rtl of entity floating_point_v7_1_14.dsp48e1_wrapper [\dsp48e1_wrapper(a_width=30,b_wi...]
Compiling architecture synth of entity xbip_pipe_v3_0_6.xbip_pipe_v3_0_6_viv [\xbip_pipe_v3_0_6_viv(c_has_ce=1...]
Compiling architecture rtl of entity floating_point_v7_1_14.delay [\delay(width=48,length=0)\]
Compiling architecture rtl of entity floating_point_v7_1_14.dsp48e1_wrapper [\dsp48e1_wrapper(a_width=30,b_wi...]
Compiling architecture synth of entity xbip_pipe_v3_0_6.xbip_pipe_v3_0_6_viv [\xbip_pipe_v3_0_6_viv(c_has_ce=1...]
Compiling architecture rtl of entity floating_point_v7_1_14.delay [\delay(width=9,length=0)\]
Compiling architecture struct of entity floating_point_v7_1_14.carry_chain [\carry_chain(c_xdevicefamily="zy...]
Compiling architecture synth of entity xbip_pipe_v3_0_6.xbip_pipe_v3_0_6_viv [\xbip_pipe_v3_0_6_viv(c_has_ce=1...]
Compiling architecture rtl of entity floating_point_v7_1_14.delay [\delay(width=56,length=0)\]
Compiling architecture synth of entity floating_point_v7_1_14.addsub_dsp [\addsub_dsp(c_xdevicefamily="zyn...]
Compiling architecture rtl of entity floating_point_v7_1_14.addsub [\addsub(c_xdevicefamily="zynq",c...]
Compiling architecture rtl of entity floating_point_v7_1_14.align_add [\align_add(c_xdevicefamily="zynq...]
Compiling architecture synth of entity xbip_pipe_v3_0_6.xbip_pipe_v3_0_6_viv [\xbip_pipe_v3_0_6_viv(c_has_ce=1...]
Compiling architecture rtl of entity floating_point_v7_1_14.delay [\delay(width=6,length=0,fast_inp...]
Compiling architecture struct of entity floating_point_v7_1_14.carry_chain [\carry_chain(c_xdevicefamily="zy...]
Compiling architecture rtl of entity floating_point_v7_1_14.lead_zero_encode [\lead_zero_encode(c_xdevicefamil...]
Compiling architecture rtl of entity floating_point_v7_1_14.shift_msb_first [\shift_msb_first(a_width=56,resu...]
Compiling architecture rtl of entity floating_point_v7_1_14.dsp48e1_wrapper [\dsp48e1_wrapper(b_width=18,c_wi...]
Compiling architecture synth of entity xbip_pipe_v3_0_6.xbip_pipe_v3_0_6_viv [\xbip_pipe_v3_0_6_viv(c_has_ce=1...]
Compiling architecture rtl of entity floating_point_v7_1_14.delay [\delay(width=8,length=0)\]
Compiling architecture synth of entity xbip_pipe_v3_0_6.xbip_pipe_v3_0_6_viv [\xbip_pipe_v3_0_6_viv(c_has_ce=1...]
Compiling architecture rtl of entity floating_point_v7_1_14.delay [\delay(width=19,length=0)\]
Compiling architecture struct of entity floating_point_v7_1_14.carry_chain [\carry_chain(c_xdevicefamily="zy...]
Compiling architecture struct of entity floating_point_v7_1_14.carry_chain [\carry_chain(c_xdevicefamily="zy...]
Compiling architecture rtl of entity floating_point_v7_1_14.flt_round_bit [\flt_round_bit(c_xdevicefamily="...]
Compiling architecture rtl of entity floating_point_v7_1_14.renorm_and_round_logic [\renorm_and_round_logic(c_xdevic...]
Compiling architecture rtl of entity floating_point_v7_1_14.norm_and_round_logic [\norm_and_round_logic(c_xdevicef...]
Compiling architecture struct of entity floating_point_v7_1_14.carry_chain [\carry_chain(c_xdevicefamily="zy...]
Compiling architecture synth of entity xbip_pipe_v3_0_6.xbip_pipe_v3_0_6_viv [\xbip_pipe_v3_0_6_viv(c_has_ce=1...]
Compiling architecture rtl of entity floating_point_v7_1_14.delay [\delay(width=12,length=0,fast_in...]
Compiling architecture struct of entity floating_point_v7_1_14.carry_chain [\carry_chain(c_xdevicefamily="zy...]
Compiling architecture synth of entity floating_point_v7_1_14.compare_eq_im [\compare_eq_im(c_xdevicefamily="...]
Compiling architecture rtl of entity floating_point_v7_1_14.special_detect [\special_detect(c_xdevicefamily=...]
Compiling architecture struct of entity floating_point_v7_1_14.carry_chain [\carry_chain(c_xdevicefamily="zy...]
Compiling architecture synth of entity floating_point_v7_1_14.compare_gt [\compare_gt(c_xdevicefamily="zyn...]
Compiling architecture struct of entity floating_point_v7_1_14.carry_chain [\carry_chain(c_xdevicefamily="zy...]
Compiling architecture synth of entity floating_point_v7_1_14.compare_eq [\compare_eq(c_xdevicefamily="zyn...]
Compiling architecture synth of entity floating_point_v7_1_14.compare [\compare(c_xdevicefamily="zynq",...]
Compiling architecture synth of entity xbip_pipe_v3_0_6.xbip_pipe_v3_0_6_viv [\xbip_pipe_v3_0_6_viv(c_has_ce=1...]
Compiling architecture rtl of entity floating_point_v7_1_14.delay [\delay(width=12,length=0)\]
Compiling architecture rtl of entity floating_point_v7_1_14.flt_add_exp [\flt_add_exp(c_xdevicefamily="zy...]
Compiling architecture synth of entity floating_point_v7_1_14.flt_dec_op [\flt_dec_op(c_xdevicefamily="zyn...]
Compiling architecture rtl of entity floating_point_v7_1_14.flt_add_logic [\flt_add_logic(c_xdevicefamily="...]
Compiling architecture rtl of entity floating_point_v7_1_14.flt_add [\flt_add(c_xdevicefamily="zynq",...]
Compiling architecture xilinx of entity floating_point_v7_1_14.floating_point_v7_1_14_viv [\floating_point_v7_1_14_viv(c_xd...]
Compiling architecture xilinx of entity floating_point_v7_1_14.floating_point_v7_1_14 [\floating_point_v7_1_14(c_xdevic...]
Compiling module xil_defaultlib.keygen_dadddsub_64ns_64ns_64_2_f...
Compiling module xil_defaultlib.keygen_dadddsub_64ns_64ns_64_2_f...
Compiling architecture rtl of entity floating_point_v7_1_14.flt_add [\flt_add(c_xdevicefamily="zynq",...]
Compiling architecture xilinx of entity floating_point_v7_1_14.floating_point_v7_1_14_viv [\floating_point_v7_1_14_viv(c_xd...]
Compiling architecture xilinx of entity floating_point_v7_1_14.floating_point_v7_1_14 [\floating_point_v7_1_14(c_xdevic...]
Compiling module xil_defaultlib.keygen_dadd_64ns_64ns_64_2_full_...
Compiling module xil_defaultlib.keygen_dadd_64ns_64ns_64_2_full_...
Compiling architecture rtl of entity floating_point_v7_1_14.flt_add [\flt_add(c_xdevicefamily="zynq",...]
Compiling architecture xilinx of entity floating_point_v7_1_14.floating_point_v7_1_14_viv [\floating_point_v7_1_14_viv(c_xd...]
Compiling architecture xilinx of entity floating_point_v7_1_14.floating_point_v7_1_14 [\floating_point_v7_1_14(c_xdevic...]
Compiling module xil_defaultlib.keygen_dsub_64ns_64ns_64_2_full_...
Compiling module xil_defaultlib.keygen_dsub_64ns_64ns_64_2_full_...
Compiling architecture rtl of entity floating_point_v7_1_14.dsp48e1_wrapper [\dsp48e1_wrapper(a_width=19,b_wi...]
Compiling architecture dsp48e1_v of entity unisim.DSP48E1 [\DSP48E1(acascreg=0,adreg=0,alum...]
Compiling architecture synth of entity xbip_pipe_v3_0_6.xbip_pipe_v3_0_6_viv [\xbip_pipe_v3_0_6_viv(c_has_ce=1...]
Compiling architecture rtl of entity floating_point_v7_1_14.delay [\delay(width=17,length=0)\]
Compiling architecture rtl of entity floating_point_v7_1_14.dsp48e1_wrapper [\dsp48e1_wrapper(a_width=17,b_wi...]
Compiling architecture dsp48e1_v of entity unisim.DSP48E1 [\DSP48E1(acascreg=0,adreg=0,alum...]
Compiling architecture rtl of entity floating_point_v7_1_14.dsp48e1_wrapper [\dsp48e1_wrapper(a_width=17,b_wi...]
Compiling architecture dsp48e1_v of entity unisim.DSP48E1 [\DSP48E1(acascreg=0,adreg=0,alum...]
Compiling architecture rtl of entity floating_point_v7_1_14.dsp48e1_wrapper [\dsp48e1_wrapper(a_width=19,b_wi...]
Compiling architecture rtl of entity floating_point_v7_1_14.dsp48e1_wrapper [\dsp48e1_wrapper(a_width=19,b_wi...]
Compiling architecture dsp48e1_v of entity unisim.DSP48E1 [\DSP48E1(acascreg=0,adreg=0,alum...]
Compiling architecture rtl of entity floating_point_v7_1_14.dsp48e1_wrapper [\dsp48e1_wrapper(a_width=19,b_wi...]
Compiling architecture rtl of entity floating_point_v7_1_14.dsp48e1_wrapper [\dsp48e1_wrapper(a_width=19,b_wi...]
Compiling architecture rtl of entity floating_point_v7_1_14.dsp48e1_wrapper [\dsp48e1_wrapper(a_width=19,b_wi...]
Compiling architecture struct of entity floating_point_v7_1_14.fix_mult_dsp48e1_dbl [\fix_mult_dsp48e1_dbl(mult_usage...]
Compiling architecture rtl of entity floating_point_v7_1_14.fix_mult [\fix_mult(c_xdevicefamily="zynq"...]
Compiling architecture struct of entity floating_point_v7_1_14.carry_chain [\carry_chain(c_xdevicefamily="zy...]
Compiling architecture rtl of entity floating_point_v7_1_14.flt_mult_exp [\flt_mult_exp(c_xdevicefamily="z...]
Compiling architecture synth of entity xbip_pipe_v3_0_6.xbip_pipe_v3_0_6_viv [\xbip_pipe_v3_0_6_viv(c_has_ce=1...]
Compiling architecture rtl of entity floating_point_v7_1_14.delay [\delay(width=54,length=0,fast_in...]
Compiling architecture rtl of entity floating_point_v7_1_14.renorm_and_round_logic [\renorm_and_round_logic(c_xdevic...]
Compiling architecture rtl of entity floating_point_v7_1_14.flt_mult_round [\flt_mult_round(c_xdevicefamily=...]
Compiling architecture synth of entity floating_point_v7_1_14.flt_dec_op_lat [\flt_dec_op_lat(c_xdevicefamily=...]
Compiling architecture rtl of entity floating_point_v7_1_14.flt_mult [\flt_mult(c_xdevicefamily="zynq"...]
Compiling architecture xilinx of entity floating_point_v7_1_14.floating_point_v7_1_14_viv [\floating_point_v7_1_14_viv(c_xd...]
Compiling architecture xilinx of entity floating_point_v7_1_14.floating_point_v7_1_14 [\floating_point_v7_1_14(c_xdevic...]
Compiling module xil_defaultlib.keygen_dmul_64ns_64ns_64_2_max_d...
Compiling module xil_defaultlib.keygen_dmul_64ns_64ns_64_2_max_d...
Compiling module xil_defaultlib.keygen_FFT
Compiling module xil_defaultlib.keygen_iFFT
Compiling module xil_defaultlib.keygen_compute_public_1_iGMb_ROM...
Compiling module xil_defaultlib.keygen_mq_NTT_GMb_ROM_AUTO_1R
Compiling module xil_defaultlib.keygen_mul_mul_16ns_14ns_30_4_1_...
Compiling module xil_defaultlib.keygen_mul_mul_16ns_14ns_30_4_1(...
Compiling module xil_defaultlib.keygen_mul_mul_16s_14ns_16_4_1_D...
Compiling module xil_defaultlib.keygen_mul_mul_16s_14ns_16_4_1(I...
Compiling module xil_defaultlib.keygen_mac_muladd_16ns_14ns_30ns...
Compiling module xil_defaultlib.keygen_mac_muladd_16ns_14ns_30ns...
Compiling module xil_defaultlib.keygen_mq_NTT
Compiling module xil_defaultlib.keygen_mq_NTT_1
Compiling module xil_defaultlib.keygen_mul_mul_17s_17s_32_4_1_DS...
Compiling module xil_defaultlib.keygen_mul_mul_17s_17s_32_4_1(ID...
Compiling module xil_defaultlib.keygen_mac_muladd_16ns_14ns_32s_...
Compiling module xil_defaultlib.keygen_mac_muladd_16ns_14ns_32s_...
Compiling module xil_defaultlib.keygen_mq_montysqr
Compiling module xil_defaultlib.keygen_mul_mul_16ns_15ns_16_4_1_...
Compiling module xil_defaultlib.keygen_mul_mul_16ns_15ns_16_4_1(...
Compiling module xil_defaultlib.keygen_mul_mul_16s_17s_32_4_1_DS...
Compiling module xil_defaultlib.keygen_mul_mul_16s_17s_32_4_1(ID...
Compiling module xil_defaultlib.keygen_mul_mul_17s_16ns_32_4_1_D...
Compiling module xil_defaultlib.keygen_mul_mul_17s_16ns_32_4_1(I...
Compiling module xil_defaultlib.keygen_am_addmul_15s_17s_14ns_32...
Compiling module xil_defaultlib.keygen_am_addmul_15s_17s_14ns_32...
Compiling module xil_defaultlib.keygen_ama_submuladd_1ns_16ns_14...
Compiling module xil_defaultlib.keygen_ama_submuladd_1ns_16ns_14...
Compiling module xil_defaultlib.keygen_compute_public_1
Compiling module xil_defaultlib.keygen_modp_mkgm2_1_REV10_ROM_AU...
Compiling module xil_defaultlib.keygen_solve_NTRU_vla18_RAM_AUTO...
Compiling module xil_defaultlib.keygen_make_fg_step_1_MAX_BL_SMA...
Compiling module xil_defaultlib.keygen_zint_rebuild_CRT_1_PRIMES...
Compiling module xil_defaultlib.keygen_make_fg_step_1_PRIMES_g_R...
Compiling module xil_defaultlib.keygen_solve_NTRU_all_1_MAX_BL_L...
Compiling module xil_defaultlib.keygen_solve_NTRU_all_1_BITLENGT...
Compiling module xil_defaultlib.keygen_solve_NTRU_all_1_BITLENGT...
Compiling module xil_defaultlib.keygen_mul_32ns_32ns_63_1_1(NUM_...
Compiling module xil_defaultlib.keygen_mul_31s_31s_31_1_1(NUM_ST...
Compiling module xil_defaultlib.keygen_mul_31ns_32ns_62_1_1(NUM_...
Compiling module xil_defaultlib.keygen_modp_montymul
Compiling module xil_defaultlib.keygen_modp_mkgm2_1
Compiling module xil_defaultlib.keygen_zint_rebuild_CRT_1_PRIMES...
Compiling module xil_defaultlib.keygen_mul_25s_24ns_31_1_1(NUM_S...
Compiling module xil_defaultlib.keygen_mul_31s_24ns_31_1_1(NUM_S...
Compiling module xil_defaultlib.keygen_mul_25s_31s_31_1_1(NUM_ST...
Compiling module xil_defaultlib.keygen_mul_32ns_31ns_63_1_1(NUM_...
Compiling module xil_defaultlib.keygen_zint_rebuild_CRT_1
Compiling module xil_defaultlib.keygen_mul_mul_13s_8ns_13_4_1_DS...
Compiling module xil_defaultlib.keygen_mul_mul_13s_8ns_13_4_1(ID...
Compiling module xil_defaultlib.keygen_modp_NTT2_ext_1
Compiling module xil_defaultlib.keygen_mul_31ns_31ns_62_1_1(NUM_...
Compiling module xil_defaultlib.keygen_mul_mul_13s_9ns_13_4_1_DS...
Compiling module xil_defaultlib.keygen_mul_mul_13s_9ns_13_4_1(ID...
Compiling module xil_defaultlib.keygen_modp_iNTT2_ext_1
Compiling module xil_defaultlib.keygen_mul_8ns_61s_61_1_1(NUM_ST...
Compiling module xil_defaultlib.keygen_make_fg_step_1
Compiling module xil_defaultlib.keygen_make_fg_1
Compiling module xil_defaultlib.keygen_FFT_1
Compiling module xil_defaultlib.keygen_iFFT_1_fpr_p2_tab_ROM_AUT...
Compiling module xil_defaultlib.keygen_iFFT_1
Compiling module xil_defaultlib.keygen_fpr_rint
Compiling module xil_defaultlib.keygen_mul_31ns_32ns_63_1_1(NUM_...
Compiling module xil_defaultlib.keygen_zint_mod_small_signed_1
Compiling module xil_defaultlib.keygen_poly_big_to_fp_1
Compiling module xil_defaultlib.keygen_poly_mul_fft_1
Compiling module xil_defaultlib.keygen_mul_32ns_64s_64_1_1(NUM_S...
Compiling module xil_defaultlib.keygen_zint_co_reduce_mod_1
Compiling module xil_defaultlib.keygen_mul_64s_32ns_64_1_1(NUM_S...
Compiling module xil_defaultlib.keygen_zint_bezout_1
Compiling module xil_defaultlib.keygen_mul_31ns_32s_63_1_1(NUM_S...
Compiling module xil_defaultlib.keygen_poly_sub_scaled_1
Compiling module xil_defaultlib.keygen_mac_muladd_13s_8ns_12ns_1...
Compiling module xil_defaultlib.keygen_mac_muladd_13s_8ns_12ns_1...
Compiling module xil_defaultlib.keygen_ama_addmuladd_13s_13ns_8n...
Compiling module xil_defaultlib.keygen_ama_addmuladd_13s_13ns_8n...
Compiling module xil_defaultlib.keygen_poly_sub_scaled_ntt_1
Compiling architecture struct of entity floating_point_v7_1_14.carry_chain [\carry_chain(c_xdevicefamily="zy...]
Compiling architecture synth of entity floating_point_v7_1_14.flt_div_mant_addsub [\flt_div_mant_addsub(c_xdevicefa...]
Compiling architecture synth of entity xbip_pipe_v3_0_6.xbip_pipe_v3_0_6_viv [\xbip_pipe_v3_0_6_viv(c_latency=...]
Compiling architecture rtl of entity floating_point_v7_1_14.delay [\delay(width=52)\]
Compiling architecture synth of entity xbip_pipe_v3_0_6.xbip_pipe_v3_0_6_viv [\xbip_pipe_v3_0_6_viv(c_has_ce=1...]
Compiling architecture rtl of entity floating_point_v7_1_14.delay [\delay(width=53,length=0)\]
Compiling architecture synth of entity xbip_pipe_v3_0_6.xbip_pipe_v3_0_6_viv [\xbip_pipe_v3_0_6_viv(c_latency=...]
Compiling architecture rtl of entity floating_point_v7_1_14.delay [\delay(width=54,fast_input=true)...]
Compiling architecture struct of entity floating_point_v7_1_14.carry_chain [\carry_chain(c_xdevicefamily="zy...]
Compiling architecture synth of entity floating_point_v7_1_14.flt_div_mant_addsub [\flt_div_mant_addsub(c_xdevicefa...]
Compiling architecture synth of entity xbip_pipe_v3_0_6.xbip_pipe_v3_0_6_viv [\xbip_pipe_v3_0_6_viv(c_latency=...]
Compiling architecture rtl of entity floating_point_v7_1_14.delay [\delay(width=55)\]
Compiling architecture synth of entity xbip_pipe_v3_0_6.xbip_pipe_v3_0_6_viv [\xbip_pipe_v3_0_6_viv(c_latency=...]
Compiling architecture rtl of entity floating_point_v7_1_14.delay [delay_default]
Compiling architecture virtex of entity floating_point_v7_1_14.flt_div_mant [\flt_div_mant(c_xdevicefamily="z...]
Compiling architecture synth of entity xbip_pipe_v3_0_6.xbip_pipe_v3_0_6_viv [\xbip_pipe_v3_0_6_viv(c_has_ce=1...]
Compiling architecture rtl of entity floating_point_v7_1_14.delay [\delay(width=13,length=0,fast_in...]
Compiling architecture rtl of entity floating_point_v7_1_14.special_detect [\special_detect(c_xdevicefamily=...]
Compiling architecture synth of entity xbip_pipe_v3_0_6.xbip_pipe_v3_0_6_viv [\xbip_pipe_v3_0_6_viv(c_latency=...]
Compiling architecture rtl of entity floating_point_v7_1_14.delay [\delay(length=3,fast_input=true)...]
Compiling architecture synth of entity xbip_pipe_v3_0_6.xbip_pipe_v3_0_6_viv [\xbip_pipe_v3_0_6_viv(c_latency=...]
Compiling architecture rtl of entity floating_point_v7_1_14.delay [\delay(width=11,length=3)\]
Compiling architecture synth of entity xbip_pipe_v3_0_6.xbip_pipe_v3_0_6_viv [\xbip_pipe_v3_0_6_viv(c_latency=...]
Compiling architecture rtl of entity floating_point_v7_1_14.delay [\delay(width=3,length=3,fast_inp...]
Compiling architecture synth of entity xbip_pipe_v3_0_6.xbip_pipe_v3_0_6_viv [\xbip_pipe_v3_0_6_viv(c_latency=...]
Compiling architecture rtl of entity floating_point_v7_1_14.delay [\delay(width=4,length=3,fast_inp...]
Compiling architecture rtl of entity floating_point_v7_1_14.flt_div_exp [\flt_div_exp(c_xdevicefamily="no...]
Compiling architecture synth of entity xbip_pipe_v3_0_6.xbip_pipe_v3_0_6_viv [\xbip_pipe_v3_0_6_viv(c_has_ce=1...]
Compiling architecture rtl of entity floating_point_v7_1_14.delay [\delay(width=26,length=0,fast_in...]
Compiling architecture struct of entity floating_point_v7_1_14.carry_chain [\carry_chain(c_xdevicefamily="zy...]
Compiling architecture synth of entity xbip_pipe_v3_0_6.xbip_pipe_v3_0_6_viv [\xbip_pipe_v3_0_6_viv(c_has_ce=1...]
Compiling architecture rtl of entity floating_point_v7_1_14.delay [\delay(width=27,length=0,fast_in...]
Compiling architecture struct of entity floating_point_v7_1_14.carry_chain [\carry_chain(c_xdevicefamily="zy...]
Compiling architecture struct of entity floating_point_v7_1_14.carry_chain [\carry_chain(c_xdevicefamily="zy...]
Compiling architecture rtl of entity floating_point_v7_1_14.renorm_and_round_logic [\renorm_and_round_logic(c_xdevic...]
Compiling architecture synth of entity floating_point_v7_1_14.flt_dec_op_lat [\flt_dec_op_lat(c_xdevicefamily=...]
Compiling architecture virtex of entity floating_point_v7_1_14.flt_div [\flt_div(c_xdevicefamily="zynq",...]
Compiling architecture synth of entity xbip_pipe_v3_0_6.xbip_pipe_v3_0_6_viv [\xbip_pipe_v3_0_6_viv(c_latency=...]
Compiling architecture xilinx of entity floating_point_v7_1_14.floating_point_v7_1_14_viv [\floating_point_v7_1_14_viv(c_xd...]
Compiling architecture xilinx of entity floating_point_v7_1_14.floating_point_v7_1_14 [\floating_point_v7_1_14(c_xdevic...]
Compiling module xil_defaultlib.keygen_ddiv_64ns_64ns_64_6_no_ds...
Compiling module xil_defaultlib.keygen_ddiv_64ns_64ns_64_6_no_ds...
Compiling architecture struct of entity floating_point_v7_1_14.carry_chain [\carry_chain(c_xdevicefamily="zy...]
Compiling architecture synth of entity floating_point_v7_1_14.compare_eq_im [\compare_eq_im(c_xdevicefamily="...]
Compiling architecture synth of entity floating_point_v7_1_14.compare_ne_im [\compare_ne_im(c_xdevicefamily="...]
Compiling architecture struct of entity floating_point_v7_1_14.carry_chain [\carry_chain(c_xdevicefamily="zy...]
Compiling architecture synth of entity floating_point_v7_1_14.compare_eq_im [\compare_eq_im(c_xdevicefamily="...]
Compiling architecture synth of entity xbip_pipe_v3_0_6.xbip_pipe_v3_0_6_viv [\xbip_pipe_v3_0_6_viv(c_has_ce=1...]
Compiling architecture rtl of entity floating_point_v7_1_14.delay [\delay(width=22,length=0)\]
Compiling architecture struct of entity floating_point_v7_1_14.carry_chain [\carry_chain(c_xdevicefamily="zy...]
Compiling architecture synth of entity floating_point_v7_1_14.compare_eq [\compare_eq(c_xdevicefamily="zyn...]
Compiling architecture synth of entity xbip_pipe_v3_0_6.xbip_pipe_v3_0_6_viv [\xbip_pipe_v3_0_6_viv(c_has_ce=1...]
Compiling architecture rtl of entity floating_point_v7_1_14.delay [\delay(width=32,length=0)\]
Compiling architecture struct of entity floating_point_v7_1_14.carry_chain [\carry_chain(c_xdevicefamily="zy...]
Compiling architecture synth of entity floating_point_v7_1_14.compare_gt [\compare_gt(c_xdevicefamily="zyn...]
Compiling architecture rtl of entity floating_point_v7_1_14.fp_cmp [\fp_cmp(c_xdevicefamily="zynq",c...]
Compiling architecture xilinx of entity floating_point_v7_1_14.floating_point_v7_1_14_viv [\floating_point_v7_1_14_viv(c_xd...]
Compiling architecture xilinx of entity floating_point_v7_1_14.floating_point_v7_1_14 [\floating_point_v7_1_14(c_xdevic...]
Compiling module xil_defaultlib.keygen_dcmp_64ns_64ns_1_1_no_dsp...
Compiling module xil_defaultlib.keygen_dcmp_64ns_64ns_1_1_no_dsp...
Compiling module xil_defaultlib.keygen_mul_32ns_15ns_46_1_1(NUM_...
Compiling module xil_defaultlib.keygen_mul_8ns_64s_64_1_1(NUM_ST...
Compiling module xil_defaultlib.keygen_mul_32s_34ns_65_1_1(NUM_S...
Compiling module xil_defaultlib.keygen_srem_32s_6ns_6_36_seq_1_d...
Compiling module xil_defaultlib.keygen_srem_32s_6ns_6_36_seq_1(N...
Compiling module xil_defaultlib.keygen_solve_NTRU_all_1
Compiling module xil_defaultlib.keygen_solve_NTRU
Compiling module xil_defaultlib.keygen_control_s_axi
Compiling module xil_defaultlib.keygen_gmem0_m_axi_srl(DATA_WIDT...
Compiling module xil_defaultlib.keygen_gmem0_m_axi_fifo(DATA_WID...
Compiling module xil_defaultlib.keygen_gmem0_m_axi_mem(MEM_STYLE...
Compiling module xil_defaultlib.keygen_gmem0_m_axi_fifo(MEM_STYL...
Compiling module xil_defaultlib.keygen_gmem0_m_axi_srl(ADDR_WIDT...
Compiling module xil_defaultlib.keygen_gmem0_m_axi_fifo(ADDR_WID...
Compiling module xil_defaultlib.keygen_gmem0_m_axi_srl(DATA_WIDT...
Compiling module xil_defaultlib.keygen_gmem0_m_axi_fifo(DATA_WID...
Compiling module xil_defaultlib.keygen_gmem0_m_axi_srl(DATA_WIDT...
Compiling module xil_defaultlib.keygen_gmem0_m_axi_fifo(DATA_WID...
Compiling module xil_defaultlib.keygen_gmem0_m_axi_store(NUM_WRI...
Compiling module xil_defaultlib.keygen_gmem0_m_axi_mem(MEM_STYLE...
Compiling module xil_defaultlib.keygen_gmem0_m_axi_fifo(MEM_STYL...
Compiling module xil_defaultlib.keygen_gmem0_m_axi_srl(DATA_WIDT...
Compiling module xil_defaultlib.keygen_gmem0_m_axi_fifo(DATA_WID...
Compiling module xil_defaultlib.keygen_gmem0_m_axi_load(NUM_READ...
Compiling module xil_defaultlib.keygen_gmem0_m_axi_reg_slice(DAT...
Compiling module xil_defaultlib.keygen_gmem0_m_axi_srl(DATA_WIDT...
Compiling module xil_defaultlib.keygen_gmem0_m_axi_fifo(DATA_WID...
Compiling module xil_defaultlib.keygen_gmem0_m_axi_reg_slice(DAT...
Compiling module xil_defaultlib.keygen_gmem0_m_axi_srl(DATA_WIDT...
Compiling module xil_defaultlib.keygen_gmem0_m_axi_fifo(DATA_WID...
Compiling module xil_defaultlib.keygen_gmem0_m_axi_srl(DATA_WIDT...
Compiling module xil_defaultlib.keygen_gmem0_m_axi_fifo(DATA_WID...
Compiling module xil_defaultlib.keygen_gmem0_m_axi_throttle(CONS...
Compiling module xil_defaultlib.keygen_gmem0_m_axi_reg_slice(DAT...
Compiling module xil_defaultlib.keygen_gmem0_m_axi_write(CONSERV...
Compiling module xil_defaultlib.keygen_gmem0_m_axi_reg_slice(DAT...
Compiling module xil_defaultlib.keygen_gmem0_m_axi_read(C_USER_V...
Compiling module xil_defaultlib.keygen_gmem0_m_axi(CONSERVATIVE=...
Compiling module xil_defaultlib.keygen_mux_63_64_1_1(ID=1,din0_W...
Compiling module xil_defaultlib.keygen_mac_muladd_8s_8s_26s_26_4...
Compiling module xil_defaultlib.keygen_mac_muladd_8s_8s_26s_26_4...
Compiling module xil_defaultlib.keygen
Compiling module xil_defaultlib.AESL_axi_master_gmem0
Compiling module xil_defaultlib.AESL_axi_slave_control
Compiling module xil_defaultlib.nodf_module_intf
Compiling module xil_defaultlib.seq_loop_intf(FSM_WIDTH=117)
Compiling module xil_defaultlib.seq_loop_intf(FSM_WIDTH=7)
Compiling module xil_defaultlib.seq_loop_intf(FSM_WIDTH=10)
Compiling module xil_defaultlib.seq_loop_intf(FSM_WIDTH=3)
Compiling module xil_defaultlib.seq_loop_intf(FSM_WIDTH=13)
Compiling module xil_defaultlib.seq_loop_intf(FSM_WIDTH=116)
Compiling module xil_defaultlib.seq_loop_intf(FSM_WIDTH=16)
Compiling module xil_defaultlib.seq_loop_intf(FSM_WIDTH=31)
Compiling module xil_defaultlib.seq_loop_intf(FSM_WIDTH=452)
Compiling module xil_defaultlib.seq_loop_intf(FSM_WIDTH=14)
Compiling module xil_defaultlib.seq_loop_intf(FSM_WIDTH=60)
Compiling module xil_defaultlib.seq_loop_intf(FSM_WIDTH=19)
Compiling module xil_defaultlib.seq_loop_intf(FSM_WIDTH=9)
Compiling module xil_defaultlib.seq_loop_intf(FSM_WIDTH=11)
Compiling module xil_defaultlib.seq_loop_intf(FSM_WIDTH=17)
Compiling module xil_defaultlib.seq_loop_intf(FSM_WIDTH=4)
Compiling module xil_defaultlib.seq_loop_intf(FSM_WIDTH=8)
Compiling module xil_defaultlib.seq_loop_intf(FSM_WIDTH=33)
Compiling module xil_defaultlib.seq_loop_intf(FSM_WIDTH=15)
Compiling module xil_defaultlib.seq_loop_intf(FSM_WIDTH=44)
Compiling module xil_defaultlib.dataflow_monitor_1
Compiling module xil_defaultlib.apatb_keygen_top
Compiling module work.glbl
Built simulation snapshot keygen
