   Build using "/tools/Xilinx/Vitis_HLS/2022.1/tps/lnx64/gcc-8.3.0/bin/g++"
   Compiling apatb_keygen.cpp
   Compiling (apcc) shake.c_pre.c.tb.c
INFO: [HLS 200-10] Running '/tools/Xilinx/Vitis_HLS/2022.1/bin/unwrapped/lnx64.o/apcc'
INFO: [HLS 200-10] For user 'ubuntu' on host 'ubuntu2004.linuxvmimages.local' (Linux_x86_64 version 5.15.0-97-generic) on Mon Mar 04 11:10:47 EST 2024
INFO: [HLS 200-10] On os Ubuntu 20.04.4 LTS
INFO: [HLS 200-10] In directory '/home/ubuntu/falconlab/hls_ip/solution1/sim/wrapc'
clang: warning: argument unused during compilation: '-fno-builtin-isinf'
clang: warning: argument unused during compilation: '-fno-builtin-isnan'
INFO: [APCC 202-3] Tmp directory is /tmp/apcc_db_ubuntu/308011709568647754603
INFO: [APCC 202-1] APCC is done.
INFO: [HLS 200-112] Total CPU user time: 3.57 seconds. Total CPU system time: 0.17 seconds. Total elapsed time: 3.89 seconds; peak allocated memory: 19.363 MB.
   Compiling (apcc) fpr.c_pre.c.tb.c
INFO: [HLS 200-10] Running '/tools/Xilinx/Vitis_HLS/2022.1/bin/unwrapped/lnx64.o/apcc'
INFO: [HLS 200-10] For user 'ubuntu' on host 'ubuntu2004.linuxvmimages.local' (Linux_x86_64 version 5.15.0-97-generic) on Mon Mar 04 11:10:52 EST 2024
INFO: [HLS 200-10] On os Ubuntu 20.04.4 LTS
INFO: [HLS 200-10] In directory '/home/ubuntu/falconlab/hls_ip/solution1/sim/wrapc'
clang: warning: argument unused during compilation: '-fno-builtin-isinf'
clang: warning: argument unused during compilation: '-fno-builtin-isnan'
INFO: [APCC 202-3] Tmp directory is /tmp/apcc_db_ubuntu/308571709568652572479
INFO: [APCC 202-1] APCC is done.
INFO: [HLS 200-112] Total CPU user time: 2.97 seconds. Total CPU system time: 0.36 seconds. Total elapsed time: 3.4 seconds; peak allocated memory: 19.363 MB.
   Compiling (apcc) codec.c_pre.c.tb.c
INFO: [HLS 200-10] Running '/tools/Xilinx/Vitis_HLS/2022.1/bin/unwrapped/lnx64.o/apcc'
INFO: [HLS 200-10] For user 'ubuntu' on host 'ubuntu2004.linuxvmimages.local' (Linux_x86_64 version 5.15.0-97-generic) on Mon Mar 04 11:10:56 EST 2024
INFO: [HLS 200-10] On os Ubuntu 20.04.4 LTS
INFO: [HLS 200-10] In directory '/home/ubuntu/falconlab/hls_ip/solution1/sim/wrapc'
clang: warning: argument unused during compilation: '-fno-builtin-isinf'
clang: warning: argument unused during compilation: '-fno-builtin-isnan'
INFO: [APCC 202-3] Tmp directory is /tmp/apcc_db_ubuntu/309131709568656957321
INFO: [APCC 202-1] APCC is done.
INFO: [HLS 200-112] Total CPU user time: 2.56 seconds. Total CPU system time: 0.77 seconds. Total elapsed time: 3.47 seconds; peak allocated memory: 19.363 MB.
   Compiling (apcc) common.c_pre.c.tb.c
INFO: [HLS 200-10] Running '/tools/Xilinx/Vitis_HLS/2022.1/bin/unwrapped/lnx64.o/apcc'
INFO: [HLS 200-10] For user 'ubuntu' on host 'ubuntu2004.linuxvmimages.local' (Linux_x86_64 version 5.15.0-97-generic) on Mon Mar 04 11:11:01 EST 2024
INFO: [HLS 200-10] On os Ubuntu 20.04.4 LTS
INFO: [HLS 200-10] In directory '/home/ubuntu/falconlab/hls_ip/solution1/sim/wrapc'
clang: warning: argument unused during compilation: '-fno-builtin-isinf'
clang: warning: argument unused during compilation: '-fno-builtin-isnan'
INFO: [APCC 202-3] Tmp directory is /tmp/apcc_db_ubuntu/309691709568661412789
INFO: [APCC 202-1] APCC is done.
INFO: [HLS 200-112] Total CPU user time: 3.18 seconds. Total CPU system time: 0.17 seconds. Total elapsed time: 3.44 seconds; peak allocated memory: 19.363 MB.
   Compiling (apcc) rng.c_pre.c.tb.c
INFO: [HLS 200-10] Running '/tools/Xilinx/Vitis_HLS/2022.1/bin/unwrapped/lnx64.o/apcc'
INFO: [HLS 200-10] For user 'ubuntu' on host 'ubuntu2004.linuxvmimages.local' (Linux_x86_64 version 5.15.0-97-generic) on Mon Mar 04 11:11:05 EST 2024
INFO: [HLS 200-10] On os Ubuntu 20.04.4 LTS
INFO: [HLS 200-10] In directory '/home/ubuntu/falconlab/hls_ip/solution1/sim/wrapc'
clang: warning: argument unused during compilation: '-fno-builtin-isinf'
clang: warning: argument unused during compilation: '-fno-builtin-isnan'
INFO: [APCC 202-3] Tmp directory is /tmp/apcc_db_ubuntu/310251709568665886242
INFO: [APCC 202-1] APCC is done.
INFO: [HLS 200-112] Total CPU user time: 2.76 seconds. Total CPU system time: 0.61 seconds. Total elapsed time: 3.43 seconds; peak allocated memory: 19.363 MB.
   Compiling (apcc) sign.c_pre.c.tb.c
INFO: [HLS 200-10] Running '/tools/Xilinx/Vitis_HLS/2022.1/bin/unwrapped/lnx64.o/apcc'
INFO: [HLS 200-10] For user 'ubuntu' on host 'ubuntu2004.linuxvmimages.local' (Linux_x86_64 version 5.15.0-97-generic) on Mon Mar 04 11:11:10 EST 2024
INFO: [HLS 200-10] On os Ubuntu 20.04.4 LTS
INFO: [HLS 200-10] In directory '/home/ubuntu/falconlab/hls_ip/solution1/sim/wrapc'
clang: warning: argument unused during compilation: '-fno-builtin-isinf'
clang: warning: argument unused during compilation: '-fno-builtin-isnan'
In file included from /home/ubuntu/FalconHLS/code_hls/sign.c:1:
/home/ubuntu/FalconHLS/code_hls/sign.c:317:11: warning: assigning to 'double *' from 'const fpr *' (aka 'const double *') discards qualifiers [-Wincompatible-pointer-types]
 base_adr = t0;
          ^ ~~
/home/ubuntu/FalconHLS/code_hls/sign.c:356:10: warning: initializing 'fpr *' (aka 'double *') with an expression of type 'const fpr *' (aka 'const double *') discards qualifiers [-Wincompatible-pointer-types]
   fpr * tree_tmp = tree + tree_offset_ff[i];
         ^          ~~~~~~~~~~~~~~~~~~~~~~~~
/home/ubuntu/FalconHLS/code_hls/sign.c:512:12: warning: initializing 'double *' with an expression of type 'const fpr *' (aka 'const double *') discards qualifiers [-Wincompatible-pointer-types]
   double* tree_tmp = tree + tree_offset_ff[back1_local[back1_cnt]];
           ^          ~~~~~~~~~~~~~~~~~~~~~~~~~~~~~~~~~~~~~~~~~~~~~
/home/ubuntu/FalconHLS/code_hls/sign.c:1905:38: warning: sizeof on array function parameter will return size of 'uint8_t *' (aka 'unsigned char *') instead of 'uint8_t [50]' [-Wsizeof-array-argument]
  i_shake256_inject(&sc, msg, sizeof msg);
                                     ^
/home/ubuntu/FalconHLS/code_hls/sign.c:1889:87: note: declared here
void sign_tree(int16_t sig[1024], fpr expanded_key[15360], uint16_t hm[1024], uint8_t msg[50], uint8_t seed[48])
                                                                                      ^
4 warnings generated.
INFO: [APCC 202-3] Tmp directory is /tmp/apcc_db_ubuntu/310811709568670310077
INFO: [APCC 202-1] APCC is done.
INFO: [HLS 200-112] Total CPU user time: 3.24 seconds. Total CPU system time: 0.72 seconds. Total elapsed time: 4.02 seconds; peak allocated memory: 19.363 MB.
   Compiling (apcc) fft.c_pre.c.tb.c
INFO: [HLS 200-10] Running '/tools/Xilinx/Vitis_HLS/2022.1/bin/unwrapped/lnx64.o/apcc'
INFO: [HLS 200-10] For user 'ubuntu' on host 'ubuntu2004.linuxvmimages.local' (Linux_x86_64 version 5.15.0-97-generic) on Mon Mar 04 11:11:15 EST 2024
INFO: [HLS 200-10] On os Ubuntu 20.04.4 LTS
INFO: [HLS 200-10] In directory '/home/ubuntu/falconlab/hls_ip/solution1/sim/wrapc'
clang: warning: argument unused during compilation: '-fno-builtin-isinf'
clang: warning: argument unused during compilation: '-fno-builtin-isnan'
In file included from /home/ubuntu/FalconHLS/code_hls/fft.c:1:
/home/ubuntu/FalconHLS/code_hls/fft.c:1042:8: warning: expression result unused [-Wunused-value]
  for (u, i = 1; u > 1; u--, ++i) {
       ^
/home/ubuntu/FalconHLS/code_hls/fft.c:1076:8: warning: expression result unused [-Wunused-value]
  for (u, i = 1; u > 1; u--, ++i) {
       ^
/home/ubuntu/FalconHLS/code_hls/fft.c:1110:8: warning: expression result unused [-Wunused-value]
  for (u, i = 1; u > 1; u--, ++i) {
       ^
/home/ubuntu/FalconHLS/code_hls/fft.c:1144:8: warning: expression result unused [-Wunused-value]
  for (u, i = 1; u > 1; u--, ++i) {
       ^
/home/ubuntu/FalconHLS/code_hls/fft.c:1178:8: warning: expression result unused [-Wunused-value]
  for (u, i = 1; u > 1; u--, ++i) {
       ^
/home/ubuntu/FalconHLS/code_hls/fft.c:1212:8: warning: expression result unused [-Wunused-value]
  for (u, i = 1; u > 1; u--, ++i) {
       ^
/home/ubuntu/FalconHLS/code_hls/fft.c:1246:8: warning: expression result unused [-Wunused-value]
  for (u, i = 1; u > 1; u--, ++i) {
       ^
/home/ubuntu/FalconHLS/code_hls/fft.c:1280:8: warning: expression result unused [-Wunused-value]
  for (u, i = 1; u > 1; u--, ++i) {
       ^
/home/ubuntu/FalconHLS/code_hls/fft.c:1314:8: warning: expression result unused [-Wunused-value]
  for (u, i = 1; u > 1; u--, ++i) {
       ^
/home/ubuntu/FalconHLS/code_hls/fft.c:1348:8: warning: expression result unused [-Wunused-value]
  for (u, i = 1; u > 1; u--, ++i) {
       ^
10 warnings generated.
INFO: [APCC 202-3] Tmp directory is /tmp/apcc_db_ubuntu/311371709568675299186
INFO: [APCC 202-1] APCC is done.
INFO: [HLS 200-112] Total CPU user time: 4.96 seconds. Total CPU system time: 0.16 seconds. Total elapsed time: 5.17 seconds; peak allocated memory: 19.363 MB.
   Compiling (apcc) vrfy.c_pre.c.tb.c
INFO: [HLS 200-10] Running '/tools/Xilinx/Vitis_HLS/2022.1/bin/unwrapped/lnx64.o/apcc'
INFO: [HLS 200-10] For user 'ubuntu' on host 'ubuntu2004.linuxvmimages.local' (Linux_x86_64 version 5.15.0-97-generic) on Mon Mar 04 11:11:21 EST 2024
INFO: [HLS 200-10] On os Ubuntu 20.04.4 LTS
INFO: [HLS 200-10] In directory '/home/ubuntu/falconlab/hls_ip/solution1/sim/wrapc'
clang: warning: argument unused during compilation: '-fno-builtin-isinf'
clang: warning: argument unused during compilation: '-fno-builtin-isnan'
INFO: [APCC 202-3] Tmp directory is /tmp/apcc_db_ubuntu/311931709568681489779
INFO: [APCC 202-1] APCC is done.
INFO: [HLS 200-112] Total CPU user time: 3.31 seconds. Total CPU system time: 0.19 seconds. Total elapsed time: 3.54 seconds; peak allocated memory: 19.363 MB.
   Compiling (apcc) tb.c_pre.c.tb.c
INFO: [HLS 200-10] Running '/tools/Xilinx/Vitis_HLS/2022.1/bin/unwrapped/lnx64.o/apcc'
INFO: [HLS 200-10] For user 'ubuntu' on host 'ubuntu2004.linuxvmimages.local' (Linux_x86_64 version 5.15.0-97-generic) on Mon Mar 04 11:11:25 EST 2024
INFO: [HLS 200-10] On os Ubuntu 20.04.4 LTS
INFO: [HLS 200-10] In directory '/home/ubuntu/falconlab/hls_ip/solution1/sim/wrapc'
clang: warning: argument unused during compilation: '-fno-builtin-isinf'
clang: warning: argument unused during compilation: '-fno-builtin-isnan'
INFO: [APCC 202-3] Tmp directory is /tmp/apcc_db_ubuntu/312511709568685989376
INFO: [APCC 202-1] APCC is done.
INFO: [HLS 200-112] Total CPU user time: 2.57 seconds. Total CPU system time: 0.63 seconds. Total elapsed time: 3.35 seconds; peak allocated memory: 19.359 MB.
   Compiling (apcc) keygen.c_pre.c.tb.c
INFO: [HLS 200-10] Running '/tools/Xilinx/Vitis_HLS/2022.1/bin/unwrapped/lnx64.o/apcc'
INFO: [HLS 200-10] For user 'ubuntu' on host 'ubuntu2004.linuxvmimages.local' (Linux_x86_64 version 5.15.0-97-generic) on Mon Mar 04 11:11:30 EST 2024
INFO: [HLS 200-10] On os Ubuntu 20.04.4 LTS
INFO: [HLS 200-10] In directory '/home/ubuntu/falconlab/hls_ip/solution1/sim/wrapc'
clang: warning: argument unused during compilation: '-fno-builtin-isinf'
clang: warning: argument unused during compilation: '-fno-builtin-isnan'
INFO: [APCC 202-3] Tmp directory is /tmp/apcc_db_ubuntu/313121709568690297080
INFO: [APCC 202-1] APCC is done.
INFO: [HLS 200-112] Total CPU user time: 8.25 seconds. Total CPU system time: 0.74 seconds. Total elapsed time: 9.1 seconds; peak allocated memory: 19.363 MB.
   Compiling apatb_keygen_ir.ll
   Generating cosim.tv.exe
